First Layout: /openlane/designs/core_cells/runs/SUN3/results/signoff/core_cells.gds
Second Layout: /openlane/designs/core_cells/runs/SUN3/results/signoff/core_cells.klayout.gds
Design Name: core_cells
Output GDS will be: /openlane/designs/core_cells/runs/SUN3/reports/signoff/core_cells.xor.xml
Reading /openlane/designs/core_cells/runs/SUN3/results/signoff/core_cells.gds ..
Reading /openlane/designs/core_cells/runs/SUN3/results/signoff/core_cells.klayout.gds ..
--- Running XOR for 122/16 ---
"input" in: xor.drc:38
    Polygons (raw): 19087 (flat)  27 (hierarchical)
    Elapsed: 0.000s  Memory: 375.00M
"input" in: xor.drc:38
    Polygons (raw): 38148 (flat)  49 (hierarchical)
    Elapsed: 0.000s  Memory: 375.00M
"^" in: xor.drc:38
    Polygons (raw): 0 (flat)  0 (hierarchical)
    Elapsed: 0.140s  Memory: 376.00M
XOR differences: 0
"output" in: xor.drc:40
    Polygons (raw): 0 (flat)  0 (hierarchical)
    Elapsed: 0.000s  Memory: 376.00M
--- Running XOR for 235/4 ---
"input" in: xor.drc:38
    Polygons (raw): 3 (flat)  2 (hierarchical)
    Elapsed: 0.000s  Memory: 376.00M
"input" in: xor.drc:38
    Polygons (raw): 3 (flat)  2 (hierarchical)
    Elapsed: 0.000s  Memory: 376.00M
"^" in: xor.drc:38
    Polygons (raw): 0 (flat)  0 (hierarchical)
    Elapsed: 0.010s  Memory: 376.00M
XOR differences: 0
"output" in: xor.drc:40
    Polygons (raw): 0 (flat)  0 (hierarchical)
    Elapsed: 0.000s  Memory: 376.00M
--- Running XOR for 236/0 ---
"input" in: xor.drc:38
    Polygons (raw): 16057 (flat)  22 (hierarchical)
    Elapsed: 0.000s  Memory: 376.00M
"input" in: xor.drc:38
    Polygons (raw): 32088 (flat)  39 (hierarchical)
    Elapsed: 0.000s  Memory: 376.00M
"^" in: xor.drc:38
    Polygons (raw): 0 (flat)  0 (hierarchical)
    Elapsed: 0.130s  Memory: 388.00M
XOR differences: 0
"output" in: xor.drc:40
    Polygons (raw): 0 (flat)  0 (hierarchical)
    Elapsed: 0.000s  Memory: 388.00M
--- Running XOR for 64/16 ---
"input" in: xor.drc:38
    Polygons (raw): 19087 (flat)  27 (hierarchical)
    Elapsed: 0.000s  Memory: 388.00M
"input" in: xor.drc:38
    Polygons (raw): 38148 (flat)  49 (hierarchical)
    Elapsed: 0.000s  Memory: 388.00M
"^" in: xor.drc:38
    Polygons (raw): 0 (flat)  0 (hierarchical)
    Elapsed: 0.140s  Memory: 388.00M
XOR differences: 0
"output" in: xor.drc:40
    Polygons (raw): 0 (flat)  0 (hierarchical)
    Elapsed: 0.000s  Memory: 388.00M
--- Running XOR for 64/20 ---
"input" in: xor.drc:38
    Polygons (raw): 22062 (flat)  25 (hierarchical)
    Elapsed: 0.000s  Memory: 388.00M
"input" in: xor.drc:38
    Polygons (raw): 44098 (flat)  45 (hierarchical)
    Elapsed: 0.000s  Memory: 388.00M
"^" in: xor.drc:38
    Polygons (raw): 0 (flat)  0 (hierarchical)
    Elapsed: 0.230s  Memory: 401.00M
XOR differences: 0
"output" in: xor.drc:40
    Polygons (raw): 0 (flat)  0 (hierarchical)
    Elapsed: 0.000s  Memory: 401.00M
--- Running XOR for 64/5 ---
"input" in: xor.drc:38
    Polygons (raw): 0 (flat)  0 (hierarchical)
    Elapsed: 0.000s  Memory: 401.00M
"input" in: xor.drc:38
    Polygons (raw): 0 (flat)  0 (hierarchical)
    Elapsed: 0.000s  Memory: 401.00M
"^" in: xor.drc:38
    Polygons (raw): 0 (flat)  0 (hierarchical)
    Elapsed: 0.030s  Memory: 401.00M
XOR differences: 0
"output" in: xor.drc:40
    Polygons (raw): 0 (flat)  0 (hierarchical)
    Elapsed: 0.000s  Memory: 401.00M
--- Running XOR for 64/59 ---
"input" in: xor.drc:38
    Polygons (raw): 0 (flat)  0 (hierarchical)
    Elapsed: 0.000s  Memory: 401.00M
"input" in: xor.drc:38
    Polygons (raw): 0 (flat)  0 (hierarchical)
    Elapsed: 0.000s  Memory: 401.00M
"^" in: xor.drc:38
    Polygons (raw): 0 (flat)  0 (hierarchical)
    Elapsed: 0.040s  Memory: 401.00M
XOR differences: 0
"output" in: xor.drc:40
    Polygons (raw): 0 (flat)  0 (hierarchical)
    Elapsed: 0.000s  Memory: 401.00M
--- Running XOR for 65/20 ---
"input" in: xor.drc:38
    Polygons (raw): 32136 (flat)  54 (hierarchical)
    Elapsed: 0.000s  Memory: 401.00M
"input" in: xor.drc:38
    Polygons (raw): 64240 (flat)  97 (hierarchical)
    Elapsed: 0.000s  Memory: 401.00M
"^" in: xor.drc:38
    Polygons (raw): 0 (flat)  0 (hierarchical)
    Elapsed: 0.180s  Memory: 401.00M
XOR differences: 0
"output" in: xor.drc:40
    Polygons (raw): 0 (flat)  0 (hierarchical)
    Elapsed: 0.000s  Memory: 401.00M
--- Running XOR for 65/44 ---
"input" in: xor.drc:38
    Polygons (raw): 5986 (flat)  2 (hierarchical)
    Elapsed: 0.000s  Memory: 401.00M
"input" in: xor.drc:38
    Polygons (raw): 11972 (flat)  4 (hierarchical)
    Elapsed: 0.000s  Memory: 401.00M
"^" in: xor.drc:38
    Polygons (raw): 0 (flat)  0 (hierarchical)
    Elapsed: 0.040s  Memory: 401.00M
XOR differences: 0
"output" in: xor.drc:40
    Polygons (raw): 0 (flat)  0 (hierarchical)
    Elapsed: 0.000s  Memory: 401.00M
--- Running XOR for 66/20 ---
"input" in: xor.drc:38
    Polygons (raw): 32220 (flat)  86 (hierarchical)
    Elapsed: 0.000s  Memory: 401.00M
"input" in: xor.drc:38
    Polygons (raw): 64424 (flat)  156 (hierarchical)
    Elapsed: 0.010s  Memory: 401.00M
"^" in: xor.drc:38
    Polygons (raw): 0 (flat)  0 (hierarchical)
    Elapsed: 0.270s  Memory: 401.00M
XOR differences: 0
"output" in: xor.drc:40
    Polygons (raw): 0 (flat)  0 (hierarchical)
    Elapsed: 0.000s  Memory: 401.00M
--- Running XOR for 66/44 ---
"input" in: xor.drc:38
    Polygons (raw): 120515 (flat)  468 (hierarchical)
    Elapsed: 0.000s  Memory: 401.00M
"input" in: xor.drc:38
    Polygons (raw): 240859 (flat)  849 (hierarchical)
    Elapsed: 0.000s  Memory: 401.00M
"^" in: xor.drc:38
    Polygons (raw): 0 (flat)  0 (hierarchical)
    Elapsed: 0.610s  Memory: 401.00M
XOR differences: 0
"output" in: xor.drc:40
    Polygons (raw): 0 (flat)  0 (hierarchical)
    Elapsed: 0.000s  Memory: 401.00M
--- Running XOR for 67/16 ---
"input" in: xor.drc:38
    Polygons (raw): 645 (flat)  116 (hierarchical)
    Elapsed: 0.000s  Memory: 401.00M
"input" in: xor.drc:38
    Polygons (raw): 1000 (flat)  194 (hierarchical)
    Elapsed: 0.000s  Memory: 401.00M
"^" in: xor.drc:38
    Polygons (raw): 0 (flat)  0 (hierarchical)
    Elapsed: 0.010s  Memory: 401.00M
XOR differences: 0
"output" in: xor.drc:40
    Polygons (raw): 0 (flat)  0 (hierarchical)
    Elapsed: 0.000s  Memory: 401.00M
--- Running XOR for 67/20 ---
"input" in: xor.drc:38
    Polygons (raw): 98475 (flat)  272 (hierarchical)
    Elapsed: 0.000s  Memory: 401.00M
"input" in: xor.drc:38
    Polygons (raw): 196660 (flat)  335 (hierarchical)
    Elapsed: 0.000s  Memory: 401.00M
"^" in: xor.drc:38
    Polygons (raw): 0 (flat)  0 (hierarchical)
    Elapsed: 0.820s  Memory: 425.00M
XOR differences: 0
"output" in: xor.drc:40
    Polygons (raw): 0 (flat)  0 (hierarchical)
    Elapsed: 0.000s  Memory: 425.00M
--- Running XOR for 67/44 ---
"input" in: xor.drc:38
    Polygons (raw): 341861 (flat)  465 (hierarchical)
    Elapsed: 0.000s  Memory: 425.00M
"input" in: xor.drc:38
    Polygons (raw): 683385 (flat)  695 (hierarchical)
    Elapsed: 0.000s  Memory: 425.00M
"^" in: xor.drc:38
    Polygons (raw): 0 (flat)  0 (hierarchical)
    Elapsed: 1.590s  Memory: 425.00M
XOR differences: 0
"output" in: xor.drc:40
    Polygons (raw): 0 (flat)  0 (hierarchical)
    Elapsed: 0.000s  Memory: 425.00M
--- Running XOR for 67/5 ---
"input" in: xor.drc:38
    Polygons (raw): 0 (flat)  0 (hierarchical)
    Elapsed: 0.000s  Memory: 425.00M
"input" in: xor.drc:38
    Polygons (raw): 0 (flat)  0 (hierarchical)
    Elapsed: 0.000s  Memory: 425.00M
"^" in: xor.drc:38
    Polygons (raw): 0 (flat)  0 (hierarchical)
    Elapsed: 0.000s  Memory: 425.00M
XOR differences: 0
"output" in: xor.drc:40
    Polygons (raw): 0 (flat)  0 (hierarchical)
    Elapsed: 0.010s  Memory: 425.00M
--- Running XOR for 68/16 ---
"input" in: xor.drc:38
    Polygons (raw): 44136 (flat)  54 (hierarchical)
    Elapsed: 0.000s  Memory: 425.00M
"input" in: xor.drc:38
    Polygons (raw): 88220 (flat)  98 (hierarchical)
    Elapsed: 0.000s  Memory: 425.00M
"^" in: xor.drc:38
    Polygons (raw): 0 (flat)  0 (hierarchical)
    Elapsed: 0.270s  Memory: 425.00M
XOR differences: 0
"output" in: xor.drc:40
    Polygons (raw): 0 (flat)  0 (hierarchical)
    Elapsed: 0.000s  Memory: 425.00M
--- Running XOR for 68/20 ---
"input" in: xor.drc:38
    Polygons (raw): 45500 (flat)  1010 (hierarchical)
    Elapsed: 0.000s  Memory: 425.00M
"input" in: xor.drc:38
    Polygons (raw): 90065 (flat)  894 (hierarchical)
    Elapsed: 0.000s  Memory: 425.00M
"^" in: xor.drc:38
    Polygons (raw): 0 (flat)  0 (hierarchical)
    Elapsed: 0.370s  Memory: 462.00M
XOR differences: 0
"output" in: xor.drc:40
    Polygons (raw): 0 (flat)  0 (hierarchical)
    Elapsed: 0.000s  Memory: 462.00M
--- Running XOR for 68/44 ---
"input" in: xor.drc:38
    Polygons (raw): 7233 (flat)  6030 (hierarchical)
    Elapsed: 0.000s  Memory: 462.00M
"input" in: xor.drc:38
    Polygons (raw): 7233 (flat)  1217 (hierarchical)
    Elapsed: 0.000s  Memory: 462.00M
"^" in: xor.drc:38
    Polygons (raw): 0 (flat)  0 (hierarchical)
    Elapsed: 0.030s  Memory: 462.00M
XOR differences: 0
"output" in: xor.drc:40
    Polygons (raw): 0 (flat)  0 (hierarchical)
    Elapsed: 0.000s  Memory: 462.00M
--- Running XOR for 68/5 ---
"input" in: xor.drc:38
    Polygons (raw): 0 (flat)  0 (hierarchical)
    Elapsed: 0.010s  Memory: 462.00M
"input" in: xor.drc:38
    Polygons (raw): 0 (flat)  0 (hierarchical)
    Elapsed: 0.000s  Memory: 462.00M
"^" in: xor.drc:38
    Polygons (raw): 0 (flat)  0 (hierarchical)
    Elapsed: 0.040s  Memory: 462.00M
XOR differences: 0
"output" in: xor.drc:40
    Polygons (raw): 0 (flat)  0 (hierarchical)
    Elapsed: 0.000s  Memory: 462.00M
--- Running XOR for 69/16 ---
"input" in: xor.drc:38
    Polygons (raw): 12 (flat)  9 (hierarchical)
    Elapsed: 0.000s  Memory: 462.00M
"input" in: xor.drc:38
    Polygons (raw): 12 (flat)  9 (hierarchical)
    Elapsed: 0.000s  Memory: 462.00M
"^" in: xor.drc:38
    Polygons (raw): 0 (flat)  0 (hierarchical)
    Elapsed: 0.010s  Memory: 462.00M
XOR differences: 0
"output" in: xor.drc:40
    Polygons (raw): 0 (flat)  0 (hierarchical)
    Elapsed: 0.000s  Memory: 462.00M
--- Running XOR for 69/20 ---
"input" in: xor.drc:38
    Polygons (raw): 1392 (flat)  1021 (hierarchical)
    Elapsed: 0.000s  Memory: 462.00M
"input" in: xor.drc:38
    Polygons (raw): 2448 (flat)  957 (hierarchical)
    Elapsed: 0.000s  Memory: 462.00M
"^" in: xor.drc:38
    Polygons (raw): 6 (flat)  6 (hierarchical)
    Elapsed: 0.020s  Memory: 462.00M
XOR differences: 6
"output" in: xor.drc:40
    Polygons (raw): 6 (flat)  6 (hierarchical)
    Elapsed: 0.000s  Memory: 462.00M
--- Running XOR for 69/44 ---
"input" in: xor.drc:38
    Polygons (raw): 5524 (flat)  4624 (hierarchical)
    Elapsed: 0.000s  Memory: 462.00M
"input" in: xor.drc:38
    Polygons (raw): 5524 (flat)  911 (hierarchical)
    Elapsed: 0.000s  Memory: 462.00M
"^" in: xor.drc:38
    Polygons (raw): 0 (flat)  0 (hierarchical)
    Elapsed: 0.030s  Memory: 462.00M
XOR differences: 0
"output" in: xor.drc:40
    Polygons (raw): 0 (flat)  0 (hierarchical)
    Elapsed: 0.000s  Memory: 462.00M
--- Running XOR for 69/5 ---
"input" in: xor.drc:38
    Polygons (raw): 0 (flat)  0 (hierarchical)
    Elapsed: 0.000s  Memory: 462.00M
"input" in: xor.drc:38
    Polygons (raw): 0 (flat)  0 (hierarchical)
    Elapsed: 0.000s  Memory: 462.00M
"^" in: xor.drc:38
    Polygons (raw): 0 (flat)  0 (hierarchical)
    Elapsed: 0.000s  Memory: 462.00M
XOR differences: 0
"output" in: xor.drc:40
    Polygons (raw): 0 (flat)  0 (hierarchical)
    Elapsed: 0.010s  Memory: 462.00M
--- Running XOR for 70/16 ---
"input" in: xor.drc:38
    Polygons (raw): 10 (flat)  6 (hierarchical)
    Elapsed: 0.000s  Memory: 462.00M
"input" in: xor.drc:38
    Polygons (raw): 10 (flat)  6 (hierarchical)
    Elapsed: 0.000s  Memory: 462.00M
"^" in: xor.drc:38
    Polygons (raw): 0 (flat)  0 (hierarchical)
    Elapsed: 0.010s  Memory: 462.00M
XOR differences: 0
"output" in: xor.drc:40
    Polygons (raw): 0 (flat)  0 (hierarchical)
    Elapsed: 0.000s  Memory: 462.00M
--- Running XOR for 70/20 ---
"input" in: xor.drc:38
    Polygons (raw): 1072 (flat)  826 (hierarchical)
    Elapsed: 0.000s  Memory: 462.00M
"input" in: xor.drc:38
    Polygons (raw): 2118 (flat)  801 (hierarchical)
    Elapsed: 0.000s  Memory: 462.00M
"^" in: xor.drc:38
    Polygons (raw): 2 (flat)  2 (hierarchical)
    Elapsed: 0.010s  Memory: 462.00M
XOR differences: 2
"output" in: xor.drc:40
    Polygons (raw): 2 (flat)  2 (hierarchical)
    Elapsed: 0.000s  Memory: 462.00M
--- Running XOR for 70/44 ---
"input" in: xor.drc:38
    Polygons (raw): 5509 (flat)  4613 (hierarchical)
    Elapsed: 0.010s  Memory: 462.00M
"input" in: xor.drc:38
    Polygons (raw): 5509 (flat)  907 (hierarchical)
    Elapsed: 0.000s  Memory: 462.00M
"^" in: xor.drc:38
    Polygons (raw): 0 (flat)  0 (hierarchical)
    Elapsed: 0.020s  Memory: 462.00M
XOR differences: 0
"output" in: xor.drc:40
    Polygons (raw): 0 (flat)  0 (hierarchical)
    Elapsed: 0.000s  Memory: 462.00M
--- Running XOR for 70/5 ---
"input" in: xor.drc:38
    Polygons (raw): 0 (flat)  0 (hierarchical)
    Elapsed: 0.000s  Memory: 462.00M
"input" in: xor.drc:38
    Polygons (raw): 0 (flat)  0 (hierarchical)
    Elapsed: 0.010s  Memory: 462.00M
"^" in: xor.drc:38
    Polygons (raw): 0 (flat)  0 (hierarchical)
    Elapsed: 0.000s  Memory: 462.00M
XOR differences: 0
"output" in: xor.drc:40
    Polygons (raw): 0 (flat)  0 (hierarchical)
    Elapsed: 0.000s  Memory: 462.00M
--- Running XOR for 71/16 ---
"input" in: xor.drc:38
    Polygons (raw): 32 (flat)  24 (hierarchical)
    Elapsed: 0.000s  Memory: 462.00M
"input" in: xor.drc:38
    Polygons (raw): 32 (flat)  24 (hierarchical)
    Elapsed: 0.000s  Memory: 462.00M
"^" in: xor.drc:38
    Polygons (raw): 0 (flat)  0 (hierarchical)
    Elapsed: 0.020s  Memory: 462.00M
XOR differences: 0
"output" in: xor.drc:40
    Polygons (raw): 0 (flat)  0 (hierarchical)
    Elapsed: 0.000s  Memory: 462.00M
--- Running XOR for 71/20 ---
"input" in: xor.drc:38
    Polygons (raw): 54 (flat)  46 (hierarchical)
    Elapsed: 0.000s  Memory: 462.00M
"input" in: xor.drc:38
    Polygons (raw): 638 (flat)  31 (hierarchical)
    Elapsed: 0.000s  Memory: 462.00M
"^" in: xor.drc:38
    Polygons (raw): 0 (flat)  0 (hierarchical)
    Elapsed: 0.010s  Memory: 462.00M
XOR differences: 0
"output" in: xor.drc:40
    Polygons (raw): 0 (flat)  0 (hierarchical)
    Elapsed: 0.000s  Memory: 462.00M
--- Running XOR for 71/44 ---
"input" in: xor.drc:38
    Polygons (raw): 70 (flat)  70 (hierarchical)
    Elapsed: 0.010s  Memory: 462.00M
"input" in: xor.drc:38
    Polygons (raw): 70 (flat)  3 (hierarchical)
    Elapsed: 0.000s  Memory: 462.00M
"^" in: xor.drc:38
    Polygons (raw): 0 (flat)  0 (hierarchical)
    Elapsed: 0.010s  Memory: 462.00M
XOR differences: 0
"output" in: xor.drc:40
    Polygons (raw): 0 (flat)  0 (hierarchical)
    Elapsed: 0.000s  Memory: 462.00M
--- Running XOR for 71/5 ---
"input" in: xor.drc:38
    Polygons (raw): 0 (flat)  0 (hierarchical)
    Elapsed: 0.000s  Memory: 462.00M
"input" in: xor.drc:38
    Polygons (raw): 0 (flat)  0 (hierarchical)
    Elapsed: 0.000s  Memory: 462.00M
"^" in: xor.drc:38
    Polygons (raw): 0 (flat)  0 (hierarchical)
    Elapsed: 0.000s  Memory: 462.00M
XOR differences: 0
"output" in: xor.drc:40
    Polygons (raw): 0 (flat)  0 (hierarchical)
    Elapsed: 0.010s  Memory: 462.00M
--- Running XOR for 72/16 ---
"input" in: xor.drc:38
    Polygons (raw): 10 (flat)  10 (hierarchical)
    Elapsed: 0.000s  Memory: 462.00M
"input" in: xor.drc:38
    Polygons (raw): 10 (flat)  10 (hierarchical)
    Elapsed: 0.000s  Memory: 462.00M
"^" in: xor.drc:38
    Polygons (raw): 0 (flat)  0 (hierarchical)
    Elapsed: 0.010s  Memory: 462.00M
XOR differences: 0
"output" in: xor.drc:40
    Polygons (raw): 0 (flat)  0 (hierarchical)
    Elapsed: 0.000s  Memory: 462.00M
--- Running XOR for 72/20 ---
"input" in: xor.drc:38
    Polygons (raw): 12 (flat)  12 (hierarchical)
    Elapsed: 0.000s  Memory: 462.00M
"input" in: xor.drc:38
    Polygons (raw): 82 (flat)  15 (hierarchical)
    Elapsed: 0.000s  Memory: 462.00M
"^" in: xor.drc:38
    Polygons (raw): 0 (flat)  0 (hierarchical)
    Elapsed: 0.010s  Memory: 462.00M
XOR differences: 0
"output" in: xor.drc:40
    Polygons (raw): 0 (flat)  0 (hierarchical)
    Elapsed: 0.000s  Memory: 462.00M
--- Running XOR for 72/5 ---
"input" in: xor.drc:38
    Polygons (raw): 0 (flat)  0 (hierarchical)
    Elapsed: 0.010s  Memory: 462.00M
"input" in: xor.drc:38
    Polygons (raw): 0 (flat)  0 (hierarchical)
    Elapsed: 0.000s  Memory: 462.00M
"^" in: xor.drc:38
    Polygons (raw): 0 (flat)  0 (hierarchical)
    Elapsed: 0.000s  Memory: 462.00M
XOR differences: 0
"output" in: xor.drc:40
    Polygons (raw): 0 (flat)  0 (hierarchical)
    Elapsed: 0.000s  Memory: 462.00M
--- Running XOR for 78/44 ---
"input" in: xor.drc:38
    Polygons (raw): 22070 (flat)  27 (hierarchical)
    Elapsed: 0.000s  Memory: 462.00M
"input" in: xor.drc:38
    Polygons (raw): 44114 (flat)  49 (hierarchical)
    Elapsed: 0.010s  Memory: 462.00M
"^" in: xor.drc:38
    Polygons (raw): 0 (flat)  0 (hierarchical)
    Elapsed: 0.160s  Memory: 462.00M
XOR differences: 0
"output" in: xor.drc:40
    Polygons (raw): 0 (flat)  0 (hierarchical)
    Elapsed: 0.000s  Memory: 462.00M
--- Running XOR for 81/14 ---
"input" in: xor.drc:38
    Polygons (raw): 1 (flat)  1 (hierarchical)
    Elapsed: 0.000s  Memory: 462.00M
"input" in: xor.drc:38
    Polygons (raw): 0 (flat)  0 (hierarchical)
    Elapsed: 0.000s  Memory: 462.00M
"^" in: xor.drc:38
    Polygons (raw): 1 (flat)  1 (hierarchical)
    Elapsed: 0.000s  Memory: 462.00M
XOR differences: 1
"output" in: xor.drc:40
    Polygons (raw): 1 (flat)  1 (hierarchical)
    Elapsed: 0.010s  Memory: 462.00M
--- Running XOR for 81/23 ---
"input" in: xor.drc:38
    Polygons (raw): 22 (flat)  1 (hierarchical)
    Elapsed: 0.000s  Memory: 462.00M
"input" in: xor.drc:38
    Polygons (raw): 22 (flat)  1 (hierarchical)
    Elapsed: 0.000s  Memory: 462.00M
"^" in: xor.drc:38
    Polygons (raw): 0 (flat)  0 (hierarchical)
    Elapsed: 0.010s  Memory: 462.00M
XOR differences: 0
"output" in: xor.drc:40
    Polygons (raw): 0 (flat)  0 (hierarchical)
    Elapsed: 0.000s  Memory: 462.00M
--- Running XOR for 81/4 ---
"input" in: xor.drc:38
    Polygons (raw): 22062 (flat)  25 (hierarchical)
    Elapsed: 0.000s  Memory: 462.00M
"input" in: xor.drc:38
    Polygons (raw): 44098 (flat)  45 (hierarchical)
    Elapsed: 0.000s  Memory: 462.00M
"^" in: xor.drc:38
    Polygons (raw): 0 (flat)  0 (hierarchical)
    Elapsed: 0.170s  Memory: 462.00M
XOR differences: 0
"output" in: xor.drc:40
    Polygons (raw): 0 (flat)  0 (hierarchical)
    Elapsed: 0.010s  Memory: 462.00M
--- Running XOR for 83/44 ---
"input" in: xor.drc:38
    Polygons (raw): 0 (flat)  0 (hierarchical)
    Elapsed: 0.000s  Memory: 462.00M
"input" in: xor.drc:38
    Polygons (raw): 0 (flat)  0 (hierarchical)
    Elapsed: 0.000s  Memory: 462.00M
"^" in: xor.drc:38
    Polygons (raw): 0 (flat)  0 (hierarchical)
    Elapsed: 0.040s  Memory: 462.00M
XOR differences: 0
"output" in: xor.drc:40
    Polygons (raw): 0 (flat)  0 (hierarchical)
    Elapsed: 0.000s  Memory: 462.00M
--- Running XOR for 93/44 ---
"input" in: xor.drc:38
    Polygons (raw): 25055 (flat)  26 (hierarchical)
    Elapsed: 0.000s  Memory: 462.00M
"input" in: xor.drc:38
    Polygons (raw): 50084 (flat)  47 (hierarchical)
    Elapsed: 0.000s  Memory: 462.00M
"^" in: xor.drc:38
    Polygons (raw): 0 (flat)  0 (hierarchical)
    Elapsed: 0.210s  Memory: 462.00M
XOR differences: 0
"output" in: xor.drc:40
    Polygons (raw): 0 (flat)  0 (hierarchical)
    Elapsed: 0.000s  Memory: 462.00M
--- Running XOR for 94/20 ---
"input" in: xor.drc:38
    Polygons (raw): 25055 (flat)  26 (hierarchical)
    Elapsed: 0.010s  Memory: 462.00M
"input" in: xor.drc:38
    Polygons (raw): 50084 (flat)  47 (hierarchical)
    Elapsed: 0.000s  Memory: 462.00M
"^" in: xor.drc:38
    Polygons (raw): 0 (flat)  0 (hierarchical)
    Elapsed: 0.220s  Memory: 462.00M
XOR differences: 0
"output" in: xor.drc:40
    Polygons (raw): 0 (flat)  0 (hierarchical)
    Elapsed: 0.000s  Memory: 462.00M
--- Running XOR for 95/20 ---
"input" in: xor.drc:38
    Polygons (raw): 16038 (flat)  23 (hierarchical)
    Elapsed: 0.000s  Memory: 462.00M
"input" in: xor.drc:38
    Polygons (raw): 32071 (flat)  41 (hierarchical)
    Elapsed: 0.000s  Memory: 462.00M
"^" in: xor.drc:38
    Polygons (raw): 0 (flat)  0 (hierarchical)
    Elapsed: 0.140s  Memory: 462.00M
XOR differences: 0
"output" in: xor.drc:40
    Polygons (raw): 0 (flat)  0 (hierarchical)
    Elapsed: 0.000s  Memory: 462.00M
Writing report database: /openlane/designs/core_cells/runs/SUN3/reports/signoff/core_cells.xor.xml ..
Total elapsed: 6.360s  Memory: 462.00M
