OpenROAD 79a46b62da64bbebc18f06b20c42211046de719a 
This program is licensed under the BSD-3 license. See the LICENSE file for details.
Components of this program may be licensed under more restrictive licenses which must be honored.
[INFO ODB-0222] Reading LEF file: /openlane/designs/counter/runs/SUN1/tmp/merged.unpadded.nom.lef
[INFO ODB-0223]     Created 13 technology layers
[INFO ODB-0224]     Created 25 technology vias
[INFO ODB-0225]     Created 441 library cells
[INFO ODB-0226] Finished LEF file:  /openlane/designs/counter/runs/SUN1/tmp/merged.unpadded.nom.lef
[INFO ODB-0127] Reading DEF file: /openlane/designs/counter/runs/SUN1/results/floorplan/counter.def
[INFO ODB-0128] Design: counter
[INFO ODB-0130]     Created 7 pins.
[INFO ODB-0131]     Created 266 components and 832 component-terminals.
[INFO ODB-0133]     Created 17 nets and 52 connections.
[INFO ODB-0134] Finished DEF file: /openlane/designs/counter/runs/SUN1/results/floorplan/counter.def
[INFO PDN-0001] Inserting grid: stdcell_grid
[WARNING PSM-0016] Voltage pad location (VSRC) file not specified, defaulting pad location to checkerboard pattern on core area.
[WARNING PSM-0017] X direction bump pitch is not specified, defaulting to 140um.
[WARNING PSM-0018] Y direction bump pitch is not specified, defaulting to 140um.
[WARNING PSM-0019] Voltage on net vccd1 is not explicitly set.
[WARNING PSM-0022] Using voltage 1.800V for VDD network.
[WARNING PSM-0063] Specified bump pitches of 140.000 and 140.000 are less than core width of 75.440 or core height of 149.600. Changing bump location to the center of the die at (43.240, 85.680).
[WARNING PSM-0065] VSRC location not specified, using default checkerboard pattern with one VDD every size bumps in x-direction and one in two bumps in the y-direction
[WARNING PSM-0030] VSRC location at (43.240um, 85.680um) and size 10.000um, is not located on an existing power stripe node. Moving to closest node at (33.810um, 84.320um).
[INFO PSM-0031] Number of PDN nodes on net vccd1 = 1184.
[INFO PSM-0064] Number of voltage sources = 1.
[INFO PSM-0040] All PDN stripes on net vccd1 are connected.
[WARNING PSM-0016] Voltage pad location (VSRC) file not specified, defaulting pad location to checkerboard pattern on core area.
[WARNING PSM-0017] X direction bump pitch is not specified, defaulting to 140um.
[WARNING PSM-0018] Y direction bump pitch is not specified, defaulting to 140um.
[WARNING PSM-0019] Voltage on net vssd1 is not explicitly set.
[WARNING PSM-0021] Using voltage 0.000V for ground network.
[WARNING PSM-0063] Specified bump pitches of 140.000 and 140.000 are less than core width of 75.440 or core height of 149.600. Changing bump location to the center of the die at (43.240, 85.680).
[WARNING PSM-0065] VSRC location not specified, using default checkerboard pattern with one VDD every size bumps in x-direction and one in two bumps in the y-direction
[INFO PSM-0031] Number of PDN nodes on net vssd1 = 1212.
[INFO PSM-0064] Number of voltage sources = 1.
[INFO PSM-0040] All PDN stripes on net vssd1 are connected.
[INFO]: Setting RC values...
[INFO PSM-0002] Output voltage file is specified as: /openlane/designs/counter/runs/SUN1/tmp/floorplan/6-pdn.pga.rpt.
[WARNING PSM-0016] Voltage pad location (VSRC) file not specified, defaulting pad location to checkerboard pattern on core area.
[WARNING PSM-0017] X direction bump pitch is not specified, defaulting to 140um.
[WARNING PSM-0018] Y direction bump pitch is not specified, defaulting to 140um.
[WARNING PSM-0019] Voltage on net vccd1 is not explicitly set.
[WARNING PSM-0022] Using voltage 1.800V for VDD network.
[WARNING PSM-0063] Specified bump pitches of 140.000 and 140.000 are less than core width of 75.440 or core height of 149.600. Changing bump location to the center of the die at (43.240, 85.680).
[WARNING PSM-0065] VSRC location not specified, using default checkerboard pattern with one VDD every size bumps in x-direction and one in two bumps in the y-direction
[WARNING PSM-0030] VSRC location at (43.240um, 85.680um) and size 10.000um, is not located on an existing power stripe node. Moving to closest node at (33.810um, 84.320um).
[INFO PSM-0031] Number of PDN nodes on net vccd1 = 1184.
[WARNING PSM-0071] Instance _10_ is not placed. Therefore, the power drawn by this instance is not considered for IR  drop estimation. Please run analyze_power_grid after instances are placed.
[WARNING PSM-0071] Instance _11_ is not placed. Therefore, the power drawn by this instance is not considered for IR  drop estimation. Please run analyze_power_grid after instances are placed.
[WARNING PSM-0071] Instance _12_ is not placed. Therefore, the power drawn by this instance is not considered for IR  drop estimation. Please run analyze_power_grid after instances are placed.
[WARNING PSM-0071] Instance _13_ is not placed. Therefore, the power drawn by this instance is not considered for IR  drop estimation. Please run analyze_power_grid after instances are placed.
[WARNING PSM-0071] Instance _14_ is not placed. Therefore, the power drawn by this instance is not considered for IR  drop estimation. Please run analyze_power_grid after instances are placed.
[WARNING PSM-0071] Instance _15_ is not placed. Therefore, the power drawn by this instance is not considered for IR  drop estimation. Please run analyze_power_grid after instances are placed.
[WARNING PSM-0071] Instance _16_ is not placed. Therefore, the power drawn by this instance is not considered for IR  drop estimation. Please run analyze_power_grid after instances are placed.
[WARNING PSM-0071] Instance _17_ is not placed. Therefore, the power drawn by this instance is not considered for IR  drop estimation. Please run analyze_power_grid after instances are placed.
[WARNING PSM-0071] Instance _18_ is not placed. Therefore, the power drawn by this instance is not considered for IR  drop estimation. Please run analyze_power_grid after instances are placed.
[WARNING PSM-0071] Instance _19_ is not placed. Therefore, the power drawn by this instance is not considered for IR  drop estimation. Please run analyze_power_grid after instances are placed.
[WARNING PSM-0071] Instance _20_ is not placed. Therefore, the power drawn by this instance is not considered for IR  drop estimation. Please run analyze_power_grid after instances are placed.
[WARNING PSM-0071] Instance _21_ is not placed. Therefore, the power drawn by this instance is not considered for IR  drop estimation. Please run analyze_power_grid after instances are placed.
[WARNING PSM-0071] Instance _22_ is not placed. Therefore, the power drawn by this instance is not considered for IR  drop estimation. Please run analyze_power_grid after instances are placed.
[WARNING PSM-0071] Instance _23_ is not placed. Therefore, the power drawn by this instance is not considered for IR  drop estimation. Please run analyze_power_grid after instances are placed.
[INFO PSM-0064] Number of voltage sources = 1.
[INFO PSM-0040] All PDN stripes on net vccd1 are connected.
########## IR report #################
Worstcase voltage: 1.80e+00 V
Average IR drop  : 1.68e-10 V
Worstcase IR drop: 2.19e-10 V
######################################
