
===========================================================================
report_checks -path_delay max (Setup)
============================================================================
Startpoint: _20_ (rising edge-triggered flip-flop clocked by clk)
Endpoint: out[0] (output port clocked by clk)
Path Group: clk
Path Type: max

Fanout     Cap    Slew   Delay    Time   Description
-----------------------------------------------------------------------------
                          0.00    0.00   clock clk (rise edge)
                          0.00    0.00   clock source latency
                  0.08    0.06    0.06 ^ clk (in)
     1    0.02                           clk (net)
                  0.08    0.00    0.06 ^ clkbuf_0_clk/A (sky130_fd_sc_hd__clkbuf_16)
                  0.04    0.14    0.20 ^ clkbuf_0_clk/X (sky130_fd_sc_hd__clkbuf_16)
     2    0.02                           clknet_0_clk (net)
                  0.04    0.00    0.20 ^ clkbuf_1_1__f_clk/A (sky130_fd_sc_hd__clkbuf_16)
                  0.03    0.12    0.32 ^ clkbuf_1_1__f_clk/X (sky130_fd_sc_hd__clkbuf_16)
     2    0.01                           clknet_1_1__leaf_clk (net)
                  0.03    0.00    0.32 ^ _20_/CLK (sky130_fd_sc_hd__dfxtp_1)
                  0.20    0.43    0.75 ^ _20_/Q (sky130_fd_sc_hd__dfxtp_1)
     4    0.02                           net3 (net)
                  0.20    0.00    0.75 ^ repeater7/A (sky130_fd_sc_hd__clkbuf_2)
                  0.10    0.20    0.95 ^ repeater7/X (sky130_fd_sc_hd__clkbuf_2)
     3    0.02                           net7 (net)
                  0.10    0.00    0.95 ^ output3/A (sky130_fd_sc_hd__buf_2)
                  0.17    0.23    1.18 ^ output3/X (sky130_fd_sc_hd__buf_2)
     1    0.03                           out[0] (net)
                  0.17    0.00    1.18 ^ out[0] (out)
                                  1.18   data arrival time

                         10.00   10.00   clock clk (rise edge)
                          0.00   10.00   clock network delay (propagated)
                         -0.25    9.75   clock uncertainty
                          0.00    9.75   clock reconvergence pessimism
                         -2.00    7.75   output external delay
                                  7.75   data required time
-----------------------------------------------------------------------------
                                  7.75   data required time
                                 -1.18   data arrival time
-----------------------------------------------------------------------------
                                  6.57   slack (MET)


Startpoint: _21_ (rising edge-triggered flip-flop clocked by clk)
Endpoint: out[1] (output port clocked by clk)
Path Group: clk
Path Type: max

Fanout     Cap    Slew   Delay    Time   Description
-----------------------------------------------------------------------------
                          0.00    0.00   clock clk (rise edge)
                          0.00    0.00   clock source latency
                  0.08    0.06    0.06 ^ clk (in)
     1    0.02                           clk (net)
                  0.08    0.00    0.06 ^ clkbuf_0_clk/A (sky130_fd_sc_hd__clkbuf_16)
                  0.04    0.14    0.20 ^ clkbuf_0_clk/X (sky130_fd_sc_hd__clkbuf_16)
     2    0.02                           clknet_0_clk (net)
                  0.04    0.00    0.20 ^ clkbuf_1_0__f_clk/A (sky130_fd_sc_hd__clkbuf_16)
                  0.03    0.12    0.32 ^ clkbuf_1_0__f_clk/X (sky130_fd_sc_hd__clkbuf_16)
     2    0.01                           clknet_1_0__leaf_clk (net)
                  0.03    0.00    0.32 ^ _21_/CLK (sky130_fd_sc_hd__dfxtp_2)
                  0.16    0.42    0.74 ^ _21_/Q (sky130_fd_sc_hd__dfxtp_2)
     4    0.03                           net4 (net)
                  0.16    0.00    0.74 ^ output4/A (sky130_fd_sc_hd__buf_2)
                  0.17    0.25    0.99 ^ output4/X (sky130_fd_sc_hd__buf_2)
     1    0.03                           out[1] (net)
                  0.17    0.00    0.99 ^ out[1] (out)
                                  0.99   data arrival time

                         10.00   10.00   clock clk (rise edge)
                          0.00   10.00   clock network delay (propagated)
                         -0.25    9.75   clock uncertainty
                          0.00    9.75   clock reconvergence pessimism
                         -2.00    7.75   output external delay
                                  7.75   data required time
-----------------------------------------------------------------------------
                                  7.75   data required time
                                 -0.99   data arrival time
-----------------------------------------------------------------------------
                                  6.76   slack (MET)


Startpoint: _22_ (rising edge-triggered flip-flop clocked by clk)
Endpoint: out[2] (output port clocked by clk)
Path Group: clk
Path Type: max

Fanout     Cap    Slew   Delay    Time   Description
-----------------------------------------------------------------------------
                          0.00    0.00   clock clk (rise edge)
                          0.00    0.00   clock source latency
                  0.08    0.06    0.06 ^ clk (in)
     1    0.02                           clk (net)
                  0.08    0.00    0.06 ^ clkbuf_0_clk/A (sky130_fd_sc_hd__clkbuf_16)
                  0.04    0.14    0.20 ^ clkbuf_0_clk/X (sky130_fd_sc_hd__clkbuf_16)
     2    0.02                           clknet_0_clk (net)
                  0.04    0.00    0.20 ^ clkbuf_1_1__f_clk/A (sky130_fd_sc_hd__clkbuf_16)
                  0.03    0.12    0.32 ^ clkbuf_1_1__f_clk/X (sky130_fd_sc_hd__clkbuf_16)
     2    0.01                           clknet_1_1__leaf_clk (net)
                  0.03    0.00    0.32 ^ _22_/CLK (sky130_fd_sc_hd__dfxtp_1)
                  0.16    0.40    0.72 ^ _22_/Q (sky130_fd_sc_hd__dfxtp_1)
     3    0.02                           net5 (net)
                  0.16    0.00    0.72 ^ output5/A (sky130_fd_sc_hd__buf_2)
                  0.17    0.25    0.97 ^ output5/X (sky130_fd_sc_hd__buf_2)
     1    0.03                           out[2] (net)
                  0.17    0.00    0.97 ^ out[2] (out)
                                  0.97   data arrival time

                         10.00   10.00   clock clk (rise edge)
                          0.00   10.00   clock network delay (propagated)
                         -0.25    9.75   clock uncertainty
                          0.00    9.75   clock reconvergence pessimism
                         -2.00    7.75   output external delay
                                  7.75   data required time
-----------------------------------------------------------------------------
                                  7.75   data required time
                                 -0.97   data arrival time
-----------------------------------------------------------------------------
                                  6.78   slack (MET)


Startpoint: _23_ (rising edge-triggered flip-flop clocked by clk)
Endpoint: out[3] (output port clocked by clk)
Path Group: clk
Path Type: max

Fanout     Cap    Slew   Delay    Time   Description
-----------------------------------------------------------------------------
                          0.00    0.00   clock clk (rise edge)
                          0.00    0.00   clock source latency
                  0.08    0.06    0.06 ^ clk (in)
     1    0.02                           clk (net)
                  0.08    0.00    0.06 ^ clkbuf_0_clk/A (sky130_fd_sc_hd__clkbuf_16)
                  0.04    0.14    0.20 ^ clkbuf_0_clk/X (sky130_fd_sc_hd__clkbuf_16)
     2    0.02                           clknet_0_clk (net)
                  0.04    0.00    0.20 ^ clkbuf_1_0__f_clk/A (sky130_fd_sc_hd__clkbuf_16)
                  0.03    0.12    0.32 ^ clkbuf_1_0__f_clk/X (sky130_fd_sc_hd__clkbuf_16)
     2    0.01                           clknet_1_0__leaf_clk (net)
                  0.03    0.00    0.32 ^ _23_/CLK (sky130_fd_sc_hd__dfxtp_2)
                  0.14    0.40    0.72 ^ _23_/Q (sky130_fd_sc_hd__dfxtp_2)
     3    0.03                           net6 (net)
                  0.14    0.00    0.72 ^ output6/A (sky130_fd_sc_hd__buf_2)
                  0.17    0.24    0.97 ^ output6/X (sky130_fd_sc_hd__buf_2)
     1    0.03                           out[3] (net)
                  0.17    0.00    0.97 ^ out[3] (out)
                                  0.97   data arrival time

                         10.00   10.00   clock clk (rise edge)
                          0.00   10.00   clock network delay (propagated)
                         -0.25    9.75   clock uncertainty
                          0.00    9.75   clock reconvergence pessimism
                         -2.00    7.75   output external delay
                                  7.75   data required time
-----------------------------------------------------------------------------
                                  7.75   data required time
                                 -0.97   data arrival time
-----------------------------------------------------------------------------
                                  6.78   slack (MET)


Startpoint: enable (input port clocked by clk)
Endpoint: _23_ (rising edge-triggered flip-flop clocked by clk)
Path Group: clk
Path Type: max

Fanout     Cap    Slew   Delay    Time   Description
-----------------------------------------------------------------------------
                          0.00    0.00   clock clk (rise edge)
                          0.00    0.00   clock network delay (propagated)
                          2.00    2.00 v input external delay
                  0.01    0.00    2.00 v enable (in)
     1    0.00                           enable (net)
                  0.01    0.00    2.00 v input1/A (sky130_fd_sc_hd__buf_2)
                  0.09    0.17    2.18 v input1/X (sky130_fd_sc_hd__buf_2)
     5    0.03                           net1 (net)
                  0.09    0.00    2.18 v _15_/A (sky130_fd_sc_hd__and4_2)
                  0.08    0.26    2.44 v _15_/X (sky130_fd_sc_hd__and4_2)
     3    0.02                           _07_ (net)
                  0.08    0.00    2.44 v _18_/A2 (sky130_fd_sc_hd__a21oi_2)
                  0.17    0.22    2.66 ^ _18_/Y (sky130_fd_sc_hd__a21oi_2)
     1    0.01                           _09_ (net)
                  0.17    0.00    2.66 ^ _19_/B1 (sky130_fd_sc_hd__o21a_1)
                  0.11    0.21    2.86 ^ _19_/X (sky130_fd_sc_hd__o21a_1)
     1    0.01                           _03_ (net)
                  0.11    0.00    2.86 ^ _23_/D (sky130_fd_sc_hd__dfxtp_2)
                                  2.86   data arrival time

                         10.00   10.00   clock clk (rise edge)
                          0.00   10.00   clock source latency
                  0.08    0.05   10.05 ^ clk (in)
     1    0.02                           clk (net)
                  0.08    0.00   10.05 ^ clkbuf_0_clk/A (sky130_fd_sc_hd__clkbuf_16)
                  0.04    0.13   10.18 ^ clkbuf_0_clk/X (sky130_fd_sc_hd__clkbuf_16)
     2    0.02                           clknet_0_clk (net)
                  0.04    0.00   10.18 ^ clkbuf_1_0__f_clk/A (sky130_fd_sc_hd__clkbuf_16)
                  0.03    0.11   10.29 ^ clkbuf_1_0__f_clk/X (sky130_fd_sc_hd__clkbuf_16)
     2    0.01                           clknet_1_0__leaf_clk (net)
                  0.03    0.00   10.29 ^ _23_/CLK (sky130_fd_sc_hd__dfxtp_2)
                         -0.25   10.04   clock uncertainty
                          0.00   10.04   clock reconvergence pessimism
                         -0.08    9.96   library setup time
                                  9.96   data required time
-----------------------------------------------------------------------------
                                  9.96   data required time
                                 -2.86   data arrival time
-----------------------------------------------------------------------------
                                  7.10   slack (MET)


