First Layout: /openlane/designs/counter/runs/SUN1/results/signoff/counter.gds
Second Layout: /openlane/designs/counter/runs/SUN1/results/signoff/counter.klayout.gds
Design Name: counter
Output GDS will be: /openlane/designs/counter/runs/SUN1/reports/signoff/counter.xor.xml
Reading /openlane/designs/counter/runs/SUN1/results/signoff/counter.gds ..
Reading /openlane/designs/counter/runs/SUN1/results/signoff/counter.klayout.gds ..
--- Running XOR for 122/16 ---
"input" in: xor.drc:38
    Polygons (raw): 1042 (flat)  22 (hierarchical)
    Elapsed: 0.000s  Memory: 347.00M
"input" in: xor.drc:38
    Polygons (raw): 1042 (flat)  22 (hierarchical)
    Elapsed: 0.000s  Memory: 347.00M
"^" in: xor.drc:38
    Polygons (raw): 0 (flat)  0 (hierarchical)
    Elapsed: 0.010s  Memory: 347.00M
XOR differences: 0
"output" in: xor.drc:40
    Polygons (raw): 0 (flat)  0 (hierarchical)
    Elapsed: 0.000s  Memory: 347.00M
--- Running XOR for 235/4 ---
"input" in: xor.drc:38
    Polygons (raw): 1 (flat)  1 (hierarchical)
    Elapsed: 0.000s  Memory: 347.00M
"input" in: xor.drc:38
    Polygons (raw): 1 (flat)  1 (hierarchical)
    Elapsed: 0.000s  Memory: 347.00M
"^" in: xor.drc:38
    Polygons (raw): 0 (flat)  0 (hierarchical)
    Elapsed: 0.000s  Memory: 347.00M
XOR differences: 0
"output" in: xor.drc:40
    Polygons (raw): 0 (flat)  0 (hierarchical)
    Elapsed: 0.010s  Memory: 347.00M
--- Running XOR for 236/0 ---
"input" in: xor.drc:38
    Polygons (raw): 895 (flat)  17 (hierarchical)
    Elapsed: 0.000s  Memory: 347.00M
"input" in: xor.drc:38
    Polygons (raw): 895 (flat)  17 (hierarchical)
    Elapsed: 0.000s  Memory: 347.00M
"^" in: xor.drc:38
    Polygons (raw): 0 (flat)  0 (hierarchical)
    Elapsed: 0.000s  Memory: 347.00M
XOR differences: 0
"output" in: xor.drc:40
    Polygons (raw): 0 (flat)  0 (hierarchical)
    Elapsed: 0.010s  Memory: 347.00M
--- Running XOR for 64/16 ---
"input" in: xor.drc:38
    Polygons (raw): 1042 (flat)  22 (hierarchical)
    Elapsed: 0.000s  Memory: 347.00M
"input" in: xor.drc:38
    Polygons (raw): 1042 (flat)  22 (hierarchical)
    Elapsed: 0.000s  Memory: 347.00M
"^" in: xor.drc:38
    Polygons (raw): 0 (flat)  0 (hierarchical)
    Elapsed: 0.000s  Memory: 347.00M
XOR differences: 0
"output" in: xor.drc:40
    Polygons (raw): 0 (flat)  0 (hierarchical)
    Elapsed: 0.010s  Memory: 347.00M
--- Running XOR for 64/20 ---
"input" in: xor.drc:38
    Polygons (raw): 1177 (flat)  20 (hierarchical)
    Elapsed: 0.000s  Memory: 347.00M
"input" in: xor.drc:38
    Polygons (raw): 1177 (flat)  20 (hierarchical)
    Elapsed: 0.000s  Memory: 347.00M
"^" in: xor.drc:38
    Polygons (raw): 0 (flat)  0 (hierarchical)
    Elapsed: 0.010s  Memory: 348.00M
XOR differences: 0
"output" in: xor.drc:40
    Polygons (raw): 0 (flat)  0 (hierarchical)
    Elapsed: 0.000s  Memory: 348.00M
--- Running XOR for 64/5 ---
"input" in: xor.drc:38
    Polygons (raw): 0 (flat)  0 (hierarchical)
    Elapsed: 0.000s  Memory: 348.00M
"input" in: xor.drc:38
    Polygons (raw): 0 (flat)  0 (hierarchical)
    Elapsed: 0.000s  Memory: 348.00M
"^" in: xor.drc:38
    Polygons (raw): 0 (flat)  0 (hierarchical)
    Elapsed: 0.000s  Memory: 348.00M
XOR differences: 0
"output" in: xor.drc:40
    Polygons (raw): 0 (flat)  0 (hierarchical)
    Elapsed: 0.000s  Memory: 348.00M
--- Running XOR for 64/59 ---
"input" in: xor.drc:38
    Polygons (raw): 0 (flat)  0 (hierarchical)
    Elapsed: 0.000s  Memory: 348.00M
"input" in: xor.drc:38
    Polygons (raw): 0 (flat)  0 (hierarchical)
    Elapsed: 0.000s  Memory: 348.00M
"^" in: xor.drc:38
    Polygons (raw): 0 (flat)  0 (hierarchical)
    Elapsed: 0.000s  Memory: 348.00M
XOR differences: 0
"output" in: xor.drc:40
    Polygons (raw): 0 (flat)  0 (hierarchical)
    Elapsed: 0.000s  Memory: 348.00M
--- Running XOR for 65/20 ---
"input" in: xor.drc:38
    Polygons (raw): 1809 (flat)  43 (hierarchical)
    Elapsed: 0.000s  Memory: 348.00M
"input" in: xor.drc:38
    Polygons (raw): 1809 (flat)  43 (hierarchical)
    Elapsed: 0.000s  Memory: 348.00M
"^" in: xor.drc:38
    Polygons (raw): 0 (flat)  0 (hierarchical)
    Elapsed: 0.010s  Memory: 348.00M
XOR differences: 0
"output" in: xor.drc:40
    Polygons (raw): 0 (flat)  0 (hierarchical)
    Elapsed: 0.000s  Memory: 348.00M
--- Running XOR for 65/44 ---
"input" in: xor.drc:38
    Polygons (raw): 284 (flat)  2 (hierarchical)
    Elapsed: 0.000s  Memory: 348.00M
"input" in: xor.drc:38
    Polygons (raw): 284 (flat)  2 (hierarchical)
    Elapsed: 0.000s  Memory: 348.00M
"^" in: xor.drc:38
    Polygons (raw): 0 (flat)  0 (hierarchical)
    Elapsed: 0.000s  Memory: 348.00M
XOR differences: 0
"output" in: xor.drc:40
    Polygons (raw): 0 (flat)  0 (hierarchical)
    Elapsed: 0.010s  Memory: 348.00M
--- Running XOR for 66/20 ---
"input" in: xor.drc:38
    Polygons (raw): 1855 (flat)  70 (hierarchical)
    Elapsed: 0.000s  Memory: 348.00M
"input" in: xor.drc:38
    Polygons (raw): 1855 (flat)  70 (hierarchical)
    Elapsed: 0.000s  Memory: 348.00M
"^" in: xor.drc:38
    Polygons (raw): 0 (flat)  0 (hierarchical)
    Elapsed: 0.010s  Memory: 348.00M
XOR differences: 0
"output" in: xor.drc:40
    Polygons (raw): 0 (flat)  0 (hierarchical)
    Elapsed: 0.000s  Memory: 348.00M
--- Running XOR for 66/44 ---
"input" in: xor.drc:38
    Polygons (raw): 7195 (flat)  381 (hierarchical)
    Elapsed: 0.000s  Memory: 348.00M
"input" in: xor.drc:38
    Polygons (raw): 7195 (flat)  381 (hierarchical)
    Elapsed: 0.000s  Memory: 348.00M
"^" in: xor.drc:38
    Polygons (raw): 0 (flat)  0 (hierarchical)
    Elapsed: 0.030s  Memory: 348.00M
XOR differences: 0
"output" in: xor.drc:40
    Polygons (raw): 0 (flat)  0 (hierarchical)
    Elapsed: 0.000s  Memory: 348.00M
--- Running XOR for 67/16 ---
"input" in: xor.drc:38
    Polygons (raw): 146 (flat)  78 (hierarchical)
    Elapsed: 0.000s  Memory: 348.00M
"input" in: xor.drc:38
    Polygons (raw): 146 (flat)  78 (hierarchical)
    Elapsed: 0.000s  Memory: 348.00M
"^" in: xor.drc:38
    Polygons (raw): 0 (flat)  0 (hierarchical)
    Elapsed: 0.000s  Memory: 348.00M
XOR differences: 0
"output" in: xor.drc:40
    Polygons (raw): 0 (flat)  0 (hierarchical)
    Elapsed: 0.000s  Memory: 348.00M
--- Running XOR for 67/20 ---
"input" in: xor.drc:38
    Polygons (raw): 5279 (flat)  189 (hierarchical)
    Elapsed: 0.010s  Memory: 348.00M
"input" in: xor.drc:38
    Polygons (raw): 5279 (flat)  118 (hierarchical)
    Elapsed: 0.000s  Memory: 348.00M
"^" in: xor.drc:38
    Polygons (raw): 0 (flat)  0 (hierarchical)
    Elapsed: 0.030s  Memory: 347.00M
XOR differences: 0
"output" in: xor.drc:40
    Polygons (raw): 0 (flat)  0 (hierarchical)
    Elapsed: 0.000s  Memory: 347.00M
--- Running XOR for 67/44 ---
"input" in: xor.drc:38
    Polygons (raw): 18136 (flat)  356 (hierarchical)
    Elapsed: 0.000s  Memory: 347.00M
"input" in: xor.drc:38
    Polygons (raw): 18136 (flat)  285 (hierarchical)
    Elapsed: 0.000s  Memory: 347.00M
"^" in: xor.drc:38
    Polygons (raw): 0 (flat)  0 (hierarchical)
    Elapsed: 0.050s  Memory: 347.00M
XOR differences: 0
"output" in: xor.drc:40
    Polygons (raw): 0 (flat)  0 (hierarchical)
    Elapsed: 0.000s  Memory: 347.00M
--- Running XOR for 67/5 ---
"input" in: xor.drc:38
    Polygons (raw): 0 (flat)  0 (hierarchical)
    Elapsed: 0.010s  Memory: 347.00M
"input" in: xor.drc:38
    Polygons (raw): 0 (flat)  0 (hierarchical)
    Elapsed: 0.000s  Memory: 347.00M
"^" in: xor.drc:38
    Polygons (raw): 0 (flat)  0 (hierarchical)
    Elapsed: 0.000s  Memory: 347.00M
XOR differences: 0
"output" in: xor.drc:40
    Polygons (raw): 0 (flat)  0 (hierarchical)
    Elapsed: 0.000s  Memory: 347.00M
--- Running XOR for 68/16 ---
"input" in: xor.drc:38
    Polygons (raw): 2360 (flat)  44 (hierarchical)
    Elapsed: 0.000s  Memory: 347.00M
"input" in: xor.drc:38
    Polygons (raw): 2360 (flat)  44 (hierarchical)
    Elapsed: 0.000s  Memory: 347.00M
"^" in: xor.drc:38
    Polygons (raw): 0 (flat)  0 (hierarchical)
    Elapsed: 0.010s  Memory: 348.00M
XOR differences: 0
"output" in: xor.drc:40
    Polygons (raw): 0 (flat)  0 (hierarchical)
    Elapsed: 0.000s  Memory: 348.00M
--- Running XOR for 68/20 ---
"input" in: xor.drc:38
    Polygons (raw): 2764 (flat)  446 (hierarchical)
    Elapsed: 0.000s  Memory: 348.00M
"input" in: xor.drc:38
    Polygons (raw): 2891 (flat)  197 (hierarchical)
    Elapsed: 0.010s  Memory: 348.00M
"^" in: xor.drc:38
    Polygons (raw): 0 (flat)  0 (hierarchical)
    Elapsed: 0.010s  Memory: 349.00M
XOR differences: 0
"output" in: xor.drc:40
    Polygons (raw): 0 (flat)  0 (hierarchical)
    Elapsed: 0.000s  Memory: 349.00M
--- Running XOR for 68/44 ---
"input" in: xor.drc:38
    Polygons (raw): 1203 (flat)  1203 (hierarchical)
    Elapsed: 0.000s  Memory: 349.00M
"input" in: xor.drc:38
    Polygons (raw): 1203 (flat)  6 (hierarchical)
    Elapsed: 0.000s  Memory: 349.00M
"^" in: xor.drc:38
    Polygons (raw): 0 (flat)  0 (hierarchical)
    Elapsed: 0.000s  Memory: 349.00M
XOR differences: 0
"output" in: xor.drc:40
    Polygons (raw): 0 (flat)  0 (hierarchical)
    Elapsed: 0.000s  Memory: 349.00M
--- Running XOR for 68/5 ---
"input" in: xor.drc:38
    Polygons (raw): 0 (flat)  0 (hierarchical)
    Elapsed: 0.000s  Memory: 349.00M
"input" in: xor.drc:38
    Polygons (raw): 0 (flat)  0 (hierarchical)
    Elapsed: 0.000s  Memory: 349.00M
"^" in: xor.drc:38
    Polygons (raw): 0 (flat)  0 (hierarchical)
    Elapsed: 0.010s  Memory: 349.00M
XOR differences: 0
"output" in: xor.drc:40
    Polygons (raw): 0 (flat)  0 (hierarchical)
    Elapsed: 0.000s  Memory: 349.00M
--- Running XOR for 69/16 ---
"input" in: xor.drc:38
    Polygons (raw): 3 (flat)  3 (hierarchical)
    Elapsed: 0.000s  Memory: 349.00M
"input" in: xor.drc:38
    Polygons (raw): 3 (flat)  3 (hierarchical)
    Elapsed: 0.000s  Memory: 349.00M
"^" in: xor.drc:38
    Polygons (raw): 0 (flat)  0 (hierarchical)
    Elapsed: 0.000s  Memory: 349.00M
XOR differences: 0
"output" in: xor.drc:40
    Polygons (raw): 0 (flat)  0 (hierarchical)
    Elapsed: 0.000s  Memory: 349.00M
--- Running XOR for 69/20 ---
"input" in: xor.drc:38
    Polygons (raw): 371 (flat)  371 (hierarchical)
    Elapsed: 0.000s  Memory: 349.00M
"input" in: xor.drc:38
    Polygons (raw): 816 (flat)  285 (hierarchical)
    Elapsed: 0.000s  Memory: 349.00M
"^" in: xor.drc:38
    Polygons (raw): 3 (flat)  3 (hierarchical)
    Elapsed: 0.010s  Memory: 349.00M
XOR differences: 3
"output" in: xor.drc:40
    Polygons (raw): 3 (flat)  3 (hierarchical)
    Elapsed: 0.000s  Memory: 349.00M
--- Running XOR for 69/44 ---
"input" in: xor.drc:38
    Polygons (raw): 900 (flat)  900 (hierarchical)
    Elapsed: 0.000s  Memory: 349.00M
"input" in: xor.drc:38
    Polygons (raw): 900 (flat)  5 (hierarchical)
    Elapsed: 0.000s  Memory: 349.00M
"^" in: xor.drc:38
    Polygons (raw): 0 (flat)  0 (hierarchical)
    Elapsed: 0.010s  Memory: 349.00M
XOR differences: 0
"output" in: xor.drc:40
    Polygons (raw): 0 (flat)  0 (hierarchical)
    Elapsed: 0.000s  Memory: 349.00M
--- Running XOR for 69/5 ---
"input" in: xor.drc:38
    Polygons (raw): 0 (flat)  0 (hierarchical)
    Elapsed: 0.000s  Memory: 349.00M
"input" in: xor.drc:38
    Polygons (raw): 0 (flat)  0 (hierarchical)
    Elapsed: 0.000s  Memory: 349.00M
"^" in: xor.drc:38
    Polygons (raw): 0 (flat)  0 (hierarchical)
    Elapsed: 0.000s  Memory: 349.00M
XOR differences: 0
"output" in: xor.drc:40
    Polygons (raw): 0 (flat)  0 (hierarchical)
    Elapsed: 0.000s  Memory: 349.00M
--- Running XOR for 70/16 ---
"input" in: xor.drc:38
    Polygons (raw): 4 (flat)  4 (hierarchical)
    Elapsed: 0.000s  Memory: 349.00M
"input" in: xor.drc:38
    Polygons (raw): 4 (flat)  4 (hierarchical)
    Elapsed: 0.000s  Memory: 349.00M
"^" in: xor.drc:38
    Polygons (raw): 0 (flat)  0 (hierarchical)
    Elapsed: 0.000s  Memory: 349.00M
XOR differences: 0
"output" in: xor.drc:40
    Polygons (raw): 0 (flat)  0 (hierarchical)
    Elapsed: 0.010s  Memory: 349.00M
--- Running XOR for 70/20 ---
"input" in: xor.drc:38
    Polygons (raw): 246 (flat)  246 (hierarchical)
    Elapsed: 0.000s  Memory: 349.00M
"input" in: xor.drc:38
    Polygons (raw): 682 (flat)  233 (hierarchical)
    Elapsed: 0.000s  Memory: 349.00M
"^" in: xor.drc:38
    Polygons (raw): 4 (flat)  4 (hierarchical)
    Elapsed: 0.000s  Memory: 349.00M
XOR differences: 4
"output" in: xor.drc:40
    Polygons (raw): 4 (flat)  4 (hierarchical)
    Elapsed: 0.000s  Memory: 349.00M
--- Running XOR for 70/44 ---
"input" in: xor.drc:38
    Polygons (raw): 896 (flat)  896 (hierarchical)
    Elapsed: 0.000s  Memory: 349.00M
"input" in: xor.drc:38
    Polygons (raw): 896 (flat)  4 (hierarchical)
    Elapsed: 0.000s  Memory: 349.00M
"^" in: xor.drc:38
    Polygons (raw): 0 (flat)  0 (hierarchical)
    Elapsed: 0.010s  Memory: 349.00M
XOR differences: 0
"output" in: xor.drc:40
    Polygons (raw): 0 (flat)  0 (hierarchical)
    Elapsed: 0.000s  Memory: 349.00M
--- Running XOR for 70/5 ---
"input" in: xor.drc:38
    Polygons (raw): 0 (flat)  0 (hierarchical)
    Elapsed: 0.000s  Memory: 349.00M
"input" in: xor.drc:38
    Polygons (raw): 0 (flat)  0 (hierarchical)
    Elapsed: 0.000s  Memory: 349.00M
"^" in: xor.drc:38
    Polygons (raw): 0 (flat)  0 (hierarchical)
    Elapsed: 0.000s  Memory: 349.00M
XOR differences: 0
"output" in: xor.drc:40
    Polygons (raw): 0 (flat)  0 (hierarchical)
    Elapsed: 0.000s  Memory: 349.00M
--- Running XOR for 71/16 ---
"input" in: xor.drc:38
    Polygons (raw): 8 (flat)  8 (hierarchical)
    Elapsed: 0.000s  Memory: 349.00M
"input" in: xor.drc:38
    Polygons (raw): 8 (flat)  8 (hierarchical)
    Elapsed: 0.000s  Memory: 349.00M
"^" in: xor.drc:38
    Polygons (raw): 0 (flat)  0 (hierarchical)
    Elapsed: 0.000s  Memory: 349.00M
XOR differences: 0
"output" in: xor.drc:40
    Polygons (raw): 0 (flat)  0 (hierarchical)
    Elapsed: 0.000s  Memory: 349.00M
--- Running XOR for 71/20 ---
"input" in: xor.drc:38
    Polygons (raw): 8 (flat)  8 (hierarchical)
    Elapsed: 0.000s  Memory: 349.00M
"input" in: xor.drc:38
    Polygons (raw): 232 (flat)  9 (hierarchical)
    Elapsed: 0.000s  Memory: 349.00M
"^" in: xor.drc:38
    Polygons (raw): 0 (flat)  0 (hierarchical)
    Elapsed: 0.000s  Memory: 349.00M
XOR differences: 0
"output" in: xor.drc:40
    Polygons (raw): 0 (flat)  0 (hierarchical)
    Elapsed: 0.000s  Memory: 349.00M
--- Running XOR for 71/5 ---
"input" in: xor.drc:38
    Polygons (raw): 0 (flat)  0 (hierarchical)
    Elapsed: 0.000s  Memory: 349.00M
"input" in: xor.drc:38
    Polygons (raw): 0 (flat)  0 (hierarchical)
    Elapsed: 0.000s  Memory: 349.00M
"^" in: xor.drc:38
    Polygons (raw): 0 (flat)  0 (hierarchical)
    Elapsed: 0.000s  Memory: 349.00M
XOR differences: 0
"output" in: xor.drc:40
    Polygons (raw): 0 (flat)  0 (hierarchical)
    Elapsed: 0.000s  Memory: 349.00M
--- Running XOR for 78/44 ---
"input" in: xor.drc:38
    Polygons (raw): 1181 (flat)  22 (hierarchical)
    Elapsed: 0.000s  Memory: 349.00M
"input" in: xor.drc:38
    Polygons (raw): 1181 (flat)  22 (hierarchical)
    Elapsed: 0.000s  Memory: 349.00M
"^" in: xor.drc:38
    Polygons (raw): 0 (flat)  0 (hierarchical)
    Elapsed: 0.010s  Memory: 349.00M
XOR differences: 0
"output" in: xor.drc:40
    Polygons (raw): 0 (flat)  0 (hierarchical)
    Elapsed: 0.000s  Memory: 349.00M
--- Running XOR for 81/4 ---
"input" in: xor.drc:38
    Polygons (raw): 1177 (flat)  20 (hierarchical)
    Elapsed: 0.000s  Memory: 349.00M
"input" in: xor.drc:38
    Polygons (raw): 1177 (flat)  20 (hierarchical)
    Elapsed: 0.000s  Memory: 349.00M
"^" in: xor.drc:38
    Polygons (raw): 0 (flat)  0 (hierarchical)
    Elapsed: 0.010s  Memory: 349.00M
XOR differences: 0
"output" in: xor.drc:40
    Polygons (raw): 0 (flat)  0 (hierarchical)
    Elapsed: 0.000s  Memory: 349.00M
--- Running XOR for 83/44 ---
"input" in: xor.drc:38
    Polygons (raw): 0 (flat)  0 (hierarchical)
    Elapsed: 0.000s  Memory: 349.00M
"input" in: xor.drc:38
    Polygons (raw): 0 (flat)  0 (hierarchical)
    Elapsed: 0.000s  Memory: 349.00M
"^" in: xor.drc:38
    Polygons (raw): 0 (flat)  0 (hierarchical)
    Elapsed: 0.000s  Memory: 349.00M
XOR differences: 0
"output" in: xor.drc:40
    Polygons (raw): 0 (flat)  0 (hierarchical)
    Elapsed: 0.000s  Memory: 349.00M
--- Running XOR for 93/44 ---
"input" in: xor.drc:38
    Polygons (raw): 1319 (flat)  21 (hierarchical)
    Elapsed: 0.000s  Memory: 349.00M
"input" in: xor.drc:38
    Polygons (raw): 1319 (flat)  21 (hierarchical)
    Elapsed: 0.010s  Memory: 349.00M
"^" in: xor.drc:38
    Polygons (raw): 0 (flat)  0 (hierarchical)
    Elapsed: 0.000s  Memory: 349.00M
XOR differences: 0
"output" in: xor.drc:40
    Polygons (raw): 0 (flat)  0 (hierarchical)
    Elapsed: 0.000s  Memory: 349.00M
--- Running XOR for 94/20 ---
"input" in: xor.drc:38
    Polygons (raw): 1319 (flat)  21 (hierarchical)
    Elapsed: 0.000s  Memory: 349.00M
"input" in: xor.drc:38
    Polygons (raw): 1319 (flat)  21 (hierarchical)
    Elapsed: 0.000s  Memory: 349.00M
"^" in: xor.drc:38
    Polygons (raw): 0 (flat)  0 (hierarchical)
    Elapsed: 0.010s  Memory: 349.00M
XOR differences: 0
"output" in: xor.drc:40
    Polygons (raw): 0 (flat)  0 (hierarchical)
    Elapsed: 0.000s  Memory: 349.00M
--- Running XOR for 95/20 ---
"input" in: xor.drc:38
    Polygons (raw): 896 (flat)  18 (hierarchical)
    Elapsed: 0.000s  Memory: 349.00M
"input" in: xor.drc:38
    Polygons (raw): 896 (flat)  18 (hierarchical)
    Elapsed: 0.000s  Memory: 349.00M
"^" in: xor.drc:38
    Polygons (raw): 0 (flat)  0 (hierarchical)
    Elapsed: 0.010s  Memory: 349.00M
XOR differences: 0
"output" in: xor.drc:40
    Polygons (raw): 0 (flat)  0 (hierarchical)
    Elapsed: 0.000s  Memory: 349.00M
Writing report database: /openlane/designs/counter/runs/SUN1/reports/signoff/counter.xor.xml ..
Total elapsed: 0.400s  Memory: 349.00M
