OpenROAD 79a46b62da64bbebc18f06b20c42211046de719a 
This program is licensed under the BSD-3 license. See the LICENSE file for details.
Components of this program may be licensed under more restrictive licenses which must be honored.
[INFO ODB-0222] Reading LEF file: /openlane/designs/core/runs/SUN1/tmp/merged.unpadded.nom.lef
[INFO ODB-0223]     Created 13 technology layers
[INFO ODB-0224]     Created 25 technology vias
[INFO ODB-0225]     Created 442 library cells
[INFO ODB-0226] Finished LEF file:  /openlane/designs/core/runs/SUN1/tmp/merged.unpadded.nom.lef
[INFO ODB-0127] Reading DEF file: /openlane/designs/core/runs/SUN1/tmp/routing/13-global.def
[INFO ODB-0128] Design: core
[INFO ODB-0130]     Created 10 pins.
[INFO ODB-0131]     Created 2 components and 18 component-terminals.
[INFO ODB-0132]     Created 2 special nets and 4 connections.
[INFO ODB-0133]     Created 11 nets and 14 connections.
[INFO ODB-0134] Finished DEF file: /openlane/designs/core/runs/SUN1/tmp/routing/13-global.def
[INFO ORD-0030] Using 2 thread(s).
[INFO DRT-0149] Reading tech and libs.

Units:                1000
Number of layers:     13
Number of macros:     442
Number of vias:       25
Number of viarulegen: 25

[INFO DRT-0150] Reading design.

Design:                   core
Die area:                 ( 0 0 ) ( 500000 500000 )
Number of track patterns: 12
Number of DEF vias:       2
Number of components:     2
Number of terminals:      10
Number of snets:          2
Number of nets:           11

[INFO DRT-0167] List of default vias:
  Layer mcon
    default via: L1M1_PR
  Layer via
    default via: M1M2_PR
  Layer via2
    default via: M2M3_PR
  Layer via3
    default via: M3M4_PR
  Layer via4
    default via: M4M5_PR
[INFO DRT-0162] Library cell analysis.
[INFO DRT-0163] Instance analysis.
[INFO DRT-0164] Number of unique instances = 2.
[INFO DRT-0168] Init region query.
[INFO DRT-0024]   Complete FR_MASTERSLICE.
[INFO DRT-0024]   Complete FR_VIA.
[INFO DRT-0024]   Complete li1.
[INFO DRT-0024]   Complete mcon.
[INFO DRT-0024]   Complete met1.
[INFO DRT-0024]   Complete via.
[INFO DRT-0024]   Complete met2.
[INFO DRT-0024]   Complete via2.
[INFO DRT-0024]   Complete met3.
[INFO DRT-0024]   Complete via3.
[INFO DRT-0024]   Complete met4.
[INFO DRT-0024]   Complete via4.
[INFO DRT-0024]   Complete met5.
[INFO DRT-0033] FR_MASTERSLICE shape region query size = 0.
[INFO DRT-0033] FR_VIA shape region query size = 0.
[INFO DRT-0033] li1 shape region query size = 2.
[INFO DRT-0033] mcon shape region query size = 0.
[INFO DRT-0033] met1 shape region query size = 2.
[INFO DRT-0033] via shape region query size = 0.
[INFO DRT-0033] met2 shape region query size = 22.
[INFO DRT-0033] via2 shape region query size = 0.
[INFO DRT-0033] met3 shape region query size = 28.
[INFO DRT-0033] via3 shape region query size = 0.
[INFO DRT-0033] met4 shape region query size = 102.
[INFO DRT-0033] via4 shape region query size = 62.
[INFO DRT-0033] met5 shape region query size = 82.
[INFO DRT-0165] Start pin access.
[INFO DRT-0078]   Complete 14 pins.
[INFO DRT-0081]   Complete 0 unique inst patterns.
[INFO DRT-0084]   Complete 0 groups.
#scanned instances     = 2
#unique  instances     = 2
#stdCellGenAp          = 0
#stdCellValidPlanarAp  = 0
#stdCellValidViaAp     = 0
#stdCellPinNoAp        = 0
#stdCellPinCnt         = 0
#instTermValidViaApCnt = 0
#macroGenAp            = 68
#macroValidPlanarAp    = 68
#macroValidViaAp       = 0
#macroNoAp             = 0
[INFO DRT-0166] Complete pin access.
[INFO DRT-0267] cpu time = 00:00:00, elapsed time = 00:00:00, memory = 93.91 (MB), peak = 93.91 (MB)
[INFO DRT-0151] Reading guide.

Number of guides:     73

[INFO DRT-0169] Post process guides.
[INFO DRT-0176] GCELLGRID X 0 DO 72 STEP 6900 ;
[INFO DRT-0177] GCELLGRID Y 0 DO 72 STEP 6900 ;
[INFO DRT-0028]   Complete FR_MASTERSLICE.
[INFO DRT-0028]   Complete FR_VIA.
[INFO DRT-0028]   Complete li1.
[INFO DRT-0028]   Complete mcon.
[INFO DRT-0028]   Complete met1.
[INFO DRT-0028]   Complete via.
[INFO DRT-0028]   Complete met2.
[INFO DRT-0028]   Complete via2.
[INFO DRT-0028]   Complete met3.
[INFO DRT-0028]   Complete via3.
[INFO DRT-0028]   Complete met4.
[INFO DRT-0028]   Complete via4.
[INFO DRT-0028]   Complete met5.
[INFO DRT-0178] Init guide query.
[INFO DRT-0035]   Complete FR_MASTERSLICE (guide).
[INFO DRT-0035]   Complete FR_VIA (guide).
[INFO DRT-0035]   Complete li1 (guide).
[INFO DRT-0035]   Complete mcon (guide).
[INFO DRT-0035]   Complete met1 (guide).
[INFO DRT-0035]   Complete via (guide).
[INFO DRT-0035]   Complete met2 (guide).
[INFO DRT-0035]   Complete via2 (guide).
[INFO DRT-0035]   Complete met3 (guide).
[INFO DRT-0035]   Complete via3 (guide).
[INFO DRT-0035]   Complete met4 (guide).
[INFO DRT-0035]   Complete via4 (guide).
[INFO DRT-0035]   Complete met5 (guide).
[INFO DRT-0036] FR_MASTERSLICE guide region query size = 0.
[INFO DRT-0036] FR_VIA guide region query size = 0.
[INFO DRT-0036] li1 guide region query size = 0.
[INFO DRT-0036] mcon guide region query size = 0.
[INFO DRT-0036] met1 guide region query size = 10.
[INFO DRT-0036] via guide region query size = 0.
[INFO DRT-0036] met2 guide region query size = 18.
[INFO DRT-0036] via2 guide region query size = 0.
[INFO DRT-0036] met3 guide region query size = 8.
[INFO DRT-0036] via3 guide region query size = 0.
[INFO DRT-0036] met4 guide region query size = 4.
[INFO DRT-0036] via4 guide region query size = 0.
[INFO DRT-0036] met5 guide region query size = 2.
[INFO DRT-0179] Init gr pin query.
[INFO DRT-0185] Post process initialize RPin region query.
[INFO DRT-0181] Start track assignment.
[INFO DRT-0184] Done with 22 vertical wires in 2 frboxes and 20 horizontal wires in 2 frboxes.
[INFO DRT-0186] Done with 0 vertical wires in 2 frboxes and 0 horizontal wires in 2 frboxes.
[INFO DRT-0182] Complete track assignment.
[INFO DRT-0267] cpu time = 00:00:00, elapsed time = 00:00:00, memory = 94.18 (MB), peak = 94.18 (MB)
[INFO DRT-0187] Start routing data preparation.
[INFO DRT-0267] cpu time = 00:00:00, elapsed time = 00:00:00, memory = 94.74 (MB), peak = 94.74 (MB)
[INFO DRT-0194] Start detail routing.
[INFO DRT-0195] Start 0th optimization iteration.
    Completing 10% with 0 violations.
    elapsed time = 00:00:00, memory = 103.36 (MB).
    Completing 20% with 0 violations.
    elapsed time = 00:00:00, memory = 103.59 (MB).
    Completing 30% with 0 violations.
    elapsed time = 00:00:00, memory = 103.59 (MB).
    Completing 40% with 0 violations.
    elapsed time = 00:00:00, memory = 103.27 (MB).
    Completing 50% with 0 violations.
    elapsed time = 00:00:00, memory = 103.27 (MB).
    Completing 60% with 0 violations.
    elapsed time = 00:00:00, memory = 101.71 (MB).
    Completing 70% with 0 violations.
    elapsed time = 00:00:00, memory = 103.64 (MB).
    Completing 80% with 0 violations.
    elapsed time = 00:00:00, memory = 101.48 (MB).
    Completing 90% with 0 violations.
    elapsed time = 00:00:00, memory = 103.54 (MB).
    Completing 100% with 0 violations.
    elapsed time = 00:00:00, memory = 99.57 (MB).
[INFO DRT-0199]   Number of violations = 0.
[INFO DRT-0267] cpu time = 00:00:00, elapsed time = 00:00:00, memory = 98.65 (MB), peak = 458.19 (MB)
Total wire length = 3246 um.
Total wire length on LAYER li1 = 0 um.
Total wire length on LAYER met1 = 1161 um.
Total wire length on LAYER met2 = 1579 um.
Total wire length on LAYER met3 = 125 um.
Total wire length on LAYER met4 = 6 um.
Total wire length on LAYER met5 = 372 um.
Total number of vias = 35.
Up-via summary (total 35):.

---------------------
 FR_MASTERSLICE     0
            li1     0
           met1    21
           met2     6
           met3     4
           met4     4
---------------------
                   35


[INFO DRT-0195] Start 1st optimization iteration.
    Completing 10% with 0 violations.
    elapsed time = 00:00:00, memory = 102.26 (MB).
    Completing 20% with 0 violations.
    elapsed time = 00:00:00, memory = 102.50 (MB).
    Completing 30% with 0 violations.
    elapsed time = 00:00:00, memory = 104.03 (MB).
    Completing 40% with 0 violations.
    elapsed time = 00:00:00, memory = 104.07 (MB).
    Completing 50% with 0 violations.
    elapsed time = 00:00:00, memory = 104.09 (MB).
    Completing 60% with 0 violations.
    elapsed time = 00:00:00, memory = 104.09 (MB).
    Completing 70% with 0 violations.
    elapsed time = 00:00:00, memory = 104.09 (MB).
    Completing 80% with 0 violations.
    elapsed time = 00:00:00, memory = 104.09 (MB).
    Completing 90% with 0 violations.
    elapsed time = 00:00:00, memory = 104.09 (MB).
    Completing 100% with 0 violations.
    elapsed time = 00:00:00, memory = 104.09 (MB).
[INFO DRT-0199]   Number of violations = 0.
[INFO DRT-0267] cpu time = 00:00:00, elapsed time = 00:00:00, memory = 109.31 (MB), peak = 462.70 (MB)
Total wire length = 3239 um.
Total wire length on LAYER li1 = 0 um.
Total wire length on LAYER met1 = 1181 um.
Total wire length on LAYER met2 = 1584 um.
Total wire length on LAYER met3 = 98 um.
Total wire length on LAYER met4 = 2 um.
Total wire length on LAYER met5 = 371 um.
Total number of vias = 35.
Up-via summary (total 35):.

---------------------
 FR_MASTERSLICE     0
            li1     0
           met1    21
           met2     6
           met3     4
           met4     4
---------------------
                   35


[INFO DRT-0195] Start 2nd optimization iteration.
    Completing 10% with 0 violations.
    elapsed time = 00:00:00, memory = 109.31 (MB).
    Completing 20% with 0 violations.
    elapsed time = 00:00:00, memory = 109.31 (MB).
    Completing 30% with 0 violations.
    elapsed time = 00:00:00, memory = 109.31 (MB).
    Completing 40% with 0 violations.
    elapsed time = 00:00:00, memory = 109.31 (MB).
    Completing 50% with 0 violations.
    elapsed time = 00:00:00, memory = 109.31 (MB).
    Completing 60% with 0 violations.
    elapsed time = 00:00:00, memory = 109.31 (MB).
    Completing 70% with 0 violations.
    elapsed time = 00:00:00, memory = 109.31 (MB).
    Completing 80% with 0 violations.
    elapsed time = 00:00:00, memory = 109.31 (MB).
    Completing 90% with 0 violations.
    elapsed time = 00:00:00, memory = 109.31 (MB).
    Completing 100% with 0 violations.
    elapsed time = 00:00:00, memory = 109.31 (MB).
[INFO DRT-0199]   Number of violations = 0.
[INFO DRT-0267] cpu time = 00:00:00, elapsed time = 00:00:00, memory = 109.31 (MB), peak = 462.70 (MB)
Total wire length = 3239 um.
Total wire length on LAYER li1 = 0 um.
Total wire length on LAYER met1 = 1181 um.
Total wire length on LAYER met2 = 1584 um.
Total wire length on LAYER met3 = 98 um.
Total wire length on LAYER met4 = 2 um.
Total wire length on LAYER met5 = 371 um.
Total number of vias = 35.
Up-via summary (total 35):.

---------------------
 FR_MASTERSLICE     0
            li1     0
           met1    21
           met2     6
           met3     4
           met4     4
---------------------
                   35


[INFO DRT-0195] Start 17th optimization iteration.
    Completing 10% with 0 violations.
    elapsed time = 00:00:00, memory = 109.31 (MB).
    Completing 20% with 0 violations.
    elapsed time = 00:00:00, memory = 109.31 (MB).
    Completing 30% with 0 violations.
    elapsed time = 00:00:00, memory = 109.31 (MB).
    Completing 40% with 0 violations.
    elapsed time = 00:00:00, memory = 109.31 (MB).
    Completing 50% with 0 violations.
    elapsed time = 00:00:00, memory = 109.31 (MB).
    Completing 60% with 0 violations.
    elapsed time = 00:00:00, memory = 109.31 (MB).
    Completing 70% with 0 violations.
    elapsed time = 00:00:00, memory = 109.31 (MB).
    Completing 80% with 0 violations.
    elapsed time = 00:00:00, memory = 109.31 (MB).
    Completing 90% with 0 violations.
    elapsed time = 00:00:00, memory = 109.31 (MB).
    Completing 100% with 0 violations.
    elapsed time = 00:00:00, memory = 109.31 (MB).
[INFO DRT-0199]   Number of violations = 0.
[INFO DRT-0267] cpu time = 00:00:00, elapsed time = 00:00:00, memory = 109.31 (MB), peak = 462.70 (MB)
Total wire length = 3239 um.
Total wire length on LAYER li1 = 0 um.
Total wire length on LAYER met1 = 1181 um.
Total wire length on LAYER met2 = 1584 um.
Total wire length on LAYER met3 = 98 um.
Total wire length on LAYER met4 = 2 um.
Total wire length on LAYER met5 = 371 um.
Total number of vias = 35.
Up-via summary (total 35):.

---------------------
 FR_MASTERSLICE     0
            li1     0
           met1    21
           met2     6
           met3     4
           met4     4
---------------------
                   35


[INFO DRT-0195] Start 25th optimization iteration.
    Completing 10% with 0 violations.
    elapsed time = 00:00:00, memory = 109.31 (MB).
    Completing 20% with 0 violations.
    elapsed time = 00:00:00, memory = 109.31 (MB).
    Completing 30% with 0 violations.
    elapsed time = 00:00:00, memory = 109.31 (MB).
    Completing 40% with 0 violations.
    elapsed time = 00:00:00, memory = 109.31 (MB).
    Completing 50% with 0 violations.
    elapsed time = 00:00:00, memory = 109.31 (MB).
    Completing 60% with 0 violations.
    elapsed time = 00:00:00, memory = 109.31 (MB).
    Completing 70% with 0 violations.
    elapsed time = 00:00:00, memory = 109.31 (MB).
    Completing 80% with 0 violations.
    elapsed time = 00:00:00, memory = 109.31 (MB).
    Completing 90% with 0 violations.
    elapsed time = 00:00:00, memory = 109.31 (MB).
    Completing 100% with 0 violations.
    elapsed time = 00:00:00, memory = 109.31 (MB).
[INFO DRT-0199]   Number of violations = 0.
[INFO DRT-0267] cpu time = 00:00:00, elapsed time = 00:00:00, memory = 109.31 (MB), peak = 462.70 (MB)
Total wire length = 3239 um.
Total wire length on LAYER li1 = 0 um.
Total wire length on LAYER met1 = 1181 um.
Total wire length on LAYER met2 = 1584 um.
Total wire length on LAYER met3 = 98 um.
Total wire length on LAYER met4 = 2 um.
Total wire length on LAYER met5 = 371 um.
Total number of vias = 35.
Up-via summary (total 35):.

---------------------
 FR_MASTERSLICE     0
            li1     0
           met1    21
           met2     6
           met3     4
           met4     4
---------------------
                   35


[INFO DRT-0195] Start 33rd optimization iteration.
    Completing 10% with 0 violations.
    elapsed time = 00:00:00, memory = 109.31 (MB).
    Completing 20% with 0 violations.
    elapsed time = 00:00:00, memory = 109.31 (MB).
    Completing 30% with 0 violations.
    elapsed time = 00:00:00, memory = 109.31 (MB).
    Completing 40% with 0 violations.
    elapsed time = 00:00:00, memory = 109.31 (MB).
    Completing 50% with 0 violations.
    elapsed time = 00:00:00, memory = 109.31 (MB).
    Completing 60% with 0 violations.
    elapsed time = 00:00:00, memory = 109.31 (MB).
    Completing 70% with 0 violations.
    elapsed time = 00:00:00, memory = 109.31 (MB).
    Completing 80% with 0 violations.
    elapsed time = 00:00:00, memory = 109.31 (MB).
    Completing 90% with 0 violations.
    elapsed time = 00:00:00, memory = 109.31 (MB).
    Completing 100% with 0 violations.
    elapsed time = 00:00:00, memory = 109.31 (MB).
[INFO DRT-0199]   Number of violations = 0.
[INFO DRT-0267] cpu time = 00:00:00, elapsed time = 00:00:00, memory = 109.31 (MB), peak = 462.70 (MB)
Total wire length = 3239 um.
Total wire length on LAYER li1 = 0 um.
Total wire length on LAYER met1 = 1181 um.
Total wire length on LAYER met2 = 1584 um.
Total wire length on LAYER met3 = 98 um.
Total wire length on LAYER met4 = 2 um.
Total wire length on LAYER met5 = 371 um.
Total number of vias = 35.
Up-via summary (total 35):.

---------------------
 FR_MASTERSLICE     0
            li1     0
           met1    21
           met2     6
           met3     4
           met4     4
---------------------
                   35


[INFO DRT-0195] Start 41st optimization iteration.
    Completing 10% with 0 violations.
    elapsed time = 00:00:00, memory = 109.31 (MB).
    Completing 20% with 0 violations.
    elapsed time = 00:00:00, memory = 109.31 (MB).
    Completing 30% with 0 violations.
    elapsed time = 00:00:00, memory = 109.31 (MB).
    Completing 40% with 0 violations.
    elapsed time = 00:00:00, memory = 109.31 (MB).
    Completing 50% with 0 violations.
    elapsed time = 00:00:00, memory = 109.31 (MB).
    Completing 60% with 0 violations.
    elapsed time = 00:00:00, memory = 109.31 (MB).
    Completing 70% with 0 violations.
    elapsed time = 00:00:00, memory = 109.31 (MB).
    Completing 80% with 0 violations.
    elapsed time = 00:00:00, memory = 109.31 (MB).
    Completing 90% with 0 violations.
    elapsed time = 00:00:00, memory = 109.31 (MB).
    Completing 100% with 0 violations.
    elapsed time = 00:00:00, memory = 109.31 (MB).
[INFO DRT-0199]   Number of violations = 0.
[INFO DRT-0267] cpu time = 00:00:00, elapsed time = 00:00:00, memory = 109.31 (MB), peak = 462.70 (MB)
Total wire length = 3239 um.
Total wire length on LAYER li1 = 0 um.
Total wire length on LAYER met1 = 1181 um.
Total wire length on LAYER met2 = 1584 um.
Total wire length on LAYER met3 = 98 um.
Total wire length on LAYER met4 = 2 um.
Total wire length on LAYER met5 = 371 um.
Total number of vias = 35.
Up-via summary (total 35):.

---------------------
 FR_MASTERSLICE     0
            li1     0
           met1    21
           met2     6
           met3     4
           met4     4
---------------------
                   35


[INFO DRT-0195] Start 49th optimization iteration.
    Completing 10% with 0 violations.
    elapsed time = 00:00:00, memory = 109.31 (MB).
    Completing 20% with 0 violations.
    elapsed time = 00:00:00, memory = 109.31 (MB).
    Completing 30% with 0 violations.
    elapsed time = 00:00:00, memory = 109.31 (MB).
    Completing 40% with 0 violations.
    elapsed time = 00:00:00, memory = 109.31 (MB).
    Completing 50% with 0 violations.
    elapsed time = 00:00:00, memory = 109.31 (MB).
    Completing 60% with 0 violations.
    elapsed time = 00:00:00, memory = 109.31 (MB).
    Completing 70% with 0 violations.
    elapsed time = 00:00:00, memory = 109.31 (MB).
    Completing 80% with 0 violations.
    elapsed time = 00:00:00, memory = 109.31 (MB).
    Completing 90% with 0 violations.
    elapsed time = 00:00:00, memory = 109.31 (MB).
    Completing 100% with 0 violations.
    elapsed time = 00:00:00, memory = 109.31 (MB).
[INFO DRT-0199]   Number of violations = 0.
[INFO DRT-0267] cpu time = 00:00:00, elapsed time = 00:00:00, memory = 109.31 (MB), peak = 462.70 (MB)
Total wire length = 3239 um.
Total wire length on LAYER li1 = 0 um.
Total wire length on LAYER met1 = 1181 um.
Total wire length on LAYER met2 = 1584 um.
Total wire length on LAYER met3 = 98 um.
Total wire length on LAYER met4 = 2 um.
Total wire length on LAYER met5 = 371 um.
Total number of vias = 35.
Up-via summary (total 35):.

---------------------
 FR_MASTERSLICE     0
            li1     0
           met1    21
           met2     6
           met3     4
           met4     4
---------------------
                   35


[INFO DRT-0195] Start 57th optimization iteration.
    Completing 10% with 0 violations.
    elapsed time = 00:00:00, memory = 109.31 (MB).
    Completing 20% with 0 violations.
    elapsed time = 00:00:00, memory = 109.31 (MB).
    Completing 30% with 0 violations.
    elapsed time = 00:00:00, memory = 109.31 (MB).
    Completing 40% with 0 violations.
    elapsed time = 00:00:00, memory = 109.31 (MB).
    Completing 50% with 0 violations.
    elapsed time = 00:00:00, memory = 109.31 (MB).
    Completing 60% with 0 violations.
    elapsed time = 00:00:00, memory = 109.31 (MB).
    Completing 70% with 0 violations.
    elapsed time = 00:00:00, memory = 109.31 (MB).
    Completing 80% with 0 violations.
    elapsed time = 00:00:00, memory = 109.31 (MB).
    Completing 90% with 0 violations.
    elapsed time = 00:00:00, memory = 109.31 (MB).
    Completing 100% with 0 violations.
    elapsed time = 00:00:00, memory = 109.31 (MB).
[INFO DRT-0199]   Number of violations = 0.
[INFO DRT-0267] cpu time = 00:00:00, elapsed time = 00:00:00, memory = 109.31 (MB), peak = 462.70 (MB)
Total wire length = 3239 um.
Total wire length on LAYER li1 = 0 um.
Total wire length on LAYER met1 = 1181 um.
Total wire length on LAYER met2 = 1584 um.
Total wire length on LAYER met3 = 98 um.
Total wire length on LAYER met4 = 2 um.
Total wire length on LAYER met5 = 371 um.
Total number of vias = 35.
Up-via summary (total 35):.

---------------------
 FR_MASTERSLICE     0
            li1     0
           met1    21
           met2     6
           met3     4
           met4     4
---------------------
                   35


[INFO DRT-0198] Complete detail routing.
Total wire length = 3239 um.
Total wire length on LAYER li1 = 0 um.
Total wire length on LAYER met1 = 1181 um.
Total wire length on LAYER met2 = 1584 um.
Total wire length on LAYER met3 = 98 um.
Total wire length on LAYER met4 = 2 um.
Total wire length on LAYER met5 = 371 um.
Total number of vias = 35.
Up-via summary (total 35):.

---------------------
 FR_MASTERSLICE     0
            li1     0
           met1    21
           met2     6
           met3     4
           met4     4
---------------------
                   35


[INFO DRT-0267] cpu time = 00:00:01, elapsed time = 00:00:00, memory = 109.31 (MB), peak = 462.70 (MB)

[INFO DRT-0180] Post processing.
Saving to /openlane/designs/core/runs/SUN1/results/routing/core.def
