
===========================================================================
report_checks -unconstrained
============================================================================

======================= Slowest Corner ===================================

Startpoint: clk (clock source 'clk')
Endpoint: c1/clk (internal pin)
Path Group: (none)
Path Type: max
Corner: ss

Fanout     Cap    Slew   Delay    Time   Description
-----------------------------------------------------------------------------
                  0.22    0.17    5.17 v clk (in)
     2    0.05                           clk (net)
                  0.22    0.00    5.17 v c1/clk (counter)
                                  5.17   data arrival time
-----------------------------------------------------------------------------
(Path is unconstrained)



======================= Typical Corner ===================================

Startpoint: clk (clock source 'clk')
Endpoint: c1/clk (internal pin)
Path Group: (none)
Path Type: max
Corner: tt

Fanout     Cap    Slew   Delay    Time   Description
-----------------------------------------------------------------------------
                  0.12    0.09    5.09 v clk (in)
     2    0.05                           clk (net)
                  0.12    0.00    5.09 v c1/clk (counter)
                                  5.09   data arrival time
-----------------------------------------------------------------------------
(Path is unconstrained)



======================= Fastest Corner ===================================

Startpoint: clk (clock source 'clk')
Endpoint: c1/clk (internal pin)
Path Group: (none)
Path Type: max
Corner: ff

Fanout     Cap    Slew   Delay    Time   Description
-----------------------------------------------------------------------------
                  0.08    0.06    5.06 v clk (in)
     2    0.05                           clk (net)
                  0.08    0.00    5.06 v c1/clk (counter)
                                  5.06   data arrival time
-----------------------------------------------------------------------------
(Path is unconstrained)



===========================================================================
report_checks --slack_max -0.01
============================================================================

======================= Slowest Corner ===================================

No paths found.

======================= Typical Corner ===================================

No paths found.

======================= Fastest Corner ===================================

No paths found.
