Sun May 22 08:32:13 UTC 2022 - Executing "/openlane/scripts/mergeLef.py -o /openlane/designs/core_cells/runs/SUN2/tmp/merged.unpadded.nom.lef -i /home/saul/installs/openlane/OpenLane/pdks/sky130A/libs.ref/sky130_fd_sc_hd/techlef/sky130_fd_sc_hd__nom.tlef /home/saul/installs/openlane/OpenLane/pdks/sky130A/libs.ref/sky130_fd_sc_hd/lef/sky130_fd_sc_hd.lef |& tee /dev/null"

Sun May 22 08:32:13 UTC 2022 - Executing "/openlane/scripts/mergeLef.py -o /openlane/designs/core_cells/runs/SUN2/tmp/merged.unpadded.nom.lef -i /openlane/designs/core_cells/runs/SUN2/tmp/merged.unpadded.nom.lef /openlane/designs/core_cells/macros/counter.lef |& tee /dev/null"

Sun May 22 08:32:13 UTC 2022 - Executing "/openlane/scripts/mergeLef.py -o /openlane/designs/core_cells/runs/SUN2/tmp/merged.unpadded.min.lef -i /home/saul/installs/openlane/OpenLane/pdks/sky130A/libs.ref/sky130_fd_sc_hd/techlef/sky130_fd_sc_hd__min.tlef /home/saul/installs/openlane/OpenLane/pdks/sky130A/libs.ref/sky130_fd_sc_hd/lef/sky130_fd_sc_hd.lef |& tee /dev/null"

Sun May 22 08:32:13 UTC 2022 - Executing "/openlane/scripts/mergeLef.py -o /openlane/designs/core_cells/runs/SUN2/tmp/merged.unpadded.min.lef -i /openlane/designs/core_cells/runs/SUN2/tmp/merged.unpadded.min.lef /openlane/designs/core_cells/macros/counter.lef |& tee /dev/null"

Sun May 22 08:32:13 UTC 2022 - Executing "/openlane/scripts/mergeLef.py -o /openlane/designs/core_cells/runs/SUN2/tmp/merged.unpadded.max.lef -i /home/saul/installs/openlane/OpenLane/pdks/sky130A/libs.ref/sky130_fd_sc_hd/techlef/sky130_fd_sc_hd__max.tlef /home/saul/installs/openlane/OpenLane/pdks/sky130A/libs.ref/sky130_fd_sc_hd/lef/sky130_fd_sc_hd.lef |& tee /dev/null"

Sun May 22 08:32:13 UTC 2022 - Executing "/openlane/scripts/mergeLef.py -o /openlane/designs/core_cells/runs/SUN2/tmp/merged.unpadded.max.lef -i /openlane/designs/core_cells/runs/SUN2/tmp/merged.unpadded.max.lef /openlane/designs/core_cells/macros/counter.lef |& tee /dev/null"

Sun May 22 08:32:13 UTC 2022 - Executing "openroad -python /openlane/scripts/mergeLib.py --output /openlane/designs/core_cells/runs/SUN2/tmp/synthesis/merged.lib --name sky130A_merged /home/saul/installs/openlane/OpenLane/pdks/sky130A/libs.ref/sky130_fd_sc_hd/lib/sky130_fd_sc_hd__tt_025C_1v80.lib"

Sun May 22 08:32:14 UTC 2022 - Executing "openroad -python /openlane/scripts/libtrim.py --cell-file /openlane/designs/core_cells/runs/SUN2/tmp/synthesis/trimmed.lib.exclude.list --output /openlane/designs/core_cells/runs/SUN2/tmp/synthesis/trimmed.lib /openlane/designs/core_cells/runs/SUN2/tmp/synthesis/merged.lib"

Sun May 22 08:32:14 UTC 2022 - Executing "echo {openlane 0dc6fb79c91082b94f8ded78d70f8bacbab96bf2} > /openlane/designs/core_cells/runs/SUN2/OPENLANE_VERSION"

Sun May 22 08:32:14 UTC 2022 - Executing "openroad -python /openlane/scripts/new_tracks.py -i /home/saul/installs/openlane/OpenLane/pdks/sky130A/libs.tech/openlane/sky130_fd_sc_hd/tracks.info -o /openlane/designs/core_cells/runs/SUN2/tmp/routing/config.tracks"

Sun May 22 08:32:14 UTC 2022 - Executing "sed -E {s/^([[:space:]]+)pg_pin(.*)/\1pin\2\n\1    direction : "inout";/g} /home/saul/installs/openlane/OpenLane/pdks/sky130A/libs.ref/sky130_fd_sc_hd/lib/sky130_fd_sc_hd__tt_025C_1v80.lib > /openlane/designs/core_cells/runs/SUN2/tmp/synthesis/1-sky130_fd_sc_hd__tt_025C_1v80.no_pg.lib"

Sun May 22 08:32:14 UTC 2022 - Executing "yosys -c /openlane/scripts/yosys/synth.tcl -l /openlane/designs/core_cells/runs/SUN2/logs/synthesis/1-synthesis.log |& tee /dev/null"

Sun May 22 08:32:15 UTC 2022 - Executing "sed -i -e {s/\(set ::env(CURRENT_NETLIST)\).*/\1 \/openlane\/designs\/core_cells\/runs\/SUN2\/results\/synthesis\/core_cells.v/} /openlane/designs/core_cells/runs/SUN2/config.tcl"

Sun May 22 08:32:15 UTC 2022 - Executing "sed -i -e {s/\(set ::env(PREV_NETLIST)\).*/\1 0/} /openlane/designs/core_cells/runs/SUN2/config.tcl"

Sun May 22 08:32:15 UTC 2022 - Executing "sed -i /defparam/d /openlane/designs/core_cells/runs/SUN2/results/synthesis/core_cells.v"

Sun May 22 08:32:15 UTC 2022 - Executing "openroad -exit /openlane/scripts/openroad/sta.tcl |& tee /dev/null /openlane/designs/core_cells/runs/SUN2/logs/synthesis/2-sta.log"

Sun May 22 08:32:15 UTC 2022 - Executing "sed -E {s/^([[:space:]]+)pg_pin(.*)/\1pin\2\n\1    direction : "inout";/g} /home/saul/installs/openlane/OpenLane/pdks/sky130A/libs.ref/sky130_fd_sc_hd/lib/sky130_fd_sc_hd__tt_025C_1v80.lib > /openlane/designs/core_cells/runs/SUN2/tmp/synthesis/2-sky130_fd_sc_hd__tt_025C_1v80.no_pg.lib"

Sun May 22 08:32:16 UTC 2022 - Executing "yosys -c /openlane/scripts/yosys/synth.tcl -l /openlane/designs/core_cells/runs/SUN2/logs/synthesis/2-synthesis.log |& tee /dev/null"

Sun May 22 08:32:16 UTC 2022 - Executing "sed -i /defparam/d /openlane/designs/core_cells/runs/SUN2/tmp/synthesis/pg_define.v"

Sun May 22 08:32:16 UTC 2022 - Executing "openroad -exit /openlane/scripts/openroad/floorplan.tcl |& tee /dev/null /openlane/designs/core_cells/runs/SUN2/logs/floorplan/3-initial_fp.log"

Sun May 22 08:32:17 UTC 2022 - Executing "openroad -python /openlane/scripts/defutil.py extract_core_dims --output-data /openlane/designs/core_cells/runs/SUN2/tmp/dimensions.txt --input-lef /openlane/designs/core_cells/runs/SUN2/tmp/merged.nom.lef /openlane/designs/core_cells/runs/SUN2/tmp/floorplan/3-initial_fp.def"

Sun May 22 08:32:17 UTC 2022 - Executing "openroad -exit /openlane/scripts/openroad/ioplacer.tcl |& tee /dev/null /openlane/designs/core_cells/runs/SUN2/logs/floorplan/4-io.log"

Sun May 22 08:32:17 UTC 2022 - Executing "openroad -python /openlane/scripts/manual_macro_place.py -l /openlane/designs/core_cells/runs/SUN2/tmp/merged.nom.lef -id /openlane/designs/core_cells/runs/SUN2/tmp/floorplan/4-io.def -o /openlane/designs/core_cells/runs/SUN2/tmp/floorplan/4-io.macro_placement.def -c /openlane/designs/core_cells/runs/SUN2/tmp/placement/macro_placement.cfg -f |& tee /dev/null /openlane/designs/core_cells/runs/SUN2/logs/placement/5-macro_placement.log"

Sun May 22 08:32:17 UTC 2022 - Executing "openroad -exit /openlane/scripts/openroad/tapcell.tcl |& tee /dev/null /openlane/designs/core_cells/runs/SUN2/logs/floorplan/6-tap.log"

Sun May 22 08:32:17 UTC 2022 - Executing "openroad -exit /openlane/scripts/openroad/pdn.tcl |& tee /dev/null /openlane/designs/core_cells/runs/SUN2/logs/floorplan/7-pdn.log"

Sun May 22 08:32:18 UTC 2022 - Executing "openroad -python /openlane/scripts/random_place.py --lef /openlane/designs/core_cells/runs/SUN2/tmp/merged.unpadded.nom.lef --input-def /openlane/designs/core_cells/runs/SUN2/tmp/floorplan/7-pdn.def --output-def /openlane/designs/core_cells/runs/SUN2/tmp/placement/8-global.def |& tee /dev/null /openlane/designs/core_cells/runs/SUN2/logs/placement/8-global.log"

Sun May 22 08:32:18 UTC 2022 - Executing "openroad -exit /openlane/scripts/openroad/resizer.tcl |& tee /dev/null /openlane/designs/core_cells/runs/SUN2/logs/placement/9-resizer.log"

Sun May 22 08:32:19 UTC 2022 - Executing "openroad -exit /openlane/scripts/openroad/write_verilog.tcl |& tee /dev/null /openlane/designs/core_cells/runs/SUN2/logs/placement/10-write_verilog.log"

Sun May 22 08:32:19 UTC 2022 - Executing "sed -i -e {s/\(set ::env(CURRENT_NETLIST)\).*/\1 \/openlane\/designs\/core_cells\/runs\/SUN2\/results\/placement\/core_cells.resized.v/} /openlane/designs/core_cells/runs/SUN2/config.tcl"

Sun May 22 08:32:19 UTC 2022 - Executing "sed -i -e {s/\(set ::env(PREV_NETLIST)\).*/\1 \/openlane\/designs\/core_cells\/runs\/SUN2\/results\/synthesis\/core_cells.v/} /openlane/designs/core_cells/runs/SUN2/config.tcl"

Sun May 22 08:32:19 UTC 2022 - Executing "openroad -exit /openlane/scripts/openroad/opendp.tcl |& tee /dev/null /openlane/designs/core_cells/runs/SUN2/logs/placement/11-detailed.log"

Sun May 22 08:32:19 UTC 2022 - Executing "openroad -exit /openlane/scripts/openroad/resizer_timing.tcl |& tee /dev/null /openlane/designs/core_cells/runs/SUN2/logs/cts/12-resizer.log"

Sun May 22 08:32:20 UTC 2022 - Executing "openroad -exit /openlane/scripts/openroad/write_verilog.tcl |& tee /dev/null /openlane/designs/core_cells/runs/SUN2/logs/cts/13-write_verilog.log"

Sun May 22 08:32:20 UTC 2022 - Executing "sed -i -e {s/\(set ::env(CURRENT_NETLIST)\).*/\1 \/openlane\/designs\/core_cells\/runs\/SUN2\/results\/cts\/core_cells.resized.v/} /openlane/designs/core_cells/runs/SUN2/config.tcl"

Sun May 22 08:32:20 UTC 2022 - Executing "sed -i -e {s/\(set ::env(PREV_NETLIST)\).*/\1 \/openlane\/designs\/core_cells\/runs\/SUN2\/results\/placement\/core_cells.resized.v/} /openlane/designs/core_cells/runs/SUN2/config.tcl"

Sun May 22 08:32:20 UTC 2022 - Executing "openroad -exit /openlane/scripts/openroad/resizer_routing_timing.tcl |& tee /dev/null /openlane/designs/core_cells/runs/SUN2/logs/routing/14-resizer.log"

Sun May 22 08:32:21 UTC 2022 - Executing "openroad -exit /openlane/scripts/openroad/write_verilog.tcl |& tee /dev/null /openlane/designs/core_cells/runs/SUN2/logs/routing/15-write_verilog.log"

Sun May 22 08:32:21 UTC 2022 - Executing "sed -i -e {s/\(set ::env(CURRENT_NETLIST)\).*/\1 \/openlane\/designs\/core_cells\/runs\/SUN2\/results\/routing\/core_cells.resized.v/} /openlane/designs/core_cells/runs/SUN2/config.tcl"

Sun May 22 08:32:21 UTC 2022 - Executing "sed -i -e {s/\(set ::env(PREV_NETLIST)\).*/\1 \/openlane\/designs\/core_cells\/runs\/SUN2\/results\/cts\/core_cells.resized.v/} /openlane/designs/core_cells/runs/SUN2/config.tcl"

Sun May 22 08:32:21 UTC 2022 - Executing "openroad -exit /openlane/scripts/openroad/opendp.tcl |& tee /dev/null /openlane/designs/core_cells/runs/SUN2/logs/routing/16-diode_legalization.log"

Sun May 22 08:32:21 UTC 2022 - Executing "openroad -exit /openlane/scripts/openroad/groute.tcl |& tee /dev/null /openlane/designs/core_cells/runs/SUN2/logs/routing/17-global.log"

Sun May 22 08:32:22 UTC 2022 - Executing "openroad -exit /openlane/scripts/openroad/fill.tcl |& tee /dev/null /openlane/designs/core_cells/runs/SUN2/logs/routing/18-fill.log"

Sun May 22 08:32:22 UTC 2022 - Executing "openroad -exit /openlane/scripts/openroad/write_verilog.tcl |& tee /dev/null /openlane/designs/core_cells/runs/SUN2/logs/routing/19-write_verilog_global.log"

Sun May 22 08:32:22 UTC 2022 - Executing "sed -i -e {s/\(set ::env(CURRENT_NETLIST)\).*/\1 \/openlane\/designs\/core_cells\/runs\/SUN2\/tmp\/routing\/18-global.v/} /openlane/designs/core_cells/runs/SUN2/config.tcl"

Sun May 22 08:32:22 UTC 2022 - Executing "sed -i -e {s/\(set ::env(PREV_NETLIST)\).*/\1 \/openlane\/designs\/core_cells\/runs\/SUN2\/results\/routing\/core_cells.resized.v/} /openlane/designs/core_cells/runs/SUN2/config.tcl"

Sun May 22 08:32:22 UTC 2022 - Executing "openroad -exit /openlane/scripts/openroad/droute.tcl |& tee /dev/null /openlane/designs/core_cells/runs/SUN2/logs/routing/20-detailed.log"

Sun May 22 08:32:29 UTC 2022 - Executing "openroad -python /openlane/scripts/tr_drc_to_klayout_drc.py -i /openlane/designs/core_cells/runs/SUN2/reports/routing/detailed.drc -o /openlane/designs/core_cells/runs/SUN2/reports/routing/detailed.klayout.xml --design-name core_cells"

Sun May 22 08:32:29 UTC 2022 - Executing "openroad -exit /openlane/scripts/openroad/write_verilog.tcl |& tee /dev/null /openlane/designs/core_cells/runs/SUN2/logs/routing/21-write_verilog_detailed.log"

Sun May 22 08:32:30 UTC 2022 - Executing "sed -i -e {s/\(set ::env(CURRENT_NETLIST)\).*/\1 \/openlane\/designs\/core_cells\/runs\/SUN2\/tmp\/routing\/20-detailed.v/} /openlane/designs/core_cells/runs/SUN2/config.tcl"

Sun May 22 08:32:30 UTC 2022 - Executing "sed -i -e {s/\(set ::env(PREV_NETLIST)\).*/\1 \/openlane\/designs\/core_cells\/runs\/SUN2\/tmp\/routing\/18-global.v/} /openlane/designs/core_cells/runs/SUN2/config.tcl"

Sun May 22 08:32:30 UTC 2022 - Executing "openroad -exit /openlane/scripts/openroad/rcx.tcl |& tee /dev/null /openlane/designs/core_cells/runs/SUN2/logs/signoff/22-parasitics_extraction.min.log"

Sun May 22 08:32:30 UTC 2022 - Executing "openroad -exit /openlane/scripts/openroad/sta_multi_corner.tcl |& tee /dev/null /openlane/designs/core_cells/runs/SUN2/logs/signoff/23-parasitics_multi_corner_sta.min.log"

Sun May 22 08:32:32 UTC 2022 - Executing "openroad -exit /openlane/scripts/openroad/rcx.tcl |& tee /dev/null /openlane/designs/core_cells/runs/SUN2/logs/signoff/24-parasitics_extraction.max.log"

Sun May 22 08:32:32 UTC 2022 - Executing "openroad -exit /openlane/scripts/openroad/sta_multi_corner.tcl |& tee /dev/null /openlane/designs/core_cells/runs/SUN2/logs/signoff/25-parasitics_multi_corner_sta.max.log"

Sun May 22 08:32:34 UTC 2022 - Executing "openroad -exit /openlane/scripts/openroad/rcx.tcl |& tee /dev/null /openlane/designs/core_cells/runs/SUN2/logs/signoff/26-parasitics_extraction.nom.log"

Sun May 22 08:32:34 UTC 2022 - Executing "openroad -exit /openlane/scripts/openroad/sta.tcl |& tee /dev/null /openlane/designs/core_cells/runs/SUN2/logs/signoff/27-parasitics_sta.log"

Sun May 22 08:32:35 UTC 2022 - Executing "openroad -exit /openlane/scripts/openroad/sta_multi_corner.tcl |& tee /dev/null /openlane/designs/core_cells/runs/SUN2/logs/signoff/28-parasitics_multi_corner_sta.log"

Sun May 22 08:32:36 UTC 2022 - Executing "magic -noconsole -dnull -rcfile /home/saul/installs/openlane/OpenLane/pdks/sky130A/libs.tech/magic/sky130A.magicrc /openlane/scripts/magic/mag_gds.tcl </dev/null |& tee /dev/null /openlane/designs/core_cells/runs/SUN2/logs/signoff/29-gdsii.log"

Sun May 22 08:32:37 UTC 2022 - Executing "magic -noconsole -dnull -rcfile /home/saul/installs/openlane/OpenLane/pdks/sky130A/libs.tech/magic/sky130A.magicrc /openlane/scripts/magic/gds_pointers.tcl </dev/null |& tee /dev/null /openlane/designs/core_cells/runs/SUN2/logs/signoff/29-gds_ptrs.log"

Sun May 22 08:32:37 UTC 2022 - Executing "sed -i -n {/^<< properties >>/,/^<< end >>/p} /openlane/designs/core_cells/runs/SUN2/tmp/signoff/gds_ptrs.mag"

Sun May 22 08:32:37 UTC 2022 - Executing "magic -noconsole -dnull -rcfile /home/saul/installs/openlane/OpenLane/pdks/sky130A/libs.tech/magic/sky130A.magicrc /openlane/scripts/magic/lef.tcl </dev/null |& tee /dev/null /openlane/designs/core_cells/runs/SUN2/logs/signoff/29-lef.log"

Sun May 22 08:32:40 UTC 2022 - Executing "magic -noconsole -dnull -rcfile /home/saul/installs/openlane/OpenLane/pdks/sky130A/libs.tech/magic/sky130A.magicrc /openlane/scripts/magic/maglef.tcl </dev/null |& tee /dev/null /openlane/designs/core_cells/runs/SUN2/logs/signoff/29-maglef.log"

Sun May 22 08:32:41 UTC 2022 - Executing "klayout -b -rm /openlane/scripts/klayout/def2gds.py -rd out_gds=/openlane/designs/core_cells/runs/SUN2/results/signoff/core_cells.klayout.gds -rd tech_file=/home/saul/installs/openlane/OpenLane/pdks/sky130A/libs.tech/klayout/sky130A.lyt -rd design_name=core_cells -rd in_def=/openlane/designs/core_cells/runs/SUN2/results/routing/core_cells.def -rd {in_gds=/home/saul/installs/openlane/OpenLane/pdks/sky130A/libs.ref/sky130_fd_sc_hd/gds/sky130_fd_sc_hd.gds    
    /openlane/designs/core_cells/macros/counter.gds} -rd config_file= -rd seal_gds= -rd lef_file=/openlane/designs/core_cells/runs/SUN2/tmp/merged.nom.lef |& tee /dev/null /openlane/designs/core_cells/runs/SUN2/logs/signoff/30-gdsii-klayout.log"

Sun May 22 08:32:41 UTC 2022 - Executing "bash /openlane/scripts/klayout/xor.sh /openlane/designs/core_cells/runs/SUN2/results/signoff/core_cells.gds /openlane/designs/core_cells/runs/SUN2/results/signoff/core_cells.klayout.gds core_cells /openlane/designs/core_cells/runs/SUN2/reports/signoff/core_cells.xor.gds |& tee /dev/null /openlane/designs/core_cells/runs/SUN2/logs/signoff/31-xor.log"

Sun May 22 08:32:48 UTC 2022 - Executing "openroad -python /openlane/scripts/parse_klayout_xor_log.py -l /openlane/designs/core_cells/runs/SUN2/logs/signoff/31-xor.log -o /openlane/designs/core_cells/runs/SUN2/reports/signoff/31-xor.rpt"

Sun May 22 08:32:48 UTC 2022 - Executing "bash /openlane/scripts/klayout/xor.sh /openlane/designs/core_cells/runs/SUN2/results/signoff/core_cells.gds /openlane/designs/core_cells/runs/SUN2/results/signoff/core_cells.klayout.gds core_cells /openlane/designs/core_cells/runs/SUN2/reports/signoff/core_cells.xor.xml |& tee /dev/null /openlane/designs/core_cells/runs/SUN2/logs/signoff/31-xor.log"

Sun May 22 08:32:54 UTC 2022 - Executing "openroad -python /openlane/scripts/parse_klayout_xor_log.py -l /openlane/designs/core_cells/runs/SUN2/logs/signoff/31-xor.log -o /openlane/designs/core_cells/runs/SUN2/reports/signoff/31-xor.rpt"

Sun May 22 08:32:54 UTC 2022 - Executing "magic -noconsole -dnull -rcfile /home/saul/installs/openlane/OpenLane/pdks/sky130A/libs.tech/magic/sky130A.magicrc /openlane/designs/core_cells/runs/SUN2/tmp/signoff/spice.tcl </dev/null |& tee /dev/null /openlane/designs/core_cells/runs/SUN2/logs/signoff/32-spice.log"

Sun May 22 08:33:00 UTC 2022 - Executing "openroad -python /openlane/scripts/write_powered_def.py -d /openlane/designs/core_cells/runs/SUN2/results/routing/core_cells.def -l /openlane/designs/core_cells/runs/SUN2/tmp/merged.nom.lef --power-port vccd1 --ground-port vssd1 --powered-netlist /openlane/designs/core_cells/runs/SUN2/tmp/synthesis/pg_define.v -o /openlane/designs/core_cells/runs/SUN2/tmp/signoff/32-powered_def.def |& tee /dev/null /openlane/designs/core_cells/runs/SUN2/logs/signoff/33-write_powered_def.log"

Sun May 22 08:33:01 UTC 2022 - Executing "openroad -exit /openlane/scripts/openroad/write_verilog.tcl |& tee /dev/null /dev/null"

Sun May 22 08:33:02 UTC 2022 - Executing "sed -i -e {s/\(set ::env(CURRENT_NETLIST)\).*/\1 \/openlane\/designs\/core_cells\/runs\/SUN2\/tmp\/signoff\/32-powered_netlist.v/} /openlane/designs/core_cells/runs/SUN2/config.tcl"

Sun May 22 08:33:02 UTC 2022 - Executing "sed -i -e {s/\(set ::env(PREV_NETLIST)\).*/\1 \/openlane\/designs\/core_cells\/runs\/SUN2\/tmp\/routing\/20-detailed.v/} /openlane/designs/core_cells/runs/SUN2/config.tcl"

Sun May 22 08:33:02 UTC 2022 - Executing "netgen -batch source /openlane/designs/core_cells/runs/SUN2/tmp/signoff/35-setup_file.lef.lvs |& tee /dev/null /openlane/designs/core_cells/runs/SUN2/logs/signoff/35-lef.log"

Sun May 22 08:33:02 UTC 2022 - Executing "magic -noconsole -dnull -rcfile /home/saul/installs/openlane/OpenLane/pdks/sky130A/libs.tech/magic/sky130A.magicrc /openlane/scripts/magic/drc.tcl </dev/null |& tee /dev/null /openlane/designs/core_cells/runs/SUN2/logs/signoff/36-drc.log"

Sun May 22 08:33:22 UTC 2022 - Executing "openroad -python /openlane/scripts/magic_drc_to_tcl.py -i /openlane/designs/core_cells/runs/SUN2/reports/signoff/drc.rpt -o /openlane/designs/core_cells/runs/SUN2/reports/signoff/drc.tcl"

Sun May 22 08:33:22 UTC 2022 - Executing "openroad -python /openlane/scripts/magic_drc_to_tr_drc.py -i /openlane/designs/core_cells/runs/SUN2/reports/signoff/drc.rpt -o /openlane/designs/core_cells/runs/SUN2/reports/signoff/drc.tr"

Sun May 22 08:33:22 UTC 2022 - Executing "openroad -python /openlane/scripts/tr_drc_to_klayout_drc.py -i /openlane/designs/core_cells/runs/SUN2/reports/signoff/drc.tr -o /openlane/designs/core_cells/runs/SUN2/reports/signoff/drc.klayout.xml --design-name core_cells"

Sun May 22 08:33:23 UTC 2022 - Executing "openroad -python /openlane/scripts/magic_drc_to_rdb.py --magic_drc_in /openlane/designs/core_cells/runs/SUN2/reports/signoff/drc.rpt --rdb_out /openlane/designs/core_cells/runs/SUN2/reports/signoff/drc.rdb"

Sun May 22 08:33:23 UTC 2022 - Executing "openroad -exit /openlane/scripts/openroad/antenna_check.tcl |& tee /dev/null /openlane/designs/core_cells/runs/SUN2/logs/signoff/37-antenna.log"

Sun May 22 08:33:23 UTC 2022 - Executing "openroad -python /openlane/scripts/generate_reports.py -d /openlane/designs/core_cells --design_name core_cells --tag SUN2 --output_file /openlane/designs/core_cells/runs/SUN2/reports/metrics.csv --man_report /openlane/designs/core_cells/runs/SUN2/reports/manufacturability.rpt --run_path /openlane/designs/core_cells/runs/SUN2"

