Instance name,  X location,  Y location,  Voltage 
PHY_448, 399.6, 247.52, 1.8
PHY_454, 399.6, 247.52, 1.8
PHY_449, 491.4, 247.52, 1.8
PHY_455, 491.4, 247.52, 1.8
PHY_436, 399.6, 242.08, 1.8
PHY_442, 399.6, 242.08, 1.8
PHY_437, 491.4, 242.08, 1.8
PHY_443, 491.4, 242.08, 1.8
PHY_424, 399.6, 236.64, 1.8
PHY_430, 399.6, 236.64, 1.8
PHY_425, 491.4, 236.64, 1.8
PHY_431, 491.4, 236.64, 1.8
PHY_412, 399.6, 231.2, 1.8
PHY_418, 399.6, 231.2, 1.8
PHY_413, 491.4, 231.2, 1.8
PHY_419, 491.4, 231.2, 1.8
PHY_400, 399.6, 225.76, 1.8
PHY_406, 399.6, 225.76, 1.8
PHY_401, 491.4, 225.76, 1.8
PHY_407, 491.4, 225.76, 1.8
PHY_388, 399.6, 220.32, 1.8
PHY_394, 399.6, 220.32, 1.8
PHY_389, 491.4, 220.32, 1.8
PHY_395, 491.4, 220.32, 1.8
PHY_376, 399.6, 214.88, 1.8
PHY_382, 399.6, 214.88, 1.8
PHY_377, 491.4, 214.88, 1.8
PHY_383, 491.4, 214.88, 1.8
PHY_364, 399.6, 209.44, 1.8
PHY_370, 399.6, 209.44, 1.8
PHY_365, 491.4, 209.44, 1.8
PHY_371, 491.4, 209.44, 1.8
PHY_352, 399.6, 204, 1.8
PHY_358, 399.6, 204, 1.8
PHY_353, 491.4, 204, 1.8
PHY_359, 491.4, 204, 1.8
PHY_340, 399.6, 198.56, 1.8
PHY_346, 399.6, 198.56, 1.8
PHY_341, 491.4, 198.56, 1.8
PHY_347, 491.4, 198.56, 1.8
PHY_328, 399.6, 193.12, 1.8
PHY_334, 399.6, 193.12, 1.8
PHY_329, 491.4, 193.12, 1.8
PHY_335, 491.4, 193.12, 1.8
PHY_316, 399.6, 187.68, 1.8
PHY_322, 399.6, 187.68, 1.8
PHY_317, 491.4, 187.68, 1.8
PHY_323, 491.4, 187.68, 1.8
PHY_304, 399.6, 182.24, 1.8
PHY_310, 399.6, 182.24, 1.8
PHY_305, 491.4, 182.24, 1.8
PHY_311, 491.4, 182.24, 1.8
PHY_292, 399.6, 176.8, 1.8
PHY_298, 399.6, 176.8, 1.8
PHY_293, 491.4, 176.8, 1.8
PHY_299, 491.4, 176.8, 1.8
PHY_280, 399.6, 171.36, 1.8
PHY_286, 399.6, 171.36, 1.8
PHY_281, 491.4, 171.36, 1.8
PHY_287, 491.4, 171.36, 1.8
PHY_268, 399.6, 165.92, 1.8
PHY_274, 399.6, 165.92, 1.8
PHY_269, 491.4, 165.92, 1.8
PHY_275, 491.4, 165.92, 1.8
PHY_256, 399.6, 160.48, 1.8
PHY_262, 399.6, 160.48, 1.8
PHY_257, 491.4, 160.48, 1.8
PHY_263, 491.4, 160.48, 1.8
PHY_244, 399.6, 155.04, 1.8
PHY_250, 399.6, 155.04, 1.8
PHY_245, 491.4, 155.04, 1.8
PHY_251, 491.4, 155.04, 1.8
PHY_232, 399.6, 149.6, 1.8
PHY_238, 399.6, 149.6, 1.8
PHY_233, 491.4, 149.6, 1.8
PHY_239, 491.4, 149.6, 1.8
PHY_220, 399.6, 144.16, 1.8
PHY_226, 399.6, 144.16, 1.8
PHY_221, 491.4, 144.16, 1.8
PHY_227, 491.4, 144.16, 1.8
PHY_208, 399.6, 138.72, 1.8
PHY_214, 399.6, 138.72, 1.8
PHY_209, 491.4, 138.72, 1.8
PHY_215, 491.4, 138.72, 1.8
PHY_196, 399.6, 133.28, 1.8
PHY_202, 399.6, 133.28, 1.8
PHY_197, 491.4, 133.28, 1.8
PHY_203, 491.4, 133.28, 1.8
PHY_184, 399.6, 127.84, 1.8
PHY_190, 399.6, 127.84, 1.8
PHY_185, 491.4, 127.84, 1.8
PHY_191, 491.4, 127.84, 1.8
PHY_172, 399.6, 122.4, 1.8
PHY_178, 399.6, 122.4, 1.8
PHY_173, 491.4, 122.4, 1.8
PHY_179, 491.4, 122.4, 1.8
PHY_160, 399.6, 116.96, 1.8
PHY_166, 399.6, 116.96, 1.8
PHY_161, 491.4, 116.96, 1.8
PHY_167, 491.4, 116.96, 1.8
PHY_148, 399.6, 111.52, 1.8
PHY_154, 399.6, 111.52, 1.8
PHY_149, 491.4, 111.52, 1.8
PHY_155, 491.4, 111.52, 1.8
PHY_136, 399.6, 106.08, 1.8
PHY_142, 399.6, 106.08, 1.8
PHY_137, 491.4, 106.08, 1.8
PHY_143, 491.4, 106.08, 1.8
PHY_124, 399.6, 100.64, 1.8
PHY_130, 399.6, 100.64, 1.8
PHY_125, 491.4, 100.64, 1.8
PHY_131, 491.4, 100.64, 1.8
PHY_112, 399.6, 95.2, 1.8
PHY_118, 399.6, 95.2, 1.8
PHY_113, 491.4, 95.2, 1.8
PHY_119, 491.4, 95.2, 1.8
PHY_100, 399.6, 89.76, 1.8
PHY_106, 399.6, 89.76, 1.8
PHY_101, 491.4, 89.76, 1.8
PHY_107, 491.4, 89.76, 1.8
PHY_88, 399.6, 84.32, 1.8
PHY_94, 399.6, 84.32, 1.8
PHY_89, 491.4, 84.32, 1.8
PHY_95, 491.4, 84.32, 1.8
PHY_76, 399.6, 78.88, 1.8
PHY_82, 399.6, 78.88, 1.8
PHY_77, 491.4, 78.88, 1.8
PHY_83, 491.4, 78.88, 1.8
PHY_64, 399.6, 73.44, 1.8
PHY_70, 399.6, 73.44, 1.8
PHY_65, 491.4, 73.44, 1.8
PHY_71, 491.4, 73.44, 1.8
PHY_52, 399.6, 68, 1.8
PHY_58, 399.6, 68, 1.8
PHY_53, 491.4, 68, 1.8
PHY_59, 491.4, 68, 1.8
PHY_40, 399.6, 62.56, 1.8
PHY_46, 399.6, 62.56, 1.8
PHY_41, 491.4, 62.56, 1.8
PHY_47, 491.4, 62.56, 1.8
PHY_446, 194.4, 247.52, 1.8
PHY_452, 194.4, 247.52, 1.8
PHY_447, 286.2, 247.52, 1.8
PHY_453, 286.2, 247.52, 1.8
PHY_434, 194.4, 242.08, 1.8
PHY_440, 194.4, 242.08, 1.8
PHY_435, 286.2, 242.08, 1.8
PHY_441, 286.2, 242.08, 1.8
PHY_422, 194.4, 236.64, 1.8
PHY_428, 194.4, 236.64, 1.8
PHY_423, 286.2, 236.64, 1.8
PHY_429, 286.2, 236.64, 1.8
PHY_410, 194.4, 231.2, 1.8
PHY_416, 194.4, 231.2, 1.8
PHY_411, 286.2, 231.2, 1.8
PHY_417, 286.2, 231.2, 1.8
PHY_398, 194.4, 225.76, 1.8
PHY_404, 194.4, 225.76, 1.8
PHY_399, 286.2, 225.76, 1.8
PHY_405, 286.2, 225.76, 1.8
PHY_386, 194.4, 220.32, 1.8
PHY_392, 194.4, 220.32, 1.8
PHY_387, 286.2, 220.32, 1.8
PHY_393, 286.2, 220.32, 1.8
PHY_374, 194.4, 214.88, 1.8
PHY_380, 194.4, 214.88, 1.8
PHY_375, 286.2, 214.88, 1.8
PHY_381, 286.2, 214.88, 1.8
PHY_362, 194.4, 209.44, 1.8
PHY_368, 194.4, 209.44, 1.8
PHY_363, 286.2, 209.44, 1.8
PHY_369, 286.2, 209.44, 1.8
PHY_350, 194.4, 204, 1.8
PHY_356, 194.4, 204, 1.8
PHY_351, 286.2, 204, 1.8
PHY_357, 286.2, 204, 1.8
PHY_338, 194.4, 198.56, 1.8
PHY_344, 194.4, 198.56, 1.8
PHY_339, 286.2, 198.56, 1.8
PHY_345, 286.2, 198.56, 1.8
PHY_326, 194.4, 193.12, 1.8
PHY_332, 194.4, 193.12, 1.8
PHY_327, 286.2, 193.12, 1.8
PHY_333, 286.2, 193.12, 1.8
PHY_314, 194.4, 187.68, 1.8
PHY_320, 194.4, 187.68, 1.8
PHY_315, 286.2, 187.68, 1.8
PHY_321, 286.2, 187.68, 1.8
PHY_302, 194.4, 182.24, 1.8
PHY_308, 194.4, 182.24, 1.8
PHY_303, 286.2, 182.24, 1.8
PHY_309, 286.2, 182.24, 1.8
PHY_290, 194.4, 176.8, 1.8
PHY_296, 194.4, 176.8, 1.8
PHY_291, 286.2, 176.8, 1.8
PHY_297, 286.2, 176.8, 1.8
PHY_278, 194.4, 171.36, 1.8
PHY_284, 194.4, 171.36, 1.8
PHY_279, 286.2, 171.36, 1.8
PHY_285, 286.2, 171.36, 1.8
PHY_266, 194.4, 165.92, 1.8
PHY_272, 194.4, 165.92, 1.8
PHY_267, 286.2, 165.92, 1.8
PHY_273, 286.2, 165.92, 1.8
PHY_254, 194.4, 160.48, 1.8
PHY_260, 194.4, 160.48, 1.8
PHY_255, 286.2, 160.48, 1.8
PHY_261, 286.2, 160.48, 1.8
PHY_242, 194.4, 155.04, 1.8
PHY_248, 194.4, 155.04, 1.8
PHY_243, 286.2, 155.04, 1.8
PHY_249, 286.2, 155.04, 1.8
PHY_230, 194.4, 149.6, 1.8
PHY_236, 194.4, 149.6, 1.8
PHY_231, 286.2, 149.6, 1.8
PHY_237, 286.2, 149.6, 1.8
PHY_218, 194.4, 144.16, 1.8
PHY_224, 194.4, 144.16, 1.8
PHY_219, 286.2, 144.16, 1.8
PHY_225, 286.2, 144.16, 1.8
PHY_206, 194.4, 138.72, 1.8
PHY_212, 194.4, 138.72, 1.8
PHY_207, 286.2, 138.72, 1.8
PHY_213, 286.2, 138.72, 1.8
PHY_194, 194.4, 133.28, 1.8
PHY_200, 194.4, 133.28, 1.8
PHY_195, 286.2, 133.28, 1.8
PHY_201, 286.2, 133.28, 1.8
PHY_182, 194.4, 127.84, 1.8
PHY_188, 194.4, 127.84, 1.8
PHY_183, 286.2, 127.84, 1.8
PHY_189, 286.2, 127.84, 1.8
PHY_170, 194.4, 122.4, 1.8
PHY_176, 194.4, 122.4, 1.8
PHY_171, 286.2, 122.4, 1.8
PHY_177, 286.2, 122.4, 1.8
PHY_158, 194.4, 116.96, 1.8
PHY_164, 194.4, 116.96, 1.8
PHY_159, 286.2, 116.96, 1.8
PHY_165, 286.2, 116.96, 1.8
PHY_146, 194.4, 111.52, 1.8
PHY_152, 194.4, 111.52, 1.8
PHY_147, 286.2, 111.52, 1.8
PHY_153, 286.2, 111.52, 1.8
PHY_134, 194.4, 106.08, 1.8
PHY_140, 194.4, 106.08, 1.8
PHY_135, 286.2, 106.08, 1.8
PHY_141, 286.2, 106.08, 1.8
PHY_122, 194.4, 100.64, 1.8
PHY_128, 194.4, 100.64, 1.8
PHY_123, 286.2, 100.64, 1.8
PHY_129, 286.2, 100.64, 1.8
PHY_110, 194.4, 95.2, 1.8
PHY_116, 194.4, 95.2, 1.8
PHY_111, 286.2, 95.2, 1.8
PHY_117, 286.2, 95.2, 1.8
PHY_104, 194.4, 89.76, 1.8
PHY_98, 194.4, 89.76, 1.8
PHY_105, 286.2, 89.76, 1.8
PHY_99, 286.2, 89.76, 1.8
PHY_86, 194.4, 84.32, 1.8
PHY_92, 194.4, 84.32, 1.8
PHY_87, 286.2, 84.32, 1.8
PHY_93, 286.2, 84.32, 1.8
PHY_74, 194.4, 78.88, 1.8
PHY_80, 194.4, 78.88, 1.8
PHY_75, 286.2, 78.88, 1.8
PHY_81, 286.2, 78.88, 1.8
PHY_62, 194.4, 73.44, 1.8
PHY_68, 194.4, 73.44, 1.8
PHY_63, 286.2, 73.44, 1.8
PHY_69, 286.2, 73.44, 1.8
PHY_50, 194.4, 68, 1.8
PHY_56, 194.4, 68, 1.8
PHY_51, 286.2, 68, 1.8
PHY_57, 286.2, 68, 1.8
PHY_38, 194.4, 62.56, 1.8
PHY_44, 194.4, 62.56, 1.8
PHY_39, 286.2, 62.56, 1.8
PHY_45, 286.2, 62.56, 1.8
PHY_456, 5.4, 252.96, 1.8
PHY_462, 5.4, 252.96, 1.8
PHY_457, 86.4, 252.96, 1.8
PHY_458, 194.4, 252.96, 1.8
PHY_459, 286.2, 252.96, 1.8
PHY_460, 399.6, 252.96, 1.8
PHY_461, 491.4, 252.96, 1.8
PHY_463, 491.4, 252.96, 1.8
PHY_632, 5.4, 486.88, 1.8
PHY_633, 491.4, 486.88, 1.8
PHY_628, 5.4, 481.44, 1.8
PHY_630, 5.4, 481.44, 1.8
PHY_629, 491.4, 481.44, 1.8
PHY_631, 491.4, 481.44, 1.8
PHY_624, 5.4, 476, 1.8
PHY_626, 5.4, 476, 1.8
PHY_625, 491.4, 476, 1.8
PHY_627, 491.4, 476, 1.8
PHY_620, 5.4, 470.56, 1.8
PHY_622, 5.4, 470.56, 1.8
PHY_621, 491.4, 470.56, 1.8
PHY_623, 491.4, 470.56, 1.8
PHY_616, 5.4, 465.12, 1.8
PHY_618, 5.4, 465.12, 1.8
PHY_617, 491.4, 465.12, 1.8
PHY_619, 491.4, 465.12, 1.8
PHY_612, 5.4, 459.68, 1.8
PHY_614, 5.4, 459.68, 1.8
PHY_613, 491.4, 459.68, 1.8
PHY_615, 491.4, 459.68, 1.8
PHY_608, 5.4, 454.24, 1.8
PHY_610, 5.4, 454.24, 1.8
PHY_609, 491.4, 454.24, 1.8
PHY_611, 491.4, 454.24, 1.8
PHY_604, 5.4, 448.8, 1.8
PHY_606, 5.4, 448.8, 1.8
PHY_605, 491.4, 448.8, 1.8
PHY_607, 491.4, 448.8, 1.8
PHY_600, 5.4, 443.36, 1.8
PHY_602, 5.4, 443.36, 1.8
PHY_601, 491.4, 443.36, 1.8
PHY_603, 491.4, 443.36, 1.8
PHY_596, 5.4, 437.92, 1.8
PHY_598, 5.4, 437.92, 1.8
PHY_597, 491.4, 437.92, 1.8
PHY_599, 491.4, 437.92, 1.8
PHY_592, 5.4, 432.48, 1.8
PHY_594, 5.4, 432.48, 1.8
PHY_593, 491.4, 432.48, 1.8
PHY_595, 491.4, 432.48, 1.8
PHY_588, 5.4, 427.04, 1.8
PHY_590, 5.4, 427.04, 1.8
PHY_589, 491.4, 427.04, 1.8
PHY_591, 491.4, 427.04, 1.8
PHY_584, 5.4, 421.6, 1.8
PHY_586, 5.4, 421.6, 1.8
PHY_585, 491.4, 421.6, 1.8
PHY_587, 491.4, 421.6, 1.8
PHY_580, 5.4, 416.16, 1.8
PHY_582, 5.4, 416.16, 1.8
PHY_581, 491.4, 416.16, 1.8
PHY_583, 491.4, 416.16, 1.8
PHY_576, 5.4, 410.72, 1.8
PHY_578, 5.4, 410.72, 1.8
PHY_577, 491.4, 410.72, 1.8
PHY_579, 491.4, 410.72, 1.8
PHY_572, 5.4, 405.28, 1.8
PHY_574, 5.4, 405.28, 1.8
PHY_573, 491.4, 405.28, 1.8
PHY_575, 491.4, 405.28, 1.8
PHY_568, 5.4, 399.84, 1.8
PHY_570, 5.4, 399.84, 1.8
PHY_569, 491.4, 399.84, 1.8
PHY_571, 491.4, 399.84, 1.8
PHY_564, 5.4, 394.4, 1.8
PHY_566, 5.4, 394.4, 1.8
PHY_565, 491.4, 394.4, 1.8
PHY_567, 491.4, 394.4, 1.8
PHY_560, 5.4, 388.96, 1.8
PHY_562, 5.4, 388.96, 1.8
PHY_561, 491.4, 388.96, 1.8
PHY_563, 491.4, 388.96, 1.8
PHY_556, 5.4, 383.52, 1.8
PHY_558, 5.4, 383.52, 1.8
PHY_557, 491.4, 383.52, 1.8
PHY_559, 491.4, 383.52, 1.8
PHY_552, 5.4, 378.08, 1.8
PHY_554, 5.4, 378.08, 1.8
PHY_553, 491.4, 378.08, 1.8
PHY_555, 491.4, 378.08, 1.8
PHY_548, 5.4, 372.64, 1.8
PHY_550, 5.4, 372.64, 1.8
PHY_549, 491.4, 372.64, 1.8
PHY_551, 491.4, 372.64, 1.8
PHY_544, 5.4, 367.2, 1.8
PHY_546, 5.4, 367.2, 1.8
PHY_545, 491.4, 367.2, 1.8
PHY_547, 491.4, 367.2, 1.8
PHY_540, 5.4, 361.76, 1.8
PHY_542, 5.4, 361.76, 1.8
PHY_541, 491.4, 361.76, 1.8
PHY_543, 491.4, 361.76, 1.8
PHY_536, 5.4, 356.32, 1.8
PHY_538, 5.4, 356.32, 1.8
PHY_537, 491.4, 356.32, 1.8
PHY_539, 491.4, 356.32, 1.8
PHY_532, 5.4, 350.88, 1.8
PHY_534, 5.4, 350.88, 1.8
PHY_533, 491.4, 350.88, 1.8
PHY_535, 491.4, 350.88, 1.8
PHY_528, 5.4, 345.44, 1.8
PHY_530, 5.4, 345.44, 1.8
PHY_529, 491.4, 345.44, 1.8
PHY_531, 491.4, 345.44, 1.8
PHY_524, 5.4, 340, 1.8
PHY_526, 5.4, 340, 1.8
PHY_525, 491.4, 340, 1.8
PHY_527, 491.4, 340, 1.8
PHY_520, 5.4, 334.56, 1.8
PHY_522, 5.4, 334.56, 1.8
PHY_521, 491.4, 334.56, 1.8
PHY_523, 491.4, 334.56, 1.8
PHY_516, 5.4, 329.12, 1.8
PHY_518, 5.4, 329.12, 1.8
PHY_517, 491.4, 329.12, 1.8
PHY_519, 491.4, 329.12, 1.8
PHY_512, 5.4, 323.68, 1.8
PHY_514, 5.4, 323.68, 1.8
PHY_513, 491.4, 323.68, 1.8
PHY_515, 491.4, 323.68, 1.8
PHY_508, 5.4, 318.24, 1.8
PHY_510, 5.4, 318.24, 1.8
PHY_509, 491.4, 318.24, 1.8
PHY_511, 491.4, 318.24, 1.8
PHY_504, 5.4, 312.8, 1.8
PHY_506, 5.4, 312.8, 1.8
PHY_505, 491.4, 312.8, 1.8
PHY_507, 491.4, 312.8, 1.8
PHY_500, 5.4, 307.36, 1.8
PHY_502, 5.4, 307.36, 1.8
PHY_501, 491.4, 307.36, 1.8
PHY_503, 491.4, 307.36, 1.8
PHY_496, 5.4, 301.92, 1.8
PHY_498, 5.4, 301.92, 1.8
PHY_497, 491.4, 301.92, 1.8
PHY_499, 491.4, 301.92, 1.8
PHY_492, 5.4, 296.48, 1.8
PHY_494, 5.4, 296.48, 1.8
PHY_493, 491.4, 296.48, 1.8
PHY_495, 491.4, 296.48, 1.8
PHY_488, 5.4, 291.04, 1.8
PHY_490, 5.4, 291.04, 1.8
PHY_489, 491.4, 291.04, 1.8
PHY_491, 491.4, 291.04, 1.8
PHY_484, 5.4, 285.6, 1.8
PHY_486, 5.4, 285.6, 1.8
PHY_485, 491.4, 285.6, 1.8
PHY_487, 491.4, 285.6, 1.8
PHY_480, 5.4, 280.16, 1.8
PHY_482, 5.4, 280.16, 1.8
PHY_481, 491.4, 280.16, 1.8
PHY_483, 491.4, 280.16, 1.8
PHY_476, 5.4, 274.72, 1.8
PHY_478, 5.4, 274.72, 1.8
PHY_477, 491.4, 274.72, 1.8
PHY_479, 491.4, 274.72, 1.8
PHY_472, 5.4, 269.28, 1.8
PHY_474, 5.4, 269.28, 1.8
PHY_473, 491.4, 269.28, 1.8
PHY_475, 491.4, 269.28, 1.8
PHY_468, 5.4, 263.84, 1.8
PHY_470, 5.4, 263.84, 1.8
PHY_469, 491.4, 263.84, 1.8
PHY_471, 491.4, 263.84, 1.8
PHY_464, 5.4, 258.4, 1.8
PHY_466, 5.4, 258.4, 1.8
PHY_465, 491.4, 258.4, 1.8
PHY_467, 491.4, 258.4, 1.8
PHY_444, 5.4, 247.52, 1.8
PHY_450, 5.4, 247.52, 1.8
PHY_445, 86.4, 247.52, 1.8
PHY_451, 86.4, 247.52, 1.8
PHY_432, 5.4, 242.08, 1.8
PHY_438, 5.4, 242.08, 1.8
PHY_433, 86.4, 242.08, 1.8
PHY_439, 86.4, 242.08, 1.8
PHY_420, 5.4, 236.64, 1.8
PHY_426, 5.4, 236.64, 1.8
PHY_421, 86.4, 236.64, 1.8
PHY_427, 86.4, 236.64, 1.8
PHY_408, 5.4, 231.2, 1.8
PHY_414, 5.4, 231.2, 1.8
PHY_409, 86.4, 231.2, 1.8
PHY_415, 86.4, 231.2, 1.8
PHY_396, 5.4, 225.76, 1.8
PHY_402, 5.4, 225.76, 1.8
PHY_397, 86.4, 225.76, 1.8
PHY_403, 86.4, 225.76, 1.8
PHY_384, 5.4, 220.32, 1.8
PHY_390, 5.4, 220.32, 1.8
PHY_385, 86.4, 220.32, 1.8
PHY_391, 86.4, 220.32, 1.8
PHY_372, 5.4, 214.88, 1.8
PHY_378, 5.4, 214.88, 1.8
PHY_373, 86.4, 214.88, 1.8
PHY_379, 86.4, 214.88, 1.8
PHY_360, 5.4, 209.44, 1.8
PHY_366, 5.4, 209.44, 1.8
PHY_361, 86.4, 209.44, 1.8
PHY_367, 86.4, 209.44, 1.8
PHY_348, 5.4, 204, 1.8
PHY_354, 5.4, 204, 1.8
PHY_349, 86.4, 204, 1.8
PHY_355, 86.4, 204, 1.8
PHY_336, 5.4, 198.56, 1.8
PHY_342, 5.4, 198.56, 1.8
PHY_337, 86.4, 198.56, 1.8
PHY_343, 86.4, 198.56, 1.8
PHY_324, 5.4, 193.12, 1.8
PHY_330, 5.4, 193.12, 1.8
PHY_325, 86.4, 193.12, 1.8
PHY_331, 86.4, 193.12, 1.8
PHY_312, 5.4, 187.68, 1.8
PHY_318, 5.4, 187.68, 1.8
PHY_313, 86.4, 187.68, 1.8
PHY_319, 86.4, 187.68, 1.8
PHY_300, 5.4, 182.24, 1.8
PHY_306, 5.4, 182.24, 1.8
PHY_301, 86.4, 182.24, 1.8
PHY_307, 86.4, 182.24, 1.8
PHY_288, 5.4, 176.8, 1.8
PHY_294, 5.4, 176.8, 1.8
PHY_289, 86.4, 176.8, 1.8
PHY_295, 86.4, 176.8, 1.8
PHY_276, 5.4, 171.36, 1.8
PHY_282, 5.4, 171.36, 1.8
PHY_277, 86.4, 171.36, 1.8
PHY_283, 86.4, 171.36, 1.8
PHY_264, 5.4, 165.92, 1.8
PHY_270, 5.4, 165.92, 1.8
PHY_265, 86.4, 165.92, 1.8
PHY_271, 86.4, 165.92, 1.8
PHY_252, 5.4, 160.48, 1.8
PHY_258, 5.4, 160.48, 1.8
PHY_253, 86.4, 160.48, 1.8
PHY_259, 86.4, 160.48, 1.8
PHY_240, 5.4, 155.04, 1.8
PHY_246, 5.4, 155.04, 1.8
PHY_241, 86.4, 155.04, 1.8
PHY_247, 86.4, 155.04, 1.8
PHY_228, 5.4, 149.6, 1.8
PHY_234, 5.4, 149.6, 1.8
PHY_229, 86.4, 149.6, 1.8
PHY_235, 86.4, 149.6, 1.8
PHY_216, 5.4, 144.16, 1.8
PHY_222, 5.4, 144.16, 1.8
PHY_217, 86.4, 144.16, 1.8
PHY_223, 86.4, 144.16, 1.8
PHY_204, 5.4, 138.72, 1.8
PHY_210, 5.4, 138.72, 1.8
PHY_205, 86.4, 138.72, 1.8
PHY_211, 86.4, 138.72, 1.8
PHY_192, 5.4, 133.28, 1.8
PHY_198, 5.4, 133.28, 1.8
PHY_193, 86.4, 133.28, 1.8
PHY_199, 86.4, 133.28, 1.8
PHY_180, 5.4, 127.84, 1.8
PHY_186, 5.4, 127.84, 1.8
PHY_181, 86.4, 127.84, 1.8
PHY_187, 86.4, 127.84, 1.8
PHY_168, 5.4, 122.4, 1.8
PHY_174, 5.4, 122.4, 1.8
PHY_169, 86.4, 122.4, 1.8
PHY_175, 86.4, 122.4, 1.8
PHY_156, 5.4, 116.96, 1.8
PHY_162, 5.4, 116.96, 1.8
PHY_157, 86.4, 116.96, 1.8
PHY_163, 86.4, 116.96, 1.8
PHY_144, 5.4, 111.52, 1.8
PHY_150, 5.4, 111.52, 1.8
PHY_145, 86.4, 111.52, 1.8
PHY_151, 86.4, 111.52, 1.8
PHY_132, 5.4, 106.08, 1.8
PHY_138, 5.4, 106.08, 1.8
PHY_133, 86.4, 106.08, 1.8
PHY_139, 86.4, 106.08, 1.8
PHY_120, 5.4, 100.64, 1.8
PHY_126, 5.4, 100.64, 1.8
PHY_121, 86.4, 100.64, 1.8
PHY_127, 86.4, 100.64, 1.8
PHY_108, 5.4, 95.2, 1.8
PHY_114, 5.4, 95.2, 1.8
PHY_109, 86.4, 95.2, 1.8
PHY_115, 86.4, 95.2, 1.8
PHY_102, 5.4, 89.76, 1.8
PHY_96, 5.4, 89.76, 1.8
PHY_103, 86.4, 89.76, 1.8
PHY_97, 86.4, 89.76, 1.8
PHY_84, 5.4, 84.32, 1.8
PHY_90, 5.4, 84.32, 1.8
PHY_85, 86.4, 84.32, 1.8
PHY_91, 86.4, 84.32, 1.8
PHY_72, 5.4, 78.88, 1.8
PHY_78, 5.4, 78.88, 1.8
PHY_73, 86.4, 78.88, 1.8
PHY_79, 86.4, 78.88, 1.8
PHY_60, 5.4, 73.44, 1.8
PHY_66, 5.4, 73.44, 1.8
PHY_61, 86.4, 73.44, 1.8
PHY_67, 86.4, 73.44, 1.8
PHY_48, 5.4, 68, 1.8
PHY_54, 5.4, 68, 1.8
PHY_49, 86.4, 68, 1.8
PHY_55, 86.4, 68, 1.8
PHY_36, 5.4, 62.56, 1.8
PHY_42, 5.4, 62.56, 1.8
PHY_37, 86.4, 62.56, 1.8
PHY_43, 86.4, 62.56, 1.8
PHY_32, 5.4, 57.12, 1.8
PHY_34, 5.4, 57.12, 1.8
PHY_33, 491.4, 57.12, 1.8
PHY_35, 491.4, 57.12, 1.8
PHY_28, 5.4, 51.68, 1.8
PHY_30, 5.4, 51.68, 1.8
PHY_29, 491.4, 51.68, 1.8
PHY_31, 491.4, 51.68, 1.8
PHY_24, 5.4, 46.24, 1.8
PHY_26, 5.4, 46.24, 1.8
PHY_25, 491.4, 46.24, 1.8
PHY_27, 491.4, 46.24, 1.8
PHY_20, 5.4, 40.8, 1.8
PHY_22, 5.4, 40.8, 1.8
PHY_21, 491.4, 40.8, 1.8
PHY_23, 491.4, 40.8, 1.8
PHY_16, 5.4, 35.36, 1.8
PHY_18, 5.4, 35.36, 1.8
PHY_17, 491.4, 35.36, 1.8
PHY_19, 491.4, 35.36, 1.8
PHY_12, 5.4, 29.92, 1.8
PHY_14, 5.4, 29.92, 1.8
PHY_13, 491.4, 29.92, 1.8
PHY_15, 491.4, 29.92, 1.8
PHY_10, 5.4, 24.48, 1.8
PHY_8, 5.4, 24.48, 1.8
PHY_11, 491.4, 24.48, 1.8
PHY_9, 491.4, 24.48, 1.8
PHY_4, 5.4, 19.04, 1.8
PHY_6, 5.4, 19.04, 1.8
PHY_5, 491.4, 19.04, 1.8
PHY_7, 491.4, 19.04, 1.8
PHY_0, 5.4, 13.6, 1.8
PHY_2, 5.4, 13.6, 1.8
PHY_1, 491.4, 13.6, 1.8
PHY_3, 491.4, 13.6, 1.8

