First Layout: /openlane/designs/core/runs/SUN1/results/signoff/core.gds
Second Layout: /openlane/designs/core/runs/SUN1/results/signoff/core.klayout.gds
Design Name: core
Output GDS will be: /openlane/designs/core/runs/SUN1/reports/signoff/core.xor.xml
Reading /openlane/designs/core/runs/SUN1/results/signoff/core.gds ..
Reading /openlane/designs/core/runs/SUN1/results/signoff/core.klayout.gds ..
--- Running XOR for 122/16 ---
"input" in: xor.drc:38
    Polygons (raw): 2084 (flat)  22 (hierarchical)
    Elapsed: 0.000s  Memory: 347.00M
"input" in: xor.drc:38
    Polygons (raw): 4168 (flat)  44 (hierarchical)
    Elapsed: 0.010s  Memory: 347.00M
"^" in: xor.drc:38
    Polygons (raw): 0 (flat)  0 (hierarchical)
    Elapsed: 0.010s  Memory: 347.00M
XOR differences: 0
"output" in: xor.drc:40
    Polygons (raw): 0 (flat)  0 (hierarchical)
    Elapsed: 0.000s  Memory: 347.00M
--- Running XOR for 235/4 ---
"input" in: xor.drc:38
    Polygons (raw): 3 (flat)  2 (hierarchical)
    Elapsed: 0.000s  Memory: 347.00M
"input" in: xor.drc:38
    Polygons (raw): 3 (flat)  2 (hierarchical)
    Elapsed: 0.010s  Memory: 347.00M
"^" in: xor.drc:38
    Polygons (raw): 0 (flat)  0 (hierarchical)
    Elapsed: 0.000s  Memory: 347.00M
XOR differences: 0
"output" in: xor.drc:40
    Polygons (raw): 0 (flat)  0 (hierarchical)
    Elapsed: 0.000s  Memory: 347.00M
--- Running XOR for 236/0 ---
"input" in: xor.drc:38
    Polygons (raw): 1790 (flat)  17 (hierarchical)
    Elapsed: 0.000s  Memory: 347.00M
"input" in: xor.drc:38
    Polygons (raw): 3580 (flat)  34 (hierarchical)
    Elapsed: 0.000s  Memory: 347.00M
"^" in: xor.drc:38
    Polygons (raw): 0 (flat)  0 (hierarchical)
    Elapsed: 0.020s  Memory: 347.00M
XOR differences: 0
"output" in: xor.drc:40
    Polygons (raw): 0 (flat)  0 (hierarchical)
    Elapsed: 0.000s  Memory: 347.00M
--- Running XOR for 64/16 ---
"input" in: xor.drc:38
    Polygons (raw): 2084 (flat)  22 (hierarchical)
    Elapsed: 0.000s  Memory: 347.00M
"input" in: xor.drc:38
    Polygons (raw): 4168 (flat)  44 (hierarchical)
    Elapsed: 0.000s  Memory: 347.00M
"^" in: xor.drc:38
    Polygons (raw): 0 (flat)  0 (hierarchical)
    Elapsed: 0.020s  Memory: 348.00M
XOR differences: 0
"output" in: xor.drc:40
    Polygons (raw): 0 (flat)  0 (hierarchical)
    Elapsed: 0.000s  Memory: 348.00M
--- Running XOR for 64/20 ---
"input" in: xor.drc:38
    Polygons (raw): 2354 (flat)  20 (hierarchical)
    Elapsed: 0.000s  Memory: 348.00M
"input" in: xor.drc:38
    Polygons (raw): 4708 (flat)  40 (hierarchical)
    Elapsed: 0.000s  Memory: 348.00M
"^" in: xor.drc:38
    Polygons (raw): 0 (flat)  0 (hierarchical)
    Elapsed: 0.020s  Memory: 349.00M
XOR differences: 0
"output" in: xor.drc:40
    Polygons (raw): 0 (flat)  0 (hierarchical)
    Elapsed: 0.000s  Memory: 349.00M
--- Running XOR for 64/5 ---
"input" in: xor.drc:38
    Polygons (raw): 0 (flat)  0 (hierarchical)
    Elapsed: 0.000s  Memory: 349.00M
"input" in: xor.drc:38
    Polygons (raw): 0 (flat)  0 (hierarchical)
    Elapsed: 0.010s  Memory: 349.00M
"^" in: xor.drc:38
    Polygons (raw): 0 (flat)  0 (hierarchical)
    Elapsed: 0.000s  Memory: 349.00M
XOR differences: 0
"output" in: xor.drc:40
    Polygons (raw): 0 (flat)  0 (hierarchical)
    Elapsed: 0.000s  Memory: 349.00M
--- Running XOR for 64/59 ---
"input" in: xor.drc:38
    Polygons (raw): 0 (flat)  0 (hierarchical)
    Elapsed: 0.000s  Memory: 349.00M
"input" in: xor.drc:38
    Polygons (raw): 0 (flat)  0 (hierarchical)
    Elapsed: 0.000s  Memory: 349.00M
"^" in: xor.drc:38
    Polygons (raw): 0 (flat)  0 (hierarchical)
    Elapsed: 0.010s  Memory: 349.00M
XOR differences: 0
"output" in: xor.drc:40
    Polygons (raw): 0 (flat)  0 (hierarchical)
    Elapsed: 0.000s  Memory: 349.00M
--- Running XOR for 65/20 ---
"input" in: xor.drc:38
    Polygons (raw): 3618 (flat)  43 (hierarchical)
    Elapsed: 0.000s  Memory: 349.00M
"input" in: xor.drc:38
    Polygons (raw): 7236 (flat)  86 (hierarchical)
    Elapsed: 0.000s  Memory: 349.00M
"^" in: xor.drc:38
    Polygons (raw): 0 (flat)  0 (hierarchical)
    Elapsed: 0.020s  Memory: 349.00M
XOR differences: 0
"output" in: xor.drc:40
    Polygons (raw): 0 (flat)  0 (hierarchical)
    Elapsed: 0.000s  Memory: 349.00M
--- Running XOR for 65/44 ---
"input" in: xor.drc:38
    Polygons (raw): 568 (flat)  2 (hierarchical)
    Elapsed: 0.000s  Memory: 349.00M
"input" in: xor.drc:38
    Polygons (raw): 1136 (flat)  4 (hierarchical)
    Elapsed: 0.010s  Memory: 349.00M
"^" in: xor.drc:38
    Polygons (raw): 0 (flat)  0 (hierarchical)
    Elapsed: 0.000s  Memory: 349.00M
XOR differences: 0
"output" in: xor.drc:40
    Polygons (raw): 0 (flat)  0 (hierarchical)
    Elapsed: 0.000s  Memory: 349.00M
--- Running XOR for 66/20 ---
"input" in: xor.drc:38
    Polygons (raw): 3710 (flat)  70 (hierarchical)
    Elapsed: 0.000s  Memory: 349.00M
"input" in: xor.drc:38
    Polygons (raw): 7420 (flat)  140 (hierarchical)
    Elapsed: 0.000s  Memory: 349.00M
"^" in: xor.drc:38
    Polygons (raw): 0 (flat)  0 (hierarchical)
    Elapsed: 0.040s  Memory: 349.00M
XOR differences: 0
"output" in: xor.drc:40
    Polygons (raw): 0 (flat)  0 (hierarchical)
    Elapsed: 0.000s  Memory: 349.00M
--- Running XOR for 66/44 ---
"input" in: xor.drc:38
    Polygons (raw): 14390 (flat)  381 (hierarchical)
    Elapsed: 0.000s  Memory: 349.00M
"input" in: xor.drc:38
    Polygons (raw): 28780 (flat)  762 (hierarchical)
    Elapsed: 0.000s  Memory: 349.00M
"^" in: xor.drc:38
    Polygons (raw): 0 (flat)  0 (hierarchical)
    Elapsed: 0.080s  Memory: 349.00M
XOR differences: 0
"output" in: xor.drc:40
    Polygons (raw): 0 (flat)  0 (hierarchical)
    Elapsed: 0.000s  Memory: 349.00M
--- Running XOR for 67/16 ---
"input" in: xor.drc:38
    Polygons (raw): 292 (flat)  78 (hierarchical)
    Elapsed: 0.000s  Memory: 349.00M
"input" in: xor.drc:38
    Polygons (raw): 584 (flat)  156 (hierarchical)
    Elapsed: 0.000s  Memory: 349.00M
"^" in: xor.drc:38
    Polygons (raw): 0 (flat)  0 (hierarchical)
    Elapsed: 0.010s  Memory: 349.00M
XOR differences: 0
"output" in: xor.drc:40
    Polygons (raw): 0 (flat)  0 (hierarchical)
    Elapsed: 0.000s  Memory: 349.00M
--- Running XOR for 67/20 ---
"input" in: xor.drc:38
    Polygons (raw): 10558 (flat)  189 (hierarchical)
    Elapsed: 0.000s  Memory: 349.00M
"input" in: xor.drc:38
    Polygons (raw): 20972 (flat)  306 (hierarchical)
    Elapsed: 0.000s  Memory: 349.00M
"^" in: xor.drc:38
    Polygons (raw): 0 (flat)  0 (hierarchical)
    Elapsed: 0.090s  Memory: 349.00M
XOR differences: 0
"output" in: xor.drc:40
    Polygons (raw): 0 (flat)  0 (hierarchical)
    Elapsed: 0.000s  Memory: 349.00M
--- Running XOR for 67/44 ---
"input" in: xor.drc:38
    Polygons (raw): 36272 (flat)  356 (hierarchical)
    Elapsed: 0.000s  Memory: 349.00M
"input" in: xor.drc:38
    Polygons (raw): 72400 (flat)  640 (hierarchical)
    Elapsed: 0.000s  Memory: 349.00M
"^" in: xor.drc:38
    Polygons (raw): 0 (flat)  0 (hierarchical)
    Elapsed: 0.170s  Memory: 349.00M
XOR differences: 0
"output" in: xor.drc:40
    Polygons (raw): 0 (flat)  0 (hierarchical)
    Elapsed: 0.000s  Memory: 349.00M
--- Running XOR for 67/5 ---
"input" in: xor.drc:38
    Polygons (raw): 0 (flat)  0 (hierarchical)
    Elapsed: 0.000s  Memory: 349.00M
"input" in: xor.drc:38
    Polygons (raw): 0 (flat)  0 (hierarchical)
    Elapsed: 0.000s  Memory: 349.00M
"^" in: xor.drc:38
    Polygons (raw): 0 (flat)  0 (hierarchical)
    Elapsed: 0.010s  Memory: 349.00M
XOR differences: 0
"output" in: xor.drc:40
    Polygons (raw): 0 (flat)  0 (hierarchical)
    Elapsed: 0.000s  Memory: 349.00M
--- Running XOR for 68/16 ---
"input" in: xor.drc:38
    Polygons (raw): 4720 (flat)  44 (hierarchical)
    Elapsed: 0.000s  Memory: 349.00M
"input" in: xor.drc:38
    Polygons (raw): 9440 (flat)  88 (hierarchical)
    Elapsed: 0.000s  Memory: 349.00M
"^" in: xor.drc:38
    Polygons (raw): 0 (flat)  0 (hierarchical)
    Elapsed: 0.030s  Memory: 349.00M
XOR differences: 0
"output" in: xor.drc:40
    Polygons (raw): 0 (flat)  0 (hierarchical)
    Elapsed: 0.000s  Memory: 349.00M
--- Running XOR for 68/20 ---
"input" in: xor.drc:38
    Polygons (raw): 5580 (flat)  498 (hierarchical)
    Elapsed: 0.000s  Memory: 349.00M
"input" in: xor.drc:38
    Polygons (raw): 10284 (flat)  502 (hierarchical)
    Elapsed: 0.000s  Memory: 349.00M
"^" in: xor.drc:38
    Polygons (raw): 0 (flat)  0 (hierarchical)
    Elapsed: 0.050s  Memory: 353.00M
XOR differences: 0
"output" in: xor.drc:40
    Polygons (raw): 0 (flat)  0 (hierarchical)
    Elapsed: 0.000s  Memory: 353.00M
--- Running XOR for 68/44 ---
"input" in: xor.drc:38
    Polygons (raw): 2427 (flat)  1224 (hierarchical)
    Elapsed: 0.000s  Memory: 353.00M
"input" in: xor.drc:38
    Polygons (raw): 2427 (flat)  1204 (hierarchical)
    Elapsed: 0.000s  Memory: 353.00M
"^" in: xor.drc:38
    Polygons (raw): 0 (flat)  0 (hierarchical)
    Elapsed: 0.010s  Memory: 353.00M
XOR differences: 0
"output" in: xor.drc:40
    Polygons (raw): 0 (flat)  0 (hierarchical)
    Elapsed: 0.000s  Memory: 353.00M
--- Running XOR for 68/5 ---
"input" in: xor.drc:38
    Polygons (raw): 0 (flat)  0 (hierarchical)
    Elapsed: 0.000s  Memory: 353.00M
"input" in: xor.drc:38
    Polygons (raw): 0 (flat)  0 (hierarchical)
    Elapsed: 0.000s  Memory: 353.00M
"^" in: xor.drc:38
    Polygons (raw): 0 (flat)  0 (hierarchical)
    Elapsed: 0.010s  Memory: 353.00M
XOR differences: 0
"output" in: xor.drc:40
    Polygons (raw): 0 (flat)  0 (hierarchical)
    Elapsed: 0.000s  Memory: 353.00M
--- Running XOR for 69/16 ---
"input" in: xor.drc:38
    Polygons (raw): 12 (flat)  9 (hierarchical)
    Elapsed: 0.000s  Memory: 353.00M
"input" in: xor.drc:38
    Polygons (raw): 12 (flat)  9 (hierarchical)
    Elapsed: 0.000s  Memory: 353.00M
"^" in: xor.drc:38
    Polygons (raw): 0 (flat)  0 (hierarchical)
    Elapsed: 0.000s  Memory: 353.00M
XOR differences: 0
"output" in: xor.drc:40
    Polygons (raw): 0 (flat)  0 (hierarchical)
    Elapsed: 0.000s  Memory: 353.00M
--- Running XOR for 69/20 ---
"input" in: xor.drc:38
    Polygons (raw): 809 (flat)  438 (hierarchical)
    Elapsed: 0.000s  Memory: 353.00M
"input" in: xor.drc:38
    Polygons (raw): 801 (flat)  405 (hierarchical)
    Elapsed: 0.000s  Memory: 353.00M
"^" in: xor.drc:38
    Polygons (raw): 6 (flat)  6 (hierarchical)
    Elapsed: 0.010s  Memory: 353.00M
XOR differences: 6
"output" in: xor.drc:40
    Polygons (raw): 6 (flat)  6 (hierarchical)
    Elapsed: 0.000s  Memory: 353.00M
--- Running XOR for 69/44 ---
"input" in: xor.drc:38
    Polygons (raw): 1806 (flat)  906 (hierarchical)
    Elapsed: 0.000s  Memory: 353.00M
"input" in: xor.drc:38
    Polygons (raw): 1806 (flat)  901 (hierarchical)
    Elapsed: 0.000s  Memory: 353.00M
"^" in: xor.drc:38
    Polygons (raw): 0 (flat)  0 (hierarchical)
    Elapsed: 0.010s  Memory: 353.00M
XOR differences: 0
"output" in: xor.drc:40
    Polygons (raw): 0 (flat)  0 (hierarchical)
    Elapsed: 0.000s  Memory: 353.00M
--- Running XOR for 69/5 ---
"input" in: xor.drc:38
    Polygons (raw): 0 (flat)  0 (hierarchical)
    Elapsed: 0.000s  Memory: 353.00M
"input" in: xor.drc:38
    Polygons (raw): 0 (flat)  0 (hierarchical)
    Elapsed: 0.000s  Memory: 353.00M
"^" in: xor.drc:38
    Polygons (raw): 0 (flat)  0 (hierarchical)
    Elapsed: 0.000s  Memory: 353.00M
XOR differences: 0
"output" in: xor.drc:40
    Polygons (raw): 0 (flat)  0 (hierarchical)
    Elapsed: 0.000s  Memory: 353.00M
--- Running XOR for 70/16 ---
"input" in: xor.drc:38
    Polygons (raw): 10 (flat)  6 (hierarchical)
    Elapsed: 0.000s  Memory: 353.00M
"input" in: xor.drc:38
    Polygons (raw): 10 (flat)  6 (hierarchical)
    Elapsed: 0.000s  Memory: 353.00M
"^" in: xor.drc:38
    Polygons (raw): 0 (flat)  0 (hierarchical)
    Elapsed: 0.000s  Memory: 353.00M
XOR differences: 0
"output" in: xor.drc:40
    Polygons (raw): 0 (flat)  0 (hierarchical)
    Elapsed: 0.000s  Memory: 353.00M
--- Running XOR for 70/20 ---
"input" in: xor.drc:38
    Polygons (raw): 526 (flat)  280 (hierarchical)
    Elapsed: 0.010s  Memory: 353.00M
"input" in: xor.drc:38
    Polygons (raw): 512 (flat)  258 (hierarchical)
    Elapsed: 0.000s  Memory: 353.00M
"^" in: xor.drc:38
    Polygons (raw): 2 (flat)  2 (hierarchical)
    Elapsed: 0.000s  Memory: 353.00M
XOR differences: 2
"output" in: xor.drc:40
    Polygons (raw): 2 (flat)  2 (hierarchical)
    Elapsed: 0.000s  Memory: 353.00M
--- Running XOR for 70/44 ---
"input" in: xor.drc:38
    Polygons (raw): 1796 (flat)  900 (hierarchical)
    Elapsed: 0.000s  Memory: 353.00M
"input" in: xor.drc:38
    Polygons (raw): 1796 (flat)  897 (hierarchical)
    Elapsed: 0.000s  Memory: 353.00M
"^" in: xor.drc:38
    Polygons (raw): 0 (flat)  0 (hierarchical)
    Elapsed: 0.010s  Memory: 353.00M
XOR differences: 0
"output" in: xor.drc:40
    Polygons (raw): 0 (flat)  0 (hierarchical)
    Elapsed: 0.000s  Memory: 353.00M
--- Running XOR for 70/5 ---
"input" in: xor.drc:38
    Polygons (raw): 0 (flat)  0 (hierarchical)
    Elapsed: 0.000s  Memory: 353.00M
"input" in: xor.drc:38
    Polygons (raw): 0 (flat)  0 (hierarchical)
    Elapsed: 0.000s  Memory: 353.00M
"^" in: xor.drc:38
    Polygons (raw): 0 (flat)  0 (hierarchical)
    Elapsed: 0.000s  Memory: 353.00M
XOR differences: 0
"output" in: xor.drc:40
    Polygons (raw): 0 (flat)  0 (hierarchical)
    Elapsed: 0.000s  Memory: 353.00M
--- Running XOR for 71/16 ---
"input" in: xor.drc:38
    Polygons (raw): 28 (flat)  20 (hierarchical)
    Elapsed: 0.010s  Memory: 353.00M
"input" in: xor.drc:38
    Polygons (raw): 28 (flat)  20 (hierarchical)
    Elapsed: 0.000s  Memory: 353.00M
"^" in: xor.drc:38
    Polygons (raw): 0 (flat)  0 (hierarchical)
    Elapsed: 0.000s  Memory: 353.00M
XOR differences: 0
"output" in: xor.drc:40
    Polygons (raw): 0 (flat)  0 (hierarchical)
    Elapsed: 0.000s  Memory: 353.00M
--- Running XOR for 71/20 ---
"input" in: xor.drc:38
    Polygons (raw): 52 (flat)  44 (hierarchical)
    Elapsed: 0.000s  Memory: 353.00M
"input" in: xor.drc:38
    Polygons (raw): 102 (flat)  28 (hierarchical)
    Elapsed: 0.000s  Memory: 353.00M
"^" in: xor.drc:38
    Polygons (raw): 0 (flat)  0 (hierarchical)
    Elapsed: 0.000s  Memory: 353.00M
XOR differences: 0
"output" in: xor.drc:40
    Polygons (raw): 0 (flat)  0 (hierarchical)
    Elapsed: 0.010s  Memory: 353.00M
--- Running XOR for 71/44 ---
"input" in: xor.drc:38
    Polygons (raw): 66 (flat)  66 (hierarchical)
    Elapsed: 0.000s  Memory: 353.00M
"input" in: xor.drc:38
    Polygons (raw): 66 (flat)  3 (hierarchical)
    Elapsed: 0.000s  Memory: 353.00M
"^" in: xor.drc:38
    Polygons (raw): 0 (flat)  0 (hierarchical)
    Elapsed: 0.000s  Memory: 353.00M
XOR differences: 0
"output" in: xor.drc:40
    Polygons (raw): 0 (flat)  0 (hierarchical)
    Elapsed: 0.000s  Memory: 353.00M
--- Running XOR for 71/5 ---
"input" in: xor.drc:38
    Polygons (raw): 0 (flat)  0 (hierarchical)
    Elapsed: 0.000s  Memory: 353.00M
"input" in: xor.drc:38
    Polygons (raw): 0 (flat)  0 (hierarchical)
    Elapsed: 0.000s  Memory: 353.00M
"^" in: xor.drc:38
    Polygons (raw): 0 (flat)  0 (hierarchical)
    Elapsed: 0.000s  Memory: 353.00M
XOR differences: 0
"output" in: xor.drc:40
    Polygons (raw): 0 (flat)  0 (hierarchical)
    Elapsed: 0.000s  Memory: 353.00M
--- Running XOR for 72/16 ---
"input" in: xor.drc:38
    Polygons (raw): 10 (flat)  10 (hierarchical)
    Elapsed: 0.000s  Memory: 353.00M
"input" in: xor.drc:38
    Polygons (raw): 10 (flat)  10 (hierarchical)
    Elapsed: 0.000s  Memory: 353.00M
"^" in: xor.drc:38
    Polygons (raw): 0 (flat)  0 (hierarchical)
    Elapsed: 0.000s  Memory: 353.00M
XOR differences: 0
"output" in: xor.drc:40
    Polygons (raw): 0 (flat)  0 (hierarchical)
    Elapsed: 0.000s  Memory: 353.00M
--- Running XOR for 72/20 ---
"input" in: xor.drc:38
    Polygons (raw): 12 (flat)  12 (hierarchical)
    Elapsed: 0.000s  Memory: 353.00M
"input" in: xor.drc:38
    Polygons (raw): 78 (flat)  15 (hierarchical)
    Elapsed: 0.010s  Memory: 353.00M
"^" in: xor.drc:38
    Polygons (raw): 0 (flat)  0 (hierarchical)
    Elapsed: 0.000s  Memory: 353.00M
XOR differences: 0
"output" in: xor.drc:40
    Polygons (raw): 0 (flat)  0 (hierarchical)
    Elapsed: 0.000s  Memory: 353.00M
--- Running XOR for 72/5 ---
"input" in: xor.drc:38
    Polygons (raw): 0 (flat)  0 (hierarchical)
    Elapsed: 0.000s  Memory: 353.00M
"input" in: xor.drc:38
    Polygons (raw): 0 (flat)  0 (hierarchical)
    Elapsed: 0.000s  Memory: 353.00M
"^" in: xor.drc:38
    Polygons (raw): 0 (flat)  0 (hierarchical)
    Elapsed: 0.000s  Memory: 353.00M
XOR differences: 0
"output" in: xor.drc:40
    Polygons (raw): 0 (flat)  0 (hierarchical)
    Elapsed: 0.000s  Memory: 353.00M
--- Running XOR for 78/44 ---
"input" in: xor.drc:38
    Polygons (raw): 2362 (flat)  22 (hierarchical)
    Elapsed: 0.000s  Memory: 353.00M
"input" in: xor.drc:38
    Polygons (raw): 4724 (flat)  44 (hierarchical)
    Elapsed: 0.000s  Memory: 353.00M
"^" in: xor.drc:38
    Polygons (raw): 0 (flat)  0 (hierarchical)
    Elapsed: 0.020s  Memory: 353.00M
XOR differences: 0
"output" in: xor.drc:40
    Polygons (raw): 0 (flat)  0 (hierarchical)
    Elapsed: 0.000s  Memory: 353.00M
--- Running XOR for 81/14 ---
"input" in: xor.drc:38
    Polygons (raw): 1 (flat)  1 (hierarchical)
    Elapsed: 0.000s  Memory: 353.00M
"input" in: xor.drc:38
    Polygons (raw): 0 (flat)  0 (hierarchical)
    Elapsed: 0.000s  Memory: 353.00M
"^" in: xor.drc:38
    Polygons (raw): 1 (flat)  1 (hierarchical)
    Elapsed: 0.010s  Memory: 353.00M
XOR differences: 1
"output" in: xor.drc:40
    Polygons (raw): 1 (flat)  1 (hierarchical)
    Elapsed: 0.000s  Memory: 353.00M
--- Running XOR for 81/4 ---
"input" in: xor.drc:38
    Polygons (raw): 2354 (flat)  20 (hierarchical)
    Elapsed: 0.000s  Memory: 353.00M
"input" in: xor.drc:38
    Polygons (raw): 4708 (flat)  40 (hierarchical)
    Elapsed: 0.000s  Memory: 353.00M
"^" in: xor.drc:38
    Polygons (raw): 0 (flat)  0 (hierarchical)
    Elapsed: 0.020s  Memory: 353.00M
XOR differences: 0
"output" in: xor.drc:40
    Polygons (raw): 0 (flat)  0 (hierarchical)
    Elapsed: 0.000s  Memory: 353.00M
--- Running XOR for 83/44 ---
"input" in: xor.drc:38
    Polygons (raw): 0 (flat)  0 (hierarchical)
    Elapsed: 0.000s  Memory: 353.00M
"input" in: xor.drc:38
    Polygons (raw): 0 (flat)  0 (hierarchical)
    Elapsed: 0.000s  Memory: 353.00M
"^" in: xor.drc:38
    Polygons (raw): 0 (flat)  0 (hierarchical)
    Elapsed: 0.010s  Memory: 353.00M
XOR differences: 0
"output" in: xor.drc:40
    Polygons (raw): 0 (flat)  0 (hierarchical)
    Elapsed: 0.000s  Memory: 353.00M
--- Running XOR for 93/44 ---
"input" in: xor.drc:38
    Polygons (raw): 2638 (flat)  21 (hierarchical)
    Elapsed: 0.000s  Memory: 353.00M
"input" in: xor.drc:38
    Polygons (raw): 5276 (flat)  42 (hierarchical)
    Elapsed: 0.000s  Memory: 353.00M
"^" in: xor.drc:38
    Polygons (raw): 0 (flat)  0 (hierarchical)
    Elapsed: 0.020s  Memory: 353.00M
XOR differences: 0
"output" in: xor.drc:40
    Polygons (raw): 0 (flat)  0 (hierarchical)
    Elapsed: 0.000s  Memory: 353.00M
--- Running XOR for 94/20 ---
"input" in: xor.drc:38
    Polygons (raw): 2638 (flat)  21 (hierarchical)
    Elapsed: 0.000s  Memory: 353.00M
"input" in: xor.drc:38
    Polygons (raw): 5276 (flat)  42 (hierarchical)
    Elapsed: 0.000s  Memory: 353.00M
"^" in: xor.drc:38
    Polygons (raw): 0 (flat)  0 (hierarchical)
    Elapsed: 0.020s  Memory: 353.00M
XOR differences: 0
"output" in: xor.drc:40
    Polygons (raw): 0 (flat)  0 (hierarchical)
    Elapsed: 0.000s  Memory: 353.00M
--- Running XOR for 95/20 ---
"input" in: xor.drc:38
    Polygons (raw): 1792 (flat)  18 (hierarchical)
    Elapsed: 0.000s  Memory: 353.00M
"input" in: xor.drc:38
    Polygons (raw): 3584 (flat)  36 (hierarchical)
    Elapsed: 0.000s  Memory: 353.00M
"^" in: xor.drc:38
    Polygons (raw): 0 (flat)  0 (hierarchical)
    Elapsed: 0.020s  Memory: 353.00M
XOR differences: 0
"output" in: xor.drc:40
    Polygons (raw): 0 (flat)  0 (hierarchical)
    Elapsed: 0.000s  Memory: 353.00M
Writing report database: /openlane/designs/core/runs/SUN1/reports/signoff/core.xor.xml ..
Total elapsed: 0.850s  Memory: 353.00M
