OpenROAD 79a46b62da64bbebc18f06b20c42211046de719a 
This program is licensed under the BSD-3 license. See the LICENSE file for details.
Components of this program may be licensed under more restrictive licenses which must be honored.
[INFO ODB-0222] Reading LEF file: /openlane/designs/core/runs/SUN1/tmp/merged.nom.lef
[INFO ODB-0223]     Created 13 technology layers
[INFO ODB-0224]     Created 25 technology vias
[INFO ODB-0225]     Created 442 library cells
[INFO ODB-0226] Finished LEF file:  /openlane/designs/core/runs/SUN1/tmp/merged.nom.lef
[INFO ODB-0127] Reading DEF file: /openlane/designs/core/runs/SUN1/results/routing/core.def
[INFO ODB-0128] Design: core
[INFO ODB-0130]     Created 10 pins.
[INFO ODB-0131]     Created 2 components and 18 component-terminals.
[INFO ODB-0132]     Created 2 special nets and 4 connections.
[INFO ODB-0133]     Created 11 nets and 14 connections.
[INFO ODB-0134] Finished DEF file: /openlane/designs/core/runs/SUN1/results/routing/core.def
[INFO ODB-0222] Reading LEF file: /openlane/designs/core/runs/SUN1/tmp/merged.nom.lef
[INFO ODB-0223]     Created 13 technology layers
[INFO ODB-0224]     Created 25 technology vias
[INFO ODB-0225]     Created 442 library cells
[INFO ODB-0226] Finished LEF file:  /openlane/designs/core/runs/SUN1/tmp/merged.nom.lef
[INFO ODB-0127] Reading DEF file: /openlane/designs/core/runs/SUN1/tmp/synthesis/pg_define.def
[INFO ODB-0128] Design: core
[INFO ODB-0130]     Created 10 pins.
[INFO ODB-0131]     Created 2 components and 18 component-terminals.
[INFO ODB-0133]     Created 13 nets and 18 connections.
[INFO ODB-0134] Finished DEF file: /openlane/designs/core/runs/SUN1/tmp/synthesis/pg_define.def
Top-level design name: core
Default power net:  vccd1
Default ground net: vssd1
Found a total of 1 power ports.
Found a total of 1 ground ports.
Modified power connections of 2 cells (Remaining: 0 ).
STDOUT:
OpenROAD 79a46b62da64bbebc18f06b20c42211046de719a 
This program is licensed under the BSD-3 license. See the LICENSE file for details.
Components of this program may be licensed under more restrictive licenses which must be honored.
warning: `//.tclsh-history' is not writable.
[?1034hopenroad> read_lef /openlane/designs/core/runs/SUN1/tmp/merged.nom.lef
[INFO ODB-0222] Reading LEF file: /openlane/designs/core/runs/SUN1/tmp/merged.nom.lef
[INFO ODB-0223]     Created 13 technology layers
[INFO ODB-0224]     Created 25 technology vias
[INFO ODB-0225]     Created 442 library cells
[INFO ODB-0226] Finished LEF file:  /openlane/designs/core/runs/SUN1/tmp/merged.nom.lef
openroad> read_verilog /openlane/designs/core/runs/SUN1/tmp/synthesis/pg_define. 
v
openroad> link_design core
[WARNING ORD-1011] LEF master counter has no liberty cell.
openroad> write_def /openlane/designs/core/runs/SUN1/tmp/synthesis/pg_define.def 
[A[C[C[C[C[C[C[C[C[C[C[C[C[C[C[C[C[C[C[C[C[C[C[C[C[C[C[C[C[C[C[C[C[C[C[C[C[C[C[C[C[C[C[C[C[C[C[C[C[C[C[C[C[C[C[C[C[C[C[C[C[C[C[C[C[C[C[C[C[C[C[C[C[C[C[C[C[C[C[C[Kf
openroad> exit
unable to write history to `//.tclsh-history'
STDERR:

openroad exit code: 0
Successfully created a new database
Modified connections between vccd1 and c2
Modified connections between vccd1 and c1
Modified connections between vssd1 and c2
Modified connections between vssd1 and c1
