
===========================================================================
report_checks -path_delay min (Hold)
============================================================================

======================= Slowest Corner ===================================

Startpoint: reset (input port clocked by clk)
Endpoint: _6_ (rising edge-triggered flip-flop clocked by clk)
Path Group: clk
Path Type: min
Corner: ss

Fanout     Cap    Slew   Delay    Time   Description
-----------------------------------------------------------------------------
                          0.00    0.00   clock clk (rise edge)
                          0.00    0.00   clock network delay (propagated)
                          2.00    2.00 ^ input external delay
                  0.05    0.03    2.03 ^ reset (in)
     1    0.01                           reset (net)
                  0.05    0.00    2.03 ^ input2/A (sky130_fd_sc_hd__buf_6)
                  0.25    0.28    2.31 ^ input2/X (sky130_fd_sc_hd__buf_6)
    11    0.08                           net2 (net)
                  0.25    0.02    2.33 ^ _3_/A_N (sky130_fd_sc_hd__and3b_1)
                  0.07    0.40    2.73 v _3_/X (sky130_fd_sc_hd__and3b_1)
     1    0.00                           _1_ (net)
                  0.07    0.00    2.73 v _4_/C (sky130_fd_sc_hd__and3_4)
                  0.13    0.39    3.12 v _4_/X (sky130_fd_sc_hd__and3_4)
     1    0.04                           _2_ (net)
                  0.13    0.01    3.13 v _5_/A (sky130_fd_sc_hd__clkbuf_2)
                  0.12    0.26    3.39 v _5_/X (sky130_fd_sc_hd__clkbuf_2)
     1    0.02                           _0_ (net)
                  0.12    0.00    3.39 v _6_/D (sky130_fd_sc_hd__dfxtp_2)
                                  3.39   data arrival time

                          0.00    0.00   clock clk (rise edge)
                          0.00    0.00   clock source latency
                  0.56    0.42    0.42 ^ clk (in)
     7    0.08                           clk (net)
                  0.56    0.00    0.42 ^ _6_/CLK (sky130_fd_sc_hd__dfxtp_2)
                          0.25    0.67   clock uncertainty
                          0.00    0.67   clock reconvergence pessimism
                          0.01    0.67   library hold time
                                  0.67   data required time
-----------------------------------------------------------------------------
                                  0.67   data required time
                                 -3.39   data arrival time
-----------------------------------------------------------------------------
                                  2.71   slack (MET)


Startpoint: _6_ (rising edge-triggered flip-flop clocked by clk)
Endpoint: out2 (output port clocked by clk)
Path Group: clk
Path Type: min
Corner: ss

Fanout     Cap    Slew   Delay    Time   Description
-----------------------------------------------------------------------------
                          0.00    0.00   clock clk (rise edge)
                          0.00    0.00   clock source latency
                  0.56    0.38    0.38 ^ clk (in)
     7    0.08                           clk (net)
                  0.56    0.00    0.38 ^ _6_/CLK (sky130_fd_sc_hd__dfxtp_2)
                  0.18    0.88    1.26 v _6_/Q (sky130_fd_sc_hd__dfxtp_2)
     2    0.04                           net7 (net)
                  0.18    0.01    1.27 v output7/A (sky130_fd_sc_hd__buf_2)
                  0.17    0.38    1.64 v output7/X (sky130_fd_sc_hd__buf_2)
     1    0.03                           out2 (net)
                  0.17    0.00    1.64 v out2 (out)
                                  1.64   data arrival time

                          0.00    0.00   clock clk (rise edge)
                          0.00    0.00   clock network delay (propagated)
                          0.25    0.25   clock uncertainty
                          0.00    0.25   clock reconvergence pessimism
                         -2.00   -1.75   output external delay
                                 -1.75   data required time
-----------------------------------------------------------------------------
                                 -1.75   data required time
                                 -1.64   data arrival time
-----------------------------------------------------------------------------
                                  3.39   slack (MET)



======================= Typical Corner ===================================

Startpoint: reset (input port clocked by clk)
Endpoint: _6_ (rising edge-triggered flip-flop clocked by clk)
Path Group: clk
Path Type: min
Corner: tt

Fanout     Cap    Slew   Delay    Time   Description
-----------------------------------------------------------------------------
                          0.00    0.00   clock clk (rise edge)
                          0.00    0.00   clock network delay (propagated)
                          2.00    2.00 ^ input external delay
                  0.03    0.02    2.02 ^ reset (in)
     1    0.01                           reset (net)
                  0.03    0.00    2.02 ^ input2/A (sky130_fd_sc_hd__buf_6)
                  0.15    0.16    2.18 ^ input2/X (sky130_fd_sc_hd__buf_6)
    11    0.08                           net2 (net)
                  0.16    0.02    2.20 ^ _3_/A_N (sky130_fd_sc_hd__and3b_1)
                  0.03    0.18    2.38 v _3_/X (sky130_fd_sc_hd__and3b_1)
     1    0.00                           _1_ (net)
                  0.03    0.00    2.38 v _4_/C (sky130_fd_sc_hd__and3_4)
                  0.08    0.21    2.59 v _4_/X (sky130_fd_sc_hd__and3_4)
     1    0.04                           _2_ (net)
                  0.08    0.01    2.60 v _5_/A (sky130_fd_sc_hd__clkbuf_2)
                  0.07    0.14    2.74 v _5_/X (sky130_fd_sc_hd__clkbuf_2)
     1    0.02                           _0_ (net)
                  0.07    0.00    2.75 v _6_/D (sky130_fd_sc_hd__dfxtp_2)
                                  2.75   data arrival time

                          0.00    0.00   clock clk (rise edge)
                          0.00    0.00   clock source latency
                  0.35    0.27    0.27 ^ clk (in)
     7    0.08                           clk (net)
                  0.35    0.00    0.27 ^ _6_/CLK (sky130_fd_sc_hd__dfxtp_2)
                          0.25    0.52   clock uncertainty
                          0.00    0.52   clock reconvergence pessimism
                          0.01    0.53   library hold time
                                  0.53   data required time
-----------------------------------------------------------------------------
                                  0.53   data required time
                                 -2.75   data arrival time
-----------------------------------------------------------------------------
                                  2.22   slack (MET)


Startpoint: _6_ (rising edge-triggered flip-flop clocked by clk)
Endpoint: out2 (output port clocked by clk)
Path Group: clk
Path Type: min
Corner: tt

Fanout     Cap    Slew   Delay    Time   Description
-----------------------------------------------------------------------------
                          0.00    0.00   clock clk (rise edge)
                          0.00    0.00   clock source latency
                  0.35    0.24    0.24 ^ clk (in)
     7    0.08                           clk (net)
                  0.35    0.00    0.24 ^ _6_/CLK (sky130_fd_sc_hd__dfxtp_2)
                  0.09    0.44    0.68 v _6_/Q (sky130_fd_sc_hd__dfxtp_2)
     2    0.04                           net7 (net)
                  0.10    0.01    0.69 v output7/A (sky130_fd_sc_hd__buf_2)
                  0.09    0.19    0.88 v output7/X (sky130_fd_sc_hd__buf_2)
     1    0.03                           out2 (net)
                  0.09    0.00    0.88 v out2 (out)
                                  0.88   data arrival time

                          0.00    0.00   clock clk (rise edge)
                          0.00    0.00   clock network delay (propagated)
                          0.25    0.25   clock uncertainty
                          0.00    0.25   clock reconvergence pessimism
                         -2.00   -1.75   output external delay
                                 -1.75   data required time
-----------------------------------------------------------------------------
                                 -1.75   data required time
                                 -0.88   data arrival time
-----------------------------------------------------------------------------
                                  2.63   slack (MET)



======================= Fastest Corner ===================================

Startpoint: reset (input port clocked by clk)
Endpoint: _6_ (rising edge-triggered flip-flop clocked by clk)
Path Group: clk
Path Type: min
Corner: ff

Fanout     Cap    Slew   Delay    Time   Description
-----------------------------------------------------------------------------
                          0.00    0.00   clock clk (rise edge)
                          0.00    0.00   clock network delay (propagated)
                          2.00    2.00 ^ input external delay
                  0.02    0.01    2.01 ^ reset (in)
     1    0.01                           reset (net)
                  0.02    0.00    2.01 ^ input2/A (sky130_fd_sc_hd__buf_6)
                  0.12    0.11    2.12 ^ input2/X (sky130_fd_sc_hd__buf_6)
    11    0.07                           net2 (net)
                  0.12    0.02    2.14 ^ _3_/A_N (sky130_fd_sc_hd__and3b_1)
                  0.02    0.11    2.25 v _3_/X (sky130_fd_sc_hd__and3b_1)
     1    0.00                           _1_ (net)
                  0.02    0.00    2.25 v _4_/C (sky130_fd_sc_hd__and3_4)
                  0.06    0.14    2.39 v _4_/X (sky130_fd_sc_hd__and3_4)
     1    0.04                           _2_ (net)
                  0.06    0.01    2.40 v _5_/A (sky130_fd_sc_hd__clkbuf_2)
                  0.05    0.10    2.50 v _5_/X (sky130_fd_sc_hd__clkbuf_2)
     1    0.02                           _0_ (net)
                  0.05    0.00    2.50 v _6_/D (sky130_fd_sc_hd__dfxtp_2)
                                  2.50   data arrival time

                          0.00    0.00   clock clk (rise edge)
                          0.00    0.00   clock source latency
                  0.26    0.20    0.20 ^ clk (in)
     7    0.08                           clk (net)
                  0.27    0.00    0.20 ^ _6_/CLK (sky130_fd_sc_hd__dfxtp_2)
                          0.25    0.45   clock uncertainty
                          0.00    0.45   clock reconvergence pessimism
                         -0.02    0.43   library hold time
                                  0.43   data required time
-----------------------------------------------------------------------------
                                  0.43   data required time
                                 -2.50   data arrival time
-----------------------------------------------------------------------------
                                  2.06   slack (MET)


Startpoint: _6_ (rising edge-triggered flip-flop clocked by clk)
Endpoint: out2 (output port clocked by clk)
Path Group: clk
Path Type: min
Corner: ff

Fanout     Cap    Slew   Delay    Time   Description
-----------------------------------------------------------------------------
                          0.00    0.00   clock clk (rise edge)
                          0.00    0.00   clock source latency
                  0.26    0.18    0.18 ^ clk (in)
     7    0.08                           clk (net)
                  0.27    0.00    0.18 ^ _6_/CLK (sky130_fd_sc_hd__dfxtp_2)
                  0.07    0.27    0.45 v _6_/Q (sky130_fd_sc_hd__dfxtp_2)
     2    0.04                           net7 (net)
                  0.07    0.01    0.46 v output7/A (sky130_fd_sc_hd__buf_2)
                  0.06    0.13    0.58 v output7/X (sky130_fd_sc_hd__buf_2)
     1    0.03                           out2 (net)
                  0.06    0.00    0.58 v out2 (out)
                                  0.58   data arrival time

                          0.00    0.00   clock clk (rise edge)
                          0.00    0.00   clock network delay (propagated)
                          0.25    0.25   clock uncertainty
                          0.00    0.25   clock reconvergence pessimism
                         -2.00   -1.75   output external delay
                                 -1.75   data required time
-----------------------------------------------------------------------------
                                 -1.75   data required time
                                 -0.58   data arrival time
-----------------------------------------------------------------------------
                                  2.33   slack (MET)


