
===========================================================================
 report_power
============================================================================


======================= Slowest Corner =================================

Group                  Internal  Switching    Leakage      Total
                          Power      Power      Power      Power (Watts)
----------------------------------------------------------------
Sequential             3.13e-06   1.52e-07   1.54e-08   3.29e-06  57.0%
Combinational          6.99e-07   1.71e-06   7.56e-08   2.49e-06  43.0%
Macro                  0.00e+00   0.00e+00   0.00e+00   0.00e+00   0.0%
Pad                    0.00e+00   0.00e+00   0.00e+00   0.00e+00   0.0%
----------------------------------------------------------------
Total                  3.83e-06   1.87e-06   9.10e-08   5.78e-06 100.0%
                          66.2%      32.3%       1.6%

======================= Typical Corner ===================================

Group                  Internal  Switching    Leakage      Total
                          Power      Power      Power      Power (Watts)
----------------------------------------------------------------
Sequential             4.08e-06   1.92e-07   8.44e-12   4.27e-06  58.5%
Combinational          8.55e-07   2.16e-06   1.12e-08   3.02e-06  41.5%
Macro                  0.00e+00   0.00e+00   0.00e+00   0.00e+00   0.0%
Pad                    0.00e+00   0.00e+00   0.00e+00   0.00e+00   0.0%
----------------------------------------------------------------
Total                  4.93e-06   2.35e-06   1.13e-08   7.29e-06 100.0%
                          67.6%      32.2%       0.2%


======================= Fastest Corner =================================

Group                  Internal  Switching    Leakage      Total
                          Power      Power      Power      Power (Watts)
----------------------------------------------------------------
Sequential             4.82e-06   2.26e-07   1.76e-11   5.05e-06  59.1%
Combinational          9.61e-07   2.52e-06   1.13e-08   3.49e-06  40.9%
Macro                  0.00e+00   0.00e+00   0.00e+00   0.00e+00   0.0%
Pad                    0.00e+00   0.00e+00   0.00e+00   0.00e+00   0.0%
----------------------------------------------------------------
Total                  5.78e-06   2.74e-06   1.13e-08   8.54e-06 100.0%
                          67.7%      32.1%       0.1%
