
===========================================================================
report_checks -path_delay min (Hold)
============================================================================
Startpoint: reset (input port clocked by clk)
Endpoint: _6_ (rising edge-triggered flip-flop clocked by clk)
Path Group: clk
Path Type: min

Fanout     Cap    Slew   Delay    Time   Description
-----------------------------------------------------------------------------
                          0.00    0.00   clock clk (rise edge)
                          0.00    0.00   clock network delay (propagated)
                          2.00    2.00 ^ input external delay
                  0.03    0.02    2.02 ^ reset (in)
     1    0.01                           reset (net)
                  0.03    0.00    2.02 ^ input2/A (sky130_fd_sc_hd__buf_6)
                  0.14    0.15    2.17 ^ input2/X (sky130_fd_sc_hd__buf_6)
    11    0.07                           net2 (net)
                  0.15    0.01    2.19 ^ _3_/A_N (sky130_fd_sc_hd__and3b_2)
                  0.08    0.26    2.45 v _3_/X (sky130_fd_sc_hd__and3b_2)
     1    0.02                           _1_ (net)
                  0.08    0.00    2.45 v _4_/C (sky130_fd_sc_hd__and3_4)
                  0.07    0.22    2.67 v _4_/X (sky130_fd_sc_hd__and3_4)
     1    0.04                           _2_ (net)
                  0.07    0.01    2.68 v _5_/A (sky130_fd_sc_hd__clkbuf_4)
                  0.08    0.18    2.86 v _5_/X (sky130_fd_sc_hd__clkbuf_4)
     1    0.04                           _0_ (net)
                  0.08    0.00    2.87 v _6_/D (sky130_fd_sc_hd__dfxtp_2)
                                  2.87   data arrival time

                          0.00    0.00   clock clk (rise edge)
                          0.00    0.00   clock source latency
                  0.24    0.18    0.18 ^ clk (in)
     1    0.05                           clk (net)
                  0.24    0.00    0.18 ^ clkbuf_0_clk/A (sky130_fd_sc_hd__clkbuf_16)
                  0.04    0.20    0.38 ^ clkbuf_0_clk/X (sky130_fd_sc_hd__clkbuf_16)
     2    0.02                           clknet_0_clk (net)
                  0.04    0.00    0.38 ^ clkbuf_1_0__f_clk/A (sky130_fd_sc_hd__clkbuf_16)
                  0.04    0.12    0.50 ^ clkbuf_1_0__f_clk/X (sky130_fd_sc_hd__clkbuf_16)
     2    0.01                           clknet_1_0__leaf_clk (net)
                  0.04    0.00    0.50 ^ _6_/CLK (sky130_fd_sc_hd__dfxtp_2)
                          0.25    0.75   clock uncertainty
                          0.00    0.75   clock reconvergence pessimism
                         -0.06    0.69   library hold time
                                  0.69   data required time
-----------------------------------------------------------------------------
                                  0.69   data required time
                                 -2.87   data arrival time
-----------------------------------------------------------------------------
                                  2.18   slack (MET)


Startpoint: _6_ (rising edge-triggered flip-flop clocked by clk)
Endpoint: out2 (output port clocked by clk)
Path Group: clk
Path Type: min

Fanout     Cap    Slew   Delay    Time   Description
-----------------------------------------------------------------------------
                          0.00    0.00   clock clk (rise edge)
                          0.00    0.00   clock source latency
                  0.24    0.16    0.16 ^ clk (in)
     1    0.05                           clk (net)
                  0.24    0.00    0.16 ^ clkbuf_0_clk/A (sky130_fd_sc_hd__clkbuf_16)
                  0.04    0.18    0.34 ^ clkbuf_0_clk/X (sky130_fd_sc_hd__clkbuf_16)
     2    0.02                           clknet_0_clk (net)
                  0.04    0.00    0.34 ^ clkbuf_1_0__f_clk/A (sky130_fd_sc_hd__clkbuf_16)
                  0.04    0.11    0.45 ^ clkbuf_1_0__f_clk/X (sky130_fd_sc_hd__clkbuf_16)
     2    0.01                           clknet_1_0__leaf_clk (net)
                  0.04    0.00    0.45 ^ _6_/CLK (sky130_fd_sc_hd__dfxtp_2)
                  0.08    0.34    0.79 v _6_/Q (sky130_fd_sc_hd__dfxtp_2)
     1    0.03                           net7 (net)
                  0.08    0.00    0.80 v output7/A (sky130_fd_sc_hd__buf_2)
                  0.09    0.19    0.98 v output7/X (sky130_fd_sc_hd__buf_2)
     1    0.03                           out2 (net)
                  0.09    0.00    0.98 v out2 (out)
                                  0.98   data arrival time

                          0.00    0.00   clock clk (rise edge)
                          0.00    0.00   clock network delay (propagated)
                          0.25    0.25   clock uncertainty
                          0.00    0.25   clock reconvergence pessimism
                         -2.00   -1.75   output external delay
                                 -1.75   data required time
-----------------------------------------------------------------------------
                                 -1.75   data required time
                                 -0.98   data arrival time
-----------------------------------------------------------------------------
                                  2.73   slack (MET)


