
===========================================================================
 report_power
============================================================================


======================= Slowest Corner =================================

Group                  Internal  Switching    Leakage      Total
                          Power      Power      Power      Power (Watts)
----------------------------------------------------------------
Sequential             3.20e-06   1.17e-07   1.54e-08   3.33e-06   5.7%
Combinational          4.21e-05   1.32e-05   1.35e-07   5.55e-05  94.3%
Macro                  0.00e+00   0.00e+00   0.00e+00   0.00e+00   0.0%
Pad                    0.00e+00   0.00e+00   0.00e+00   0.00e+00   0.0%
----------------------------------------------------------------
Total                  4.53e-05   1.33e-05   1.50e-07   5.88e-05 100.0%
                          77.1%      22.7%       0.3%

======================= Typical Corner ===================================

Group                  Internal  Switching    Leakage      Total
                          Power      Power      Power      Power (Watts)
----------------------------------------------------------------
Sequential             4.09e-06   1.48e-07   8.44e-12   4.24e-06   5.8%
Combinational          5.18e-05   1.67e-05   1.13e-08   6.86e-05  94.2%
Macro                  0.00e+00   0.00e+00   0.00e+00   0.00e+00   0.0%
Pad                    0.00e+00   0.00e+00   0.00e+00   0.00e+00   0.0%
----------------------------------------------------------------
Total                  5.59e-05   1.69e-05   1.13e-08   7.28e-05 100.0%
                          76.8%      23.2%       0.0%


======================= Fastest Corner =================================

Group                  Internal  Switching    Leakage      Total
                          Power      Power      Power      Power (Watts)
----------------------------------------------------------------
Sequential             4.75e-06   1.75e-07   1.76e-11   4.93e-06   5.8%
Combinational          5.97e-05   1.97e-05   1.15e-08   7.95e-05  94.2%
Macro                  0.00e+00   0.00e+00   0.00e+00   0.00e+00   0.0%
Pad                    0.00e+00   0.00e+00   0.00e+00   0.00e+00   0.0%
----------------------------------------------------------------
Total                  6.45e-05   1.99e-05   1.16e-08   8.44e-05 100.0%
                          76.4%      23.6%       0.0%
