
===========================================================================
report_checks -unconstrained
============================================================================
Startpoint: enable (input port clocked by clk)
Endpoint: _23_ (rising edge-triggered flip-flop clocked by clk)
Path Group: clk
Path Type: max

Fanout     Cap    Slew   Delay    Time   Description
-----------------------------------------------------------------------------
                  0.15    0.00    0.00   clock clk (rise edge)
                          0.00    0.00   clock network delay (ideal)
                          2.00    2.00 v input external delay
                  0.01    0.00    2.00 v enable (in)
     1    0.00                           enable (net)
                  0.01    0.00    2.00 v input1/A (sky130_fd_sc_hd__buf_2)
                  0.09    0.17    2.18 v input1/X (sky130_fd_sc_hd__buf_2)
     5    0.03                           net1 (net)
                  0.09    0.00    2.18 v _15_/A (sky130_fd_sc_hd__and4_2)
                  0.08    0.26    2.44 v _15_/X (sky130_fd_sc_hd__and4_2)
     3    0.02                           _07_ (net)
                  0.08    0.00    2.44 v _18_/A2 (sky130_fd_sc_hd__a21oi_2)
                  0.17    0.22    2.66 ^ _18_/Y (sky130_fd_sc_hd__a21oi_2)
     1    0.01                           _09_ (net)
                  0.17    0.00    2.66 ^ _19_/B1 (sky130_fd_sc_hd__o21a_1)
                  0.11    0.20    2.86 ^ _19_/X (sky130_fd_sc_hd__o21a_1)
     1    0.01                           _03_ (net)
                  0.11    0.00    2.86 ^ _23_/D (sky130_fd_sc_hd__dfxtp_2)
                                  2.86   data arrival time

                  0.15   10.00   10.00   clock clk (rise edge)
                          0.00   10.00   clock network delay (ideal)
                         -0.25    9.75   clock uncertainty
                          0.00    9.75   clock reconvergence pessimism
                                  9.75 ^ _23_/CLK (sky130_fd_sc_hd__dfxtp_2)
                         -0.06    9.69   library setup time
                                  9.69   data required time
-----------------------------------------------------------------------------
                                  9.69   data required time
                                 -2.86   data arrival time
-----------------------------------------------------------------------------
                                  6.83   slack (MET)



===========================================================================
report_checks --slack_max -0.01
============================================================================
No paths found.
