Instance name,  X location,  Y location,  Voltage 
PHY_108, 5.4, 160.48, 1.8
PHY_109, 75.6, 160.48, 1.8
PHY_104, 5.4, 155.04, 1.8
PHY_106, 5.4, 155.04, 1.8
PHY_105, 75.6, 155.04, 1.8
PHY_107, 75.6, 155.04, 1.8
PHY_100, 5.4, 149.6, 1.8
PHY_102, 5.4, 149.6, 1.8
PHY_101, 75.6, 149.6, 1.8
PHY_103, 75.6, 149.6, 1.8
PHY_96, 5.4, 144.16, 1.8
PHY_98, 5.4, 144.16, 1.8
PHY_97, 75.6, 144.16, 1.8
PHY_99, 75.6, 144.16, 1.8
PHY_92, 5.4, 138.72, 1.8
PHY_94, 5.4, 138.72, 1.8
PHY_93, 75.6, 138.72, 1.8
PHY_95, 75.6, 138.72, 1.8
PHY_88, 5.4, 133.28, 1.8
PHY_90, 5.4, 133.28, 1.8
PHY_89, 75.6, 133.28, 1.8
PHY_91, 75.6, 133.28, 1.8
PHY_84, 5.4, 127.84, 1.8
PHY_86, 5.4, 127.84, 1.8
PHY_85, 75.6, 127.84, 1.8
PHY_87, 75.6, 127.84, 1.8
PHY_80, 5.4, 122.4, 1.8
PHY_82, 5.4, 122.4, 1.8
PHY_81, 75.6, 122.4, 1.8
PHY_83, 75.6, 122.4, 1.8
PHY_76, 5.4, 116.96, 1.8
PHY_78, 5.4, 116.96, 1.8
PHY_77, 75.6, 116.96, 1.8
PHY_79, 75.6, 116.96, 1.8
PHY_72, 5.4, 111.52, 1.8
PHY_74, 5.4, 111.52, 1.8
PHY_73, 75.6, 111.52, 1.8
PHY_75, 75.6, 111.52, 1.8
PHY_68, 5.4, 106.08, 1.8
PHY_70, 5.4, 106.08, 1.8
PHY_69, 75.6, 106.08, 1.8
PHY_71, 75.6, 106.08, 1.8
PHY_64, 5.4, 100.64, 1.8
PHY_66, 5.4, 100.64, 1.8
PHY_65, 75.6, 100.64, 1.8
PHY_67, 75.6, 100.64, 1.8
PHY_60, 5.4, 95.2, 1.8
PHY_62, 5.4, 95.2, 1.8
PHY_61, 75.6, 95.2, 1.8
PHY_63, 75.6, 95.2, 1.8
PHY_56, 5.4, 89.76, 1.8
PHY_58, 5.4, 89.76, 1.8
PHY_57, 75.6, 89.76, 1.8
PHY_59, 75.6, 89.76, 1.8
PHY_52, 5.4, 84.32, 1.8
PHY_54, 5.4, 84.32, 1.8
PHY_53, 75.6, 84.32, 1.8
PHY_55, 75.6, 84.32, 1.8
PHY_48, 5.4, 78.88, 1.8
PHY_50, 5.4, 78.88, 1.8
PHY_49, 75.6, 78.88, 1.8
PHY_51, 75.6, 78.88, 1.8
PHY_44, 5.4, 73.44, 1.8
PHY_46, 5.4, 73.44, 1.8
PHY_45, 75.6, 73.44, 1.8
PHY_47, 75.6, 73.44, 1.8
PHY_40, 5.4, 68, 1.8
PHY_42, 5.4, 68, 1.8
PHY_41, 75.6, 68, 1.8
PHY_43, 75.6, 68, 1.8
PHY_36, 5.4, 62.56, 1.8
PHY_38, 5.4, 62.56, 1.8
PHY_37, 75.6, 62.56, 1.8
PHY_39, 75.6, 62.56, 1.8
PHY_32, 5.4, 57.12, 1.8
PHY_34, 5.4, 57.12, 1.8
PHY_33, 75.6, 57.12, 1.8
PHY_35, 75.6, 57.12, 1.8
PHY_28, 5.4, 51.68, 1.8
PHY_30, 5.4, 51.68, 1.8
PHY_29, 75.6, 51.68, 1.8
PHY_31, 75.6, 51.68, 1.8
PHY_24, 5.4, 46.24, 1.8
PHY_26, 5.4, 46.24, 1.8
PHY_25, 75.6, 46.24, 1.8
PHY_27, 75.6, 46.24, 1.8
PHY_20, 5.4, 40.8, 1.8
PHY_22, 5.4, 40.8, 1.8
PHY_21, 75.6, 40.8, 1.8
PHY_23, 75.6, 40.8, 1.8
PHY_16, 5.4, 35.36, 1.8
PHY_18, 5.4, 35.36, 1.8
PHY_17, 75.6, 35.36, 1.8
PHY_19, 75.6, 35.36, 1.8
PHY_12, 5.4, 29.92, 1.8
PHY_14, 5.4, 29.92, 1.8
PHY_13, 75.6, 29.92, 1.8
PHY_15, 75.6, 29.92, 1.8
PHY_10, 5.4, 24.48, 1.8
PHY_8, 5.4, 24.48, 1.8
PHY_11, 75.6, 24.48, 1.8
PHY_9, 75.6, 24.48, 1.8
PHY_4, 5.4, 19.04, 1.8
PHY_6, 5.4, 19.04, 1.8
PHY_5, 75.6, 19.04, 1.8
PHY_7, 75.6, 19.04, 1.8
PHY_0, 5.4, 13.6, 1.8
PHY_2, 5.4, 13.6, 1.8
PHY_1, 75.6, 13.6, 1.8
PHY_3, 75.6, 13.6, 1.8

