
===========================================================================
report_checks -unconstrained
============================================================================
Startpoint: enable (input port clocked by clk)
Endpoint: _23_ (rising edge-triggered flip-flop clocked by clk)
Path Group: clk
Path Type: max

Fanout     Cap    Slew   Delay    Time   Description
-----------------------------------------------------------------------------
                  0.15    0.00    0.00   clock clk (rise edge)
                          0.00    0.00   clock network delay (ideal)
                          2.00    2.00 ^ input external delay
                  0.08    0.05    2.05 ^ enable (in)
     5    0.02                           enable (net)
                  0.08    0.00    2.05 ^ _15_/A (sky130_fd_sc_hd__and4_2)
                  0.10    0.26    2.32 ^ _15_/X (sky130_fd_sc_hd__and4_2)
     3    0.01                           _07_ (net)
                  0.10    0.01    2.32 ^ _18_/A2 (sky130_fd_sc_hd__a21oi_2)
                  0.05    0.06    2.38 v _18_/Y (sky130_fd_sc_hd__a21oi_2)
     1    0.00                           _09_ (net)
                  0.06    0.00    2.39 v _19_/B1 (sky130_fd_sc_hd__o21a_2)
                  0.03    0.12    2.50 v _19_/X (sky130_fd_sc_hd__o21a_2)
     1    0.00                           _03_ (net)
                  0.03    0.00    2.51 v _23_/D (sky130_fd_sc_hd__dfxtp_2)
                                  2.51   data arrival time

                  0.15   10.00   10.00   clock clk (rise edge)
                          0.00   10.00   clock network delay (ideal)
                         -0.25    9.75   clock uncertainty
                          0.00    9.75   clock reconvergence pessimism
                                  9.75 ^ _23_/CLK (sky130_fd_sc_hd__dfxtp_2)
                         -0.08    9.67   library setup time
                                  9.67   data required time
-----------------------------------------------------------------------------
                                  9.67   data required time
                                 -2.51   data arrival time
-----------------------------------------------------------------------------
                                  7.16   slack (MET)



===========================================================================
report_checks --slack_max -0.01
============================================================================
No paths found.
