
===========================================================================
report_checks -path_delay min (Hold)
============================================================================
Startpoint: _21_ (rising edge-triggered flip-flop clocked by clk)
Endpoint: _21_ (rising edge-triggered flip-flop clocked by clk)
Path Group: clk
Path Type: min

Fanout     Cap    Slew   Delay    Time   Description
-----------------------------------------------------------------------------
                  0.15    0.00    0.00   clock clk (rise edge)
                          0.00    0.00   clock network delay (ideal)
                  0.15    0.00    0.00 ^ _21_/CLK (sky130_fd_sc_hd__dfxtp_2)
                  0.10    0.37    0.37 v _21_/Q (sky130_fd_sc_hd__dfxtp_2)
     4    0.04                           out[1] (net)
                  0.10    0.00    0.38 v _12_/B1 (sky130_fd_sc_hd__a21oi_2)
                  0.09    0.12    0.50 ^ _12_/Y (sky130_fd_sc_hd__a21oi_2)
     1    0.01                           _05_ (net)
                  0.10    0.01    0.51 ^ _14_/B (sky130_fd_sc_hd__nor3_2)
                  0.02    0.05    0.56 v _14_/Y (sky130_fd_sc_hd__nor3_2)
     1    0.00                           _01_ (net)
                  0.02    0.00    0.56 v _21_/D (sky130_fd_sc_hd__dfxtp_2)
                                  0.56   data arrival time

                  0.15    0.00    0.00   clock clk (rise edge)
                          0.00    0.00   clock network delay (ideal)
                          0.25    0.25   clock uncertainty
                          0.00    0.25   clock reconvergence pessimism
                                  0.25 ^ _21_/CLK (sky130_fd_sc_hd__dfxtp_2)
                         -0.01    0.24   library hold time
                                  0.24   data required time
-----------------------------------------------------------------------------
                                  0.24   data required time
                                 -0.56   data arrival time
-----------------------------------------------------------------------------
                                  0.32   slack (MET)


Startpoint: _22_ (rising edge-triggered flip-flop clocked by clk)
Endpoint: _22_ (rising edge-triggered flip-flop clocked by clk)
Path Group: clk
Path Type: min

Fanout     Cap    Slew   Delay    Time   Description
-----------------------------------------------------------------------------
                  0.15    0.00    0.00   clock clk (rise edge)
                          0.00    0.00   clock network delay (ideal)
                  0.15    0.00    0.00 ^ _22_/CLK (sky130_fd_sc_hd__dfxtp_2)
                  0.20    0.42    0.42 ^ _22_/Q (sky130_fd_sc_hd__dfxtp_2)
     3    0.04                           out[2] (net)
                  0.20    0.00    0.42 ^ _17_/A1 (sky130_fd_sc_hd__o21a_2)
                  0.03    0.15    0.57 ^ _17_/X (sky130_fd_sc_hd__o21a_2)
     1    0.00                           _02_ (net)
                  0.03    0.00    0.57 ^ _22_/D (sky130_fd_sc_hd__dfxtp_2)
                                  0.57   data arrival time

                  0.15    0.00    0.00   clock clk (rise edge)
                          0.00    0.00   clock network delay (ideal)
                          0.25    0.25   clock uncertainty
                          0.00    0.25   clock reconvergence pessimism
                                  0.25 ^ _22_/CLK (sky130_fd_sc_hd__dfxtp_2)
                         -0.01    0.24   library hold time
                                  0.24   data required time
-----------------------------------------------------------------------------
                                  0.24   data required time
                                 -0.57   data arrival time
-----------------------------------------------------------------------------
                                  0.33   slack (MET)


Startpoint: _23_ (rising edge-triggered flip-flop clocked by clk)
Endpoint: _23_ (rising edge-triggered flip-flop clocked by clk)
Path Group: clk
Path Type: min

Fanout     Cap    Slew   Delay    Time   Description
-----------------------------------------------------------------------------
                  0.15    0.00    0.00   clock clk (rise edge)
                          0.00    0.00   clock network delay (ideal)
                  0.15    0.00    0.00 ^ _23_/CLK (sky130_fd_sc_hd__dfxtp_2)
                  0.10    0.37    0.37 v _23_/Q (sky130_fd_sc_hd__dfxtp_2)
     3    0.04                           out[3] (net)
                  0.10    0.00    0.37 v _19_/A1 (sky130_fd_sc_hd__o21a_2)
                  0.02    0.21    0.58 v _19_/X (sky130_fd_sc_hd__o21a_2)
     1    0.00                           _03_ (net)
                  0.02    0.00    0.59 v _23_/D (sky130_fd_sc_hd__dfxtp_2)
                                  0.59   data arrival time

                  0.15    0.00    0.00   clock clk (rise edge)
                          0.00    0.00   clock network delay (ideal)
                          0.25    0.25   clock uncertainty
                          0.00    0.25   clock reconvergence pessimism
                                  0.25 ^ _23_/CLK (sky130_fd_sc_hd__dfxtp_2)
                         -0.01    0.24   library hold time
                                  0.24   data required time
-----------------------------------------------------------------------------
                                  0.24   data required time
                                 -0.59   data arrival time
-----------------------------------------------------------------------------
                                  0.35   slack (MET)


Startpoint: _20_ (rising edge-triggered flip-flop clocked by clk)
Endpoint: _20_ (rising edge-triggered flip-flop clocked by clk)
Path Group: clk
Path Type: min

Fanout     Cap    Slew   Delay    Time   Description
-----------------------------------------------------------------------------
                  0.15    0.00    0.00   clock clk (rise edge)
                          0.00    0.00   clock network delay (ideal)
                  0.15    0.00    0.00 ^ _20_/CLK (sky130_fd_sc_hd__dfxtp_2)
                  0.12    0.39    0.39 v _20_/Q (sky130_fd_sc_hd__dfxtp_2)
     6    0.05                           out[0] (net)
                  0.12    0.00    0.39 v _11_/A2 (sky130_fd_sc_hd__o21a_2)
                  0.02    0.20    0.59 v _11_/X (sky130_fd_sc_hd__o21a_2)
     1    0.00                           _00_ (net)
                  0.02    0.00    0.60 v _20_/D (sky130_fd_sc_hd__dfxtp_2)
                                  0.60   data arrival time

                  0.15    0.00    0.00   clock clk (rise edge)
                          0.00    0.00   clock network delay (ideal)
                          0.25    0.25   clock uncertainty
                          0.00    0.25   clock reconvergence pessimism
                                  0.25 ^ _20_/CLK (sky130_fd_sc_hd__dfxtp_2)
                         -0.01    0.24   library hold time
                                  0.24   data required time
-----------------------------------------------------------------------------
                                  0.24   data required time
                                 -0.60   data arrival time
-----------------------------------------------------------------------------
                                  0.36   slack (MET)


Startpoint: _22_ (rising edge-triggered flip-flop clocked by clk)
Endpoint: out[2] (output port clocked by clk)
Path Group: clk
Path Type: min

Fanout     Cap    Slew   Delay    Time   Description
-----------------------------------------------------------------------------
                  0.15    0.00    0.00   clock clk (rise edge)
                          0.00    0.00   clock network delay (ideal)
                  0.15    0.00    0.00 ^ _22_/CLK (sky130_fd_sc_hd__dfxtp_2)
                  0.10    0.37    0.37 v _22_/Q (sky130_fd_sc_hd__dfxtp_2)
     3    0.04                           out[2] (net)
                  0.10    0.00    0.37 v out[2] (out)
                                  0.37   data arrival time

                  0.15    0.00    0.00   clock clk (rise edge)
                          0.00    0.00   clock network delay (ideal)
                          0.25    0.25   clock uncertainty
                          0.00    0.25   clock reconvergence pessimism
                         -2.00   -1.75   output external delay
                                 -1.75   data required time
-----------------------------------------------------------------------------
                                 -1.75   data required time
                                 -0.37   data arrival time
-----------------------------------------------------------------------------
                                  2.12   slack (MET)


