
===========================================================================
report_checks -path_delay min (Hold)
============================================================================
Startpoint: _6_ (rising edge-triggered flip-flop clocked by clk)
Endpoint: out2 (output port clocked by clk)
Path Group: clk
Path Type: min

Fanout     Cap    Slew   Delay    Time   Description
-----------------------------------------------------------------------------
                  0.15    0.00    0.00   clock clk (rise edge)
                          0.00    0.00   clock network delay (ideal)
                  0.15    0.00    0.00 ^ _6_/CLK (sky130_fd_sc_hd__dfxtp_2)
                  0.11    0.37    0.37 v _6_/Q (sky130_fd_sc_hd__dfxtp_2)
     1    0.03                           out2 (net)
                  0.11    0.00    0.37 v out2 (out)
                                  0.37   data arrival time

                  0.15    0.00    0.00   clock clk (rise edge)
                          0.00    0.00   clock network delay (ideal)
                          0.25    0.25   clock uncertainty
                          0.00    0.25   clock reconvergence pessimism
                         -2.00   -1.75   output external delay
                                 -1.75   data required time
-----------------------------------------------------------------------------
                                 -1.75   data required time
                                 -0.37   data arrival time
-----------------------------------------------------------------------------
                                  2.12   slack (MET)


Startpoint: reset (input port clocked by clk)
Endpoint: _6_ (rising edge-triggered flip-flop clocked by clk)
Path Group: clk
Path Type: min

Fanout     Cap    Slew   Delay    Time   Description
-----------------------------------------------------------------------------
                  0.15    0.00    0.00   clock clk (rise edge)
                          0.00    0.00   clock network delay (ideal)
                          2.00    2.00 v input external delay
                  0.01    0.01    2.01 v reset (in)
     3    0.00                           reset (net)
                  0.01    0.00    2.01 v _3_/A_N (sky130_fd_sc_hd__and3b_2)
                  0.04    0.19    2.19 ^ _3_/X (sky130_fd_sc_hd__and3b_2)
     1    0.00                           _1_ (net)
                  0.04    0.00    2.20 ^ _4_/C (sky130_fd_sc_hd__and3_2)
                  0.04    0.15    2.35 ^ _4_/X (sky130_fd_sc_hd__and3_2)
     1    0.00                           _2_ (net)
                  0.04    0.00    2.35 ^ _5_/A (sky130_fd_sc_hd__buf_1)
                  0.04    0.07    2.42 ^ _5_/X (sky130_fd_sc_hd__buf_1)
     1    0.00                           _0_ (net)
                  0.04    0.00    2.43 ^ _6_/D (sky130_fd_sc_hd__dfxtp_2)
                                  2.43   data arrival time

                  0.15    0.00    0.00   clock clk (rise edge)
                          0.00    0.00   clock network delay (ideal)
                          0.25    0.25   clock uncertainty
                          0.00    0.25   clock reconvergence pessimism
                                  0.25 ^ _6_/CLK (sky130_fd_sc_hd__dfxtp_2)
                         -0.02    0.23   library hold time
                                  0.23   data required time
-----------------------------------------------------------------------------
                                  0.23   data required time
                                 -2.43   data arrival time
-----------------------------------------------------------------------------
                                  2.19   slack (MET)


