First Layout: /openlane/designs/core_cells/runs/SUN2/results/signoff/core_cells.gds
Second Layout: /openlane/designs/core_cells/runs/SUN2/results/signoff/core_cells.klayout.gds
Design Name: core_cells
Output GDS will be: /openlane/designs/core_cells/runs/SUN2/reports/signoff/core_cells.xor.xml
Reading /openlane/designs/core_cells/runs/SUN2/results/signoff/core_cells.gds ..
Reading /openlane/designs/core_cells/runs/SUN2/results/signoff/core_cells.klayout.gds ..
--- Running XOR for 122/16 ---
"input" in: xor.drc:38
    Polygons (raw): 19086 (flat)  26 (hierarchical)
    Elapsed: 0.010s  Memory: 375.00M
"input" in: xor.drc:38
    Polygons (raw): 38144 (flat)  48 (hierarchical)
    Elapsed: 0.000s  Memory: 375.00M
"^" in: xor.drc:38
    Polygons (raw): 0 (flat)  0 (hierarchical)
    Elapsed: 0.140s  Memory: 376.00M
XOR differences: 0
"output" in: xor.drc:40
    Polygons (raw): 0 (flat)  0 (hierarchical)
    Elapsed: 0.000s  Memory: 376.00M
--- Running XOR for 235/4 ---
"input" in: xor.drc:38
    Polygons (raw): 3 (flat)  2 (hierarchical)
    Elapsed: 0.000s  Memory: 376.00M
"input" in: xor.drc:38
    Polygons (raw): 3 (flat)  2 (hierarchical)
    Elapsed: 0.010s  Memory: 376.00M
"^" in: xor.drc:38
    Polygons (raw): 0 (flat)  0 (hierarchical)
    Elapsed: 0.010s  Memory: 376.00M
XOR differences: 0
"output" in: xor.drc:40
    Polygons (raw): 0 (flat)  0 (hierarchical)
    Elapsed: 0.000s  Memory: 376.00M
--- Running XOR for 236/0 ---
"input" in: xor.drc:38
    Polygons (raw): 16059 (flat)  21 (hierarchical)
    Elapsed: 0.000s  Memory: 376.00M
"input" in: xor.drc:38
    Polygons (raw): 32090 (flat)  38 (hierarchical)
    Elapsed: 0.000s  Memory: 376.00M
"^" in: xor.drc:38
    Polygons (raw): 0 (flat)  0 (hierarchical)
    Elapsed: 0.130s  Memory: 388.00M
XOR differences: 0
"output" in: xor.drc:40
    Polygons (raw): 0 (flat)  0 (hierarchical)
    Elapsed: 0.000s  Memory: 388.00M
--- Running XOR for 64/16 ---
"input" in: xor.drc:38
    Polygons (raw): 19086 (flat)  26 (hierarchical)
    Elapsed: 0.000s  Memory: 388.00M
"input" in: xor.drc:38
    Polygons (raw): 38144 (flat)  48 (hierarchical)
    Elapsed: 0.000s  Memory: 388.00M
"^" in: xor.drc:38
    Polygons (raw): 0 (flat)  0 (hierarchical)
    Elapsed: 0.140s  Memory: 388.00M
XOR differences: 0
"output" in: xor.drc:40
    Polygons (raw): 0 (flat)  0 (hierarchical)
    Elapsed: 0.000s  Memory: 388.00M
--- Running XOR for 64/20 ---
"input" in: xor.drc:38
    Polygons (raw): 22064 (flat)  24 (hierarchical)
    Elapsed: 0.000s  Memory: 388.00M
"input" in: xor.drc:38
    Polygons (raw): 44100 (flat)  44 (hierarchical)
    Elapsed: 0.010s  Memory: 388.00M
"^" in: xor.drc:38
    Polygons (raw): 0 (flat)  0 (hierarchical)
    Elapsed: 0.220s  Memory: 401.00M
XOR differences: 0
"output" in: xor.drc:40
    Polygons (raw): 0 (flat)  0 (hierarchical)
    Elapsed: 0.000s  Memory: 401.00M
--- Running XOR for 64/5 ---
"input" in: xor.drc:38
    Polygons (raw): 0 (flat)  0 (hierarchical)
    Elapsed: 0.000s  Memory: 401.00M
"input" in: xor.drc:38
    Polygons (raw): 0 (flat)  0 (hierarchical)
    Elapsed: 0.000s  Memory: 401.00M
"^" in: xor.drc:38
    Polygons (raw): 0 (flat)  0 (hierarchical)
    Elapsed: 0.030s  Memory: 401.00M
XOR differences: 0
"output" in: xor.drc:40
    Polygons (raw): 0 (flat)  0 (hierarchical)
    Elapsed: 0.010s  Memory: 401.00M
--- Running XOR for 64/59 ---
"input" in: xor.drc:38
    Polygons (raw): 0 (flat)  0 (hierarchical)
    Elapsed: 0.000s  Memory: 401.00M
"input" in: xor.drc:38
    Polygons (raw): 0 (flat)  0 (hierarchical)
    Elapsed: 0.000s  Memory: 401.00M
"^" in: xor.drc:38
    Polygons (raw): 0 (flat)  0 (hierarchical)
    Elapsed: 0.030s  Memory: 401.00M
XOR differences: 0
"output" in: xor.drc:40
    Polygons (raw): 0 (flat)  0 (hierarchical)
    Elapsed: 0.000s  Memory: 401.00M
--- Running XOR for 65/20 ---
"input" in: xor.drc:38
    Polygons (raw): 32137 (flat)  52 (hierarchical)
    Elapsed: 0.000s  Memory: 401.00M
"input" in: xor.drc:38
    Polygons (raw): 64241 (flat)  95 (hierarchical)
    Elapsed: 0.010s  Memory: 401.00M
"^" in: xor.drc:38
    Polygons (raw): 0 (flat)  0 (hierarchical)
    Elapsed: 0.170s  Memory: 401.00M
XOR differences: 0
"output" in: xor.drc:40
    Polygons (raw): 0 (flat)  0 (hierarchical)
    Elapsed: 0.010s  Memory: 401.00M
--- Running XOR for 65/44 ---
"input" in: xor.drc:38
    Polygons (raw): 5986 (flat)  2 (hierarchical)
    Elapsed: 0.000s  Memory: 401.00M
"input" in: xor.drc:38
    Polygons (raw): 11972 (flat)  4 (hierarchical)
    Elapsed: 0.000s  Memory: 401.00M
"^" in: xor.drc:38
    Polygons (raw): 0 (flat)  0 (hierarchical)
    Elapsed: 0.040s  Memory: 401.00M
XOR differences: 0
"output" in: xor.drc:40
    Polygons (raw): 0 (flat)  0 (hierarchical)
    Elapsed: 0.000s  Memory: 401.00M
--- Running XOR for 66/20 ---
"input" in: xor.drc:38
    Polygons (raw): 32218 (flat)  84 (hierarchical)
    Elapsed: 0.000s  Memory: 401.00M
"input" in: xor.drc:38
    Polygons (raw): 64422 (flat)  154 (hierarchical)
    Elapsed: 0.000s  Memory: 401.00M
"^" in: xor.drc:38
    Polygons (raw): 0 (flat)  0 (hierarchical)
    Elapsed: 0.270s  Memory: 401.00M
XOR differences: 0
"output" in: xor.drc:40
    Polygons (raw): 0 (flat)  0 (hierarchical)
    Elapsed: 0.000s  Memory: 401.00M
--- Running XOR for 66/44 ---
"input" in: xor.drc:38
    Polygons (raw): 120324 (flat)  471 (hierarchical)
    Elapsed: 0.000s  Memory: 401.00M
"input" in: xor.drc:38
    Polygons (raw): 240462 (flat)  852 (hierarchical)
    Elapsed: 0.000s  Memory: 401.00M
"^" in: xor.drc:38
    Polygons (raw): 0 (flat)  0 (hierarchical)
    Elapsed: 0.620s  Memory: 401.00M
XOR differences: 0
"output" in: xor.drc:40
    Polygons (raw): 0 (flat)  0 (hierarchical)
    Elapsed: 0.000s  Memory: 401.00M
--- Running XOR for 67/16 ---
"input" in: xor.drc:38
    Polygons (raw): 661 (flat)  114 (hierarchical)
    Elapsed: 0.010s  Memory: 401.00M
"input" in: xor.drc:38
    Polygons (raw): 998 (flat)  192 (hierarchical)
    Elapsed: 0.000s  Memory: 401.00M
"^" in: xor.drc:38
    Polygons (raw): 0 (flat)  0 (hierarchical)
    Elapsed: 0.010s  Memory: 401.00M
XOR differences: 0
"output" in: xor.drc:40
    Polygons (raw): 0 (flat)  0 (hierarchical)
    Elapsed: 0.000s  Memory: 401.00M
--- Running XOR for 67/20 ---
"input" in: xor.drc:38
    Polygons (raw): 98494 (flat)  264 (hierarchical)
    Elapsed: 0.000s  Memory: 401.00M
"input" in: xor.drc:38
    Polygons (raw): 196697 (flat)  330 (hierarchical)
    Elapsed: 0.000s  Memory: 401.00M
"^" in: xor.drc:38
    Polygons (raw): 0 (flat)  0 (hierarchical)
    Elapsed: 0.820s  Memory: 424.00M
XOR differences: 0
"output" in: xor.drc:40
    Polygons (raw): 0 (flat)  0 (hierarchical)
    Elapsed: 0.000s  Memory: 424.00M
--- Running XOR for 67/44 ---
"input" in: xor.drc:38
    Polygons (raw): 341858 (flat)  462 (hierarchical)
    Elapsed: 0.000s  Memory: 424.00M
"input" in: xor.drc:38
    Polygons (raw): 683370 (flat)  695 (hierarchical)
    Elapsed: 0.000s  Memory: 424.00M
"^" in: xor.drc:38
    Polygons (raw): 0 (flat)  0 (hierarchical)
    Elapsed: 1.590s  Memory: 424.00M
XOR differences: 0
"output" in: xor.drc:40
    Polygons (raw): 0 (flat)  0 (hierarchical)
    Elapsed: 0.000s  Memory: 424.00M
--- Running XOR for 67/5 ---
"input" in: xor.drc:38
    Polygons (raw): 0 (flat)  0 (hierarchical)
    Elapsed: 0.000s  Memory: 424.00M
"input" in: xor.drc:38
    Polygons (raw): 0 (flat)  0 (hierarchical)
    Elapsed: 0.010s  Memory: 424.00M
"^" in: xor.drc:38
    Polygons (raw): 0 (flat)  0 (hierarchical)
    Elapsed: 0.010s  Memory: 424.00M
XOR differences: 0
"output" in: xor.drc:40
    Polygons (raw): 0 (flat)  0 (hierarchical)
    Elapsed: 0.000s  Memory: 424.00M
--- Running XOR for 68/16 ---
"input" in: xor.drc:38
    Polygons (raw): 44142 (flat)  52 (hierarchical)
    Elapsed: 0.000s  Memory: 424.00M
"input" in: xor.drc:38
    Polygons (raw): 88228 (flat)  96 (hierarchical)
    Elapsed: 0.000s  Memory: 424.00M
"^" in: xor.drc:38
    Polygons (raw): 0 (flat)  0 (hierarchical)
    Elapsed: 0.270s  Memory: 424.00M
XOR differences: 0
"output" in: xor.drc:40
    Polygons (raw): 0 (flat)  0 (hierarchical)
    Elapsed: 0.010s  Memory: 424.00M
--- Running XOR for 68/20 ---
"input" in: xor.drc:38
    Polygons (raw): 45501 (flat)  1005 (hierarchical)
    Elapsed: 0.000s  Memory: 424.00M
"input" in: xor.drc:38
    Polygons (raw): 90069 (flat)  903 (hierarchical)
    Elapsed: 0.000s  Memory: 424.00M
"^" in: xor.drc:38
    Polygons (raw): 0 (flat)  0 (hierarchical)
    Elapsed: 0.380s  Memory: 462.00M
XOR differences: 0
"output" in: xor.drc:40
    Polygons (raw): 0 (flat)  0 (hierarchical)
    Elapsed: 0.010s  Memory: 462.00M
--- Running XOR for 68/44 ---
"input" in: xor.drc:38
    Polygons (raw): 7225 (flat)  6022 (hierarchical)
    Elapsed: 0.000s  Memory: 462.00M
"input" in: xor.drc:38
    Polygons (raw): 7225 (flat)  1217 (hierarchical)
    Elapsed: 0.000s  Memory: 462.00M
"^" in: xor.drc:38
    Polygons (raw): 0 (flat)  0 (hierarchical)
    Elapsed: 0.030s  Memory: 462.00M
XOR differences: 0
"output" in: xor.drc:40
    Polygons (raw): 0 (flat)  0 (hierarchical)
    Elapsed: 0.000s  Memory: 462.00M
--- Running XOR for 68/5 ---
"input" in: xor.drc:38
    Polygons (raw): 0 (flat)  0 (hierarchical)
    Elapsed: 0.000s  Memory: 462.00M
"input" in: xor.drc:38
    Polygons (raw): 0 (flat)  0 (hierarchical)
    Elapsed: 0.010s  Memory: 462.00M
"^" in: xor.drc:38
    Polygons (raw): 0 (flat)  0 (hierarchical)
    Elapsed: 0.040s  Memory: 462.00M
XOR differences: 0
"output" in: xor.drc:40
    Polygons (raw): 0 (flat)  0 (hierarchical)
    Elapsed: 0.000s  Memory: 462.00M
--- Running XOR for 69/16 ---
"input" in: xor.drc:38
    Polygons (raw): 12 (flat)  9 (hierarchical)
    Elapsed: 0.000s  Memory: 462.00M
"input" in: xor.drc:38
    Polygons (raw): 12 (flat)  9 (hierarchical)
    Elapsed: 0.000s  Memory: 462.00M
"^" in: xor.drc:38
    Polygons (raw): 0 (flat)  0 (hierarchical)
    Elapsed: 0.010s  Memory: 462.00M
XOR differences: 0
"output" in: xor.drc:40
    Polygons (raw): 0 (flat)  0 (hierarchical)
    Elapsed: 0.000s  Memory: 462.00M
--- Running XOR for 69/20 ---
"input" in: xor.drc:38
    Polygons (raw): 1389 (flat)  1018 (hierarchical)
    Elapsed: 0.000s  Memory: 462.00M
"input" in: xor.drc:38
    Polygons (raw): 2444 (flat)  960 (hierarchical)
    Elapsed: 0.010s  Memory: 462.00M
"^" in: xor.drc:38
    Polygons (raw): 6 (flat)  6 (hierarchical)
    Elapsed: 0.020s  Memory: 462.00M
XOR differences: 6
"output" in: xor.drc:40
    Polygons (raw): 6 (flat)  6 (hierarchical)
    Elapsed: 0.000s  Memory: 462.00M
--- Running XOR for 69/44 ---
"input" in: xor.drc:38
    Polygons (raw): 5525 (flat)  4625 (hierarchical)
    Elapsed: 0.000s  Memory: 462.00M
"input" in: xor.drc:38
    Polygons (raw): 5525 (flat)  911 (hierarchical)
    Elapsed: 0.000s  Memory: 462.00M
"^" in: xor.drc:38
    Polygons (raw): 0 (flat)  0 (hierarchical)
    Elapsed: 0.030s  Memory: 462.00M
XOR differences: 0
"output" in: xor.drc:40
    Polygons (raw): 0 (flat)  0 (hierarchical)
    Elapsed: 0.000s  Memory: 462.00M
--- Running XOR for 69/5 ---
"input" in: xor.drc:38
    Polygons (raw): 0 (flat)  0 (hierarchical)
    Elapsed: 0.000s  Memory: 462.00M
"input" in: xor.drc:38
    Polygons (raw): 0 (flat)  0 (hierarchical)
    Elapsed: 0.000s  Memory: 462.00M
"^" in: xor.drc:38
    Polygons (raw): 0 (flat)  0 (hierarchical)
    Elapsed: 0.000s  Memory: 462.00M
XOR differences: 0
"output" in: xor.drc:40
    Polygons (raw): 0 (flat)  0 (hierarchical)
    Elapsed: 0.010s  Memory: 462.00M
--- Running XOR for 70/16 ---
"input" in: xor.drc:38
    Polygons (raw): 10 (flat)  6 (hierarchical)
    Elapsed: 0.000s  Memory: 462.00M
"input" in: xor.drc:38
    Polygons (raw): 10 (flat)  6 (hierarchical)
    Elapsed: 0.000s  Memory: 462.00M
"^" in: xor.drc:38
    Polygons (raw): 0 (flat)  0 (hierarchical)
    Elapsed: 0.010s  Memory: 462.00M
XOR differences: 0
"output" in: xor.drc:40
    Polygons (raw): 0 (flat)  0 (hierarchical)
    Elapsed: 0.000s  Memory: 462.00M
--- Running XOR for 70/20 ---
"input" in: xor.drc:38
    Polygons (raw): 1079 (flat)  833 (hierarchical)
    Elapsed: 0.000s  Memory: 462.00M
"input" in: xor.drc:38
    Polygons (raw): 2124 (flat)  804 (hierarchical)
    Elapsed: 0.000s  Memory: 462.00M
"^" in: xor.drc:38
    Polygons (raw): 2 (flat)  2 (hierarchical)
    Elapsed: 0.020s  Memory: 462.00M
XOR differences: 2
"output" in: xor.drc:40
    Polygons (raw): 2 (flat)  2 (hierarchical)
    Elapsed: 0.000s  Memory: 462.00M
--- Running XOR for 70/44 ---
"input" in: xor.drc:38
    Polygons (raw): 5511 (flat)  4615 (hierarchical)
    Elapsed: 0.000s  Memory: 462.00M
"input" in: xor.drc:38
    Polygons (raw): 5511 (flat)  907 (hierarchical)
    Elapsed: 0.010s  Memory: 462.00M
"^" in: xor.drc:38
    Polygons (raw): 0 (flat)  0 (hierarchical)
    Elapsed: 0.020s  Memory: 462.00M
XOR differences: 0
"output" in: xor.drc:40
    Polygons (raw): 0 (flat)  0 (hierarchical)
    Elapsed: 0.000s  Memory: 462.00M
--- Running XOR for 70/5 ---
"input" in: xor.drc:38
    Polygons (raw): 0 (flat)  0 (hierarchical)
    Elapsed: 0.000s  Memory: 462.00M
"input" in: xor.drc:38
    Polygons (raw): 0 (flat)  0 (hierarchical)
    Elapsed: 0.000s  Memory: 462.00M
"^" in: xor.drc:38
    Polygons (raw): 0 (flat)  0 (hierarchical)
    Elapsed: 0.000s  Memory: 462.00M
XOR differences: 0
"output" in: xor.drc:40
    Polygons (raw): 0 (flat)  0 (hierarchical)
    Elapsed: 0.000s  Memory: 462.00M
--- Running XOR for 71/16 ---
"input" in: xor.drc:38
    Polygons (raw): 32 (flat)  24 (hierarchical)
    Elapsed: 0.000s  Memory: 462.00M
"input" in: xor.drc:38
    Polygons (raw): 32 (flat)  24 (hierarchical)
    Elapsed: 0.000s  Memory: 462.00M
"^" in: xor.drc:38
    Polygons (raw): 0 (flat)  0 (hierarchical)
    Elapsed: 0.020s  Memory: 462.00M
XOR differences: 0
"output" in: xor.drc:40
    Polygons (raw): 0 (flat)  0 (hierarchical)
    Elapsed: 0.000s  Memory: 462.00M
--- Running XOR for 71/20 ---
"input" in: xor.drc:38
    Polygons (raw): 55 (flat)  47 (hierarchical)
    Elapsed: 0.000s  Memory: 462.00M
"input" in: xor.drc:38
    Polygons (raw): 640 (flat)  31 (hierarchical)
    Elapsed: 0.000s  Memory: 462.00M
"^" in: xor.drc:38
    Polygons (raw): 0 (flat)  0 (hierarchical)
    Elapsed: 0.010s  Memory: 462.00M
XOR differences: 0
"output" in: xor.drc:40
    Polygons (raw): 0 (flat)  0 (hierarchical)
    Elapsed: 0.000s  Memory: 462.00M
--- Running XOR for 71/44 ---
"input" in: xor.drc:38
    Polygons (raw): 70 (flat)  70 (hierarchical)
    Elapsed: 0.010s  Memory: 462.00M
"input" in: xor.drc:38
    Polygons (raw): 70 (flat)  3 (hierarchical)
    Elapsed: 0.000s  Memory: 462.00M
"^" in: xor.drc:38
    Polygons (raw): 0 (flat)  0 (hierarchical)
    Elapsed: 0.010s  Memory: 462.00M
XOR differences: 0
"output" in: xor.drc:40
    Polygons (raw): 0 (flat)  0 (hierarchical)
    Elapsed: 0.000s  Memory: 462.00M
--- Running XOR for 71/5 ---
"input" in: xor.drc:38
    Polygons (raw): 0 (flat)  0 (hierarchical)
    Elapsed: 0.000s  Memory: 462.00M
"input" in: xor.drc:38
    Polygons (raw): 0 (flat)  0 (hierarchical)
    Elapsed: 0.000s  Memory: 462.00M
"^" in: xor.drc:38
    Polygons (raw): 0 (flat)  0 (hierarchical)
    Elapsed: 0.000s  Memory: 462.00M
XOR differences: 0
"output" in: xor.drc:40
    Polygons (raw): 0 (flat)  0 (hierarchical)
    Elapsed: 0.010s  Memory: 462.00M
--- Running XOR for 72/16 ---
"input" in: xor.drc:38
    Polygons (raw): 10 (flat)  10 (hierarchical)
    Elapsed: 0.000s  Memory: 462.00M
"input" in: xor.drc:38
    Polygons (raw): 10 (flat)  10 (hierarchical)
    Elapsed: 0.000s  Memory: 462.00M
"^" in: xor.drc:38
    Polygons (raw): 0 (flat)  0 (hierarchical)
    Elapsed: 0.010s  Memory: 462.00M
XOR differences: 0
"output" in: xor.drc:40
    Polygons (raw): 0 (flat)  0 (hierarchical)
    Elapsed: 0.000s  Memory: 462.00M
--- Running XOR for 72/20 ---
"input" in: xor.drc:38
    Polygons (raw): 12 (flat)  12 (hierarchical)
    Elapsed: 0.000s  Memory: 462.00M
"input" in: xor.drc:38
    Polygons (raw): 82 (flat)  15 (hierarchical)
    Elapsed: 0.000s  Memory: 462.00M
"^" in: xor.drc:38
    Polygons (raw): 0 (flat)  0 (hierarchical)
    Elapsed: 0.010s  Memory: 462.00M
XOR differences: 0
"output" in: xor.drc:40
    Polygons (raw): 0 (flat)  0 (hierarchical)
    Elapsed: 0.000s  Memory: 462.00M
--- Running XOR for 72/5 ---
"input" in: xor.drc:38
    Polygons (raw): 0 (flat)  0 (hierarchical)
    Elapsed: 0.000s  Memory: 462.00M
"input" in: xor.drc:38
    Polygons (raw): 0 (flat)  0 (hierarchical)
    Elapsed: 0.000s  Memory: 462.00M
"^" in: xor.drc:38
    Polygons (raw): 0 (flat)  0 (hierarchical)
    Elapsed: 0.000s  Memory: 462.00M
XOR differences: 0
"output" in: xor.drc:40
    Polygons (raw): 0 (flat)  0 (hierarchical)
    Elapsed: 0.000s  Memory: 462.00M
--- Running XOR for 78/44 ---
"input" in: xor.drc:38
    Polygons (raw): 22074 (flat)  26 (hierarchical)
    Elapsed: 0.000s  Memory: 462.00M
"input" in: xor.drc:38
    Polygons (raw): 44120 (flat)  48 (hierarchical)
    Elapsed: 0.010s  Memory: 462.00M
"^" in: xor.drc:38
    Polygons (raw): 0 (flat)  0 (hierarchical)
    Elapsed: 0.160s  Memory: 462.00M
XOR differences: 0
"output" in: xor.drc:40
    Polygons (raw): 0 (flat)  0 (hierarchical)
    Elapsed: 0.000s  Memory: 462.00M
--- Running XOR for 81/14 ---
"input" in: xor.drc:38
    Polygons (raw): 1 (flat)  1 (hierarchical)
    Elapsed: 0.000s  Memory: 462.00M
"input" in: xor.drc:38
    Polygons (raw): 0 (flat)  0 (hierarchical)
    Elapsed: 0.000s  Memory: 462.00M
"^" in: xor.drc:38
    Polygons (raw): 1 (flat)  1 (hierarchical)
    Elapsed: 0.000s  Memory: 462.00M
XOR differences: 1
"output" in: xor.drc:40
    Polygons (raw): 1 (flat)  1 (hierarchical)
    Elapsed: 0.000s  Memory: 462.00M
--- Running XOR for 81/23 ---
"input" in: xor.drc:38
    Polygons (raw): 25 (flat)  1 (hierarchical)
    Elapsed: 0.000s  Memory: 462.00M
"input" in: xor.drc:38
    Polygons (raw): 25 (flat)  1 (hierarchical)
    Elapsed: 0.000s  Memory: 462.00M
"^" in: xor.drc:38
    Polygons (raw): 0 (flat)  0 (hierarchical)
    Elapsed: 0.010s  Memory: 462.00M
XOR differences: 0
"output" in: xor.drc:40
    Polygons (raw): 0 (flat)  0 (hierarchical)
    Elapsed: 0.000s  Memory: 462.00M
--- Running XOR for 81/4 ---
"input" in: xor.drc:38
    Polygons (raw): 22064 (flat)  24 (hierarchical)
    Elapsed: 0.000s  Memory: 462.00M
"input" in: xor.drc:38
    Polygons (raw): 44100 (flat)  44 (hierarchical)
    Elapsed: 0.000s  Memory: 462.00M
"^" in: xor.drc:38
    Polygons (raw): 0 (flat)  0 (hierarchical)
    Elapsed: 0.170s  Memory: 462.00M
XOR differences: 0
"output" in: xor.drc:40
    Polygons (raw): 0 (flat)  0 (hierarchical)
    Elapsed: 0.000s  Memory: 462.00M
--- Running XOR for 83/44 ---
"input" in: xor.drc:38
    Polygons (raw): 0 (flat)  0 (hierarchical)
    Elapsed: 0.000s  Memory: 462.00M
"input" in: xor.drc:38
    Polygons (raw): 0 (flat)  0 (hierarchical)
    Elapsed: 0.000s  Memory: 462.00M
"^" in: xor.drc:38
    Polygons (raw): 0 (flat)  0 (hierarchical)
    Elapsed: 0.040s  Memory: 462.00M
XOR differences: 0
"output" in: xor.drc:40
    Polygons (raw): 0 (flat)  0 (hierarchical)
    Elapsed: 0.000s  Memory: 462.00M
--- Running XOR for 93/44 ---
"input" in: xor.drc:38
    Polygons (raw): 25057 (flat)  25 (hierarchical)
    Elapsed: 0.000s  Memory: 462.00M
"input" in: xor.drc:38
    Polygons (raw): 50086 (flat)  46 (hierarchical)
    Elapsed: 0.000s  Memory: 462.00M
"^" in: xor.drc:38
    Polygons (raw): 0 (flat)  0 (hierarchical)
    Elapsed: 0.220s  Memory: 462.00M
XOR differences: 0
"output" in: xor.drc:40
    Polygons (raw): 0 (flat)  0 (hierarchical)
    Elapsed: 0.000s  Memory: 462.00M
--- Running XOR for 94/20 ---
"input" in: xor.drc:38
    Polygons (raw): 25057 (flat)  25 (hierarchical)
    Elapsed: 0.000s  Memory: 462.00M
"input" in: xor.drc:38
    Polygons (raw): 50086 (flat)  46 (hierarchical)
    Elapsed: 0.000s  Memory: 462.00M
"^" in: xor.drc:38
    Polygons (raw): 0 (flat)  0 (hierarchical)
    Elapsed: 0.220s  Memory: 462.00M
XOR differences: 0
"output" in: xor.drc:40
    Polygons (raw): 0 (flat)  0 (hierarchical)
    Elapsed: 0.000s  Memory: 462.00M
--- Running XOR for 95/20 ---
"input" in: xor.drc:38
    Polygons (raw): 16037 (flat)  22 (hierarchical)
    Elapsed: 0.000s  Memory: 462.00M
"input" in: xor.drc:38
    Polygons (raw): 32070 (flat)  40 (hierarchical)
    Elapsed: 0.000s  Memory: 462.00M
"^" in: xor.drc:38
    Polygons (raw): 0 (flat)  0 (hierarchical)
    Elapsed: 0.130s  Memory: 462.00M
XOR differences: 0
"output" in: xor.drc:40
    Polygons (raw): 0 (flat)  0 (hierarchical)
    Elapsed: 0.010s  Memory: 462.00M
Writing report database: /openlane/designs/core_cells/runs/SUN2/reports/signoff/core_cells.xor.xml ..
Total elapsed: 6.400s  Memory: 462.00M
