
===========================================================================
 report_clock_skew
============================================================================

======================== Slowest Corner ==================================

Clock clk
Latency      CRPR       Skew
_21_/CLK ^
   0.55
_22_/CLK ^
   0.50     -0.03       0.02


======================= Typical Corner ===================================

Clock clk
Latency      CRPR       Skew
_21_/CLK ^
   0.32
_22_/CLK ^
   0.29     -0.02       0.01


======================= Fastest Corner ===================================

Clock clk
Latency      CRPR       Skew
_21_/CLK ^
   0.22
_22_/CLK ^
   0.20     -0.01       0.01

