
===========================================================================
report_checks -path_delay max (Setup)
============================================================================
Startpoint: _6_ (rising edge-triggered flip-flop clocked by clk)
Endpoint: out2 (output port clocked by clk)
Path Group: clk
Path Type: max

Fanout     Cap    Slew   Delay    Time   Description
-----------------------------------------------------------------------------
                          0.00    0.00   clock clk (rise edge)
                          0.00    0.00   clock source latency
                  0.33    0.25    0.25 ^ clk (in)
     3    0.07                           clk (net)
                  0.33    0.00    0.25 ^ _6_/CLK (sky130_fd_sc_hd__dfxtp_2)
                  0.20    0.54    0.79 ^ _6_/Q (sky130_fd_sc_hd__dfxtp_2)
     1    0.04                           net7 (net)
                  0.20    0.01    0.80 ^ output7/A (sky130_fd_sc_hd__buf_2)
                  0.17    0.26    1.06 ^ output7/X (sky130_fd_sc_hd__buf_2)
     1    0.03                           out2 (net)
                  0.17    0.00    1.06 ^ out2 (out)
                                  1.06   data arrival time

                         10.00   10.00   clock clk (rise edge)
                          0.00   10.00   clock network delay (propagated)
                         -0.25    9.75   clock uncertainty
                          0.00    9.75   clock reconvergence pessimism
                         -2.00    7.75   output external delay
                                  7.75   data required time
-----------------------------------------------------------------------------
                                  7.75   data required time
                                 -1.06   data arrival time
-----------------------------------------------------------------------------
                                  6.69   slack (MET)


Startpoint: reset (input port clocked by clk)
Endpoint: _6_ (rising edge-triggered flip-flop clocked by clk)
Path Group: clk
Path Type: max

Fanout     Cap    Slew   Delay    Time   Description
-----------------------------------------------------------------------------
                          0.00    0.00   clock clk (rise edge)
                          0.00    0.00   clock network delay (propagated)
                          2.00    2.00 v input external delay
                  0.01    0.01    2.01 v reset (in)
     1    0.01                           reset (net)
                  0.01    0.00    2.01 v input2/A (sky130_fd_sc_hd__buf_6)
                  0.07    0.15    2.16 v input2/X (sky130_fd_sc_hd__buf_6)
     3    0.07                           net2 (net)
                  0.08    0.02    2.17 v _3_/A_N (sky130_fd_sc_hd__and3b_1)
                  0.05    0.23    2.40 ^ _3_/X (sky130_fd_sc_hd__and3b_1)
     1    0.00                           _1_ (net)
                  0.05    0.00    2.40 ^ _4_/C (sky130_fd_sc_hd__and3_4)
                  0.15    0.28    2.68 ^ _4_/X (sky130_fd_sc_hd__and3_4)
     1    0.05                           _2_ (net)
                  0.15    0.01    2.69 ^ _5_/A (sky130_fd_sc_hd__clkbuf_2)
                  0.09    0.18    2.88 ^ _5_/X (sky130_fd_sc_hd__clkbuf_2)
     1    0.02                           _0_ (net)
                  0.09    0.00    2.88 ^ _6_/D (sky130_fd_sc_hd__dfxtp_2)
                                  2.88   data arrival time

                         10.00   10.00   clock clk (rise edge)
                          0.00   10.00   clock source latency
                  0.33    0.23   10.23 ^ clk (in)
     3    0.07                           clk (net)
                  0.33    0.00   10.23 ^ _6_/CLK (sky130_fd_sc_hd__dfxtp_2)
                         -0.25    9.98   clock uncertainty
                          0.00    9.98   clock reconvergence pessimism
                         -0.03    9.95   library setup time
                                  9.95   data required time
-----------------------------------------------------------------------------
                                  9.95   data required time
                                 -2.88   data arrival time
-----------------------------------------------------------------------------
                                  7.07   slack (MET)


