Sun May 22 08:29:56 UTC 2022 - Executing "/openlane/scripts/mergeLef.py -o /openlane/designs/core_cells/runs/SUN1/tmp/merged.unpadded.nom.lef -i /home/saul/installs/openlane/OpenLane/pdks/sky130A/libs.ref/sky130_fd_sc_hd/techlef/sky130_fd_sc_hd__nom.tlef /home/saul/installs/openlane/OpenLane/pdks/sky130A/libs.ref/sky130_fd_sc_hd/lef/sky130_fd_sc_hd.lef |& tee /dev/null"

Sun May 22 08:29:57 UTC 2022 - Executing "/openlane/scripts/mergeLef.py -o /openlane/designs/core_cells/runs/SUN1/tmp/merged.unpadded.nom.lef -i /openlane/designs/core_cells/runs/SUN1/tmp/merged.unpadded.nom.lef /openlane/designs/core_cells/macros/counter.lef |& tee /dev/null"

Sun May 22 08:29:57 UTC 2022 - Executing "/openlane/scripts/mergeLef.py -o /openlane/designs/core_cells/runs/SUN1/tmp/merged.unpadded.min.lef -i /home/saul/installs/openlane/OpenLane/pdks/sky130A/libs.ref/sky130_fd_sc_hd/techlef/sky130_fd_sc_hd__min.tlef /home/saul/installs/openlane/OpenLane/pdks/sky130A/libs.ref/sky130_fd_sc_hd/lef/sky130_fd_sc_hd.lef |& tee /dev/null"

Sun May 22 08:29:57 UTC 2022 - Executing "/openlane/scripts/mergeLef.py -o /openlane/designs/core_cells/runs/SUN1/tmp/merged.unpadded.min.lef -i /openlane/designs/core_cells/runs/SUN1/tmp/merged.unpadded.min.lef /openlane/designs/core_cells/macros/counter.lef |& tee /dev/null"

Sun May 22 08:29:57 UTC 2022 - Executing "/openlane/scripts/mergeLef.py -o /openlane/designs/core_cells/runs/SUN1/tmp/merged.unpadded.max.lef -i /home/saul/installs/openlane/OpenLane/pdks/sky130A/libs.ref/sky130_fd_sc_hd/techlef/sky130_fd_sc_hd__max.tlef /home/saul/installs/openlane/OpenLane/pdks/sky130A/libs.ref/sky130_fd_sc_hd/lef/sky130_fd_sc_hd.lef |& tee /dev/null"

Sun May 22 08:29:57 UTC 2022 - Executing "/openlane/scripts/mergeLef.py -o /openlane/designs/core_cells/runs/SUN1/tmp/merged.unpadded.max.lef -i /openlane/designs/core_cells/runs/SUN1/tmp/merged.unpadded.max.lef /openlane/designs/core_cells/macros/counter.lef |& tee /dev/null"

Sun May 22 08:29:57 UTC 2022 - Executing "openroad -python /openlane/scripts/mergeLib.py --output /openlane/designs/core_cells/runs/SUN1/tmp/synthesis/merged.lib --name sky130A_merged /home/saul/installs/openlane/OpenLane/pdks/sky130A/libs.ref/sky130_fd_sc_hd/lib/sky130_fd_sc_hd__tt_025C_1v80.lib"

Sun May 22 08:29:57 UTC 2022 - Executing "openroad -python /openlane/scripts/libtrim.py --cell-file /openlane/designs/core_cells/runs/SUN1/tmp/synthesis/trimmed.lib.exclude.list --output /openlane/designs/core_cells/runs/SUN1/tmp/synthesis/trimmed.lib /openlane/designs/core_cells/runs/SUN1/tmp/synthesis/merged.lib"

Sun May 22 08:29:57 UTC 2022 - Executing "echo {openlane 0dc6fb79c91082b94f8ded78d70f8bacbab96bf2} > /openlane/designs/core_cells/runs/SUN1/OPENLANE_VERSION"

Sun May 22 08:29:57 UTC 2022 - Executing "openroad -python /openlane/scripts/new_tracks.py -i /home/saul/installs/openlane/OpenLane/pdks/sky130A/libs.tech/openlane/sky130_fd_sc_hd/tracks.info -o /openlane/designs/core_cells/runs/SUN1/tmp/routing/config.tracks"

Sun May 22 08:29:58 UTC 2022 - Executing "sed -E {s/^([[:space:]]+)pg_pin(.*)/\1pin\2\n\1    direction : "inout";/g} /home/saul/installs/openlane/OpenLane/pdks/sky130A/libs.ref/sky130_fd_sc_hd/lib/sky130_fd_sc_hd__tt_025C_1v80.lib > /openlane/designs/core_cells/runs/SUN1/tmp/synthesis/1-sky130_fd_sc_hd__tt_025C_1v80.no_pg.lib"

Sun May 22 08:29:58 UTC 2022 - Executing "yosys -c /openlane/scripts/yosys/synth.tcl -l /openlane/designs/core_cells/runs/SUN1/logs/synthesis/1-synthesis.log |& tee /dev/null"

Sun May 22 08:29:58 UTC 2022 - Executing "sed -i -e {s/\(set ::env(CURRENT_NETLIST)\).*/\1 \/openlane\/designs\/core_cells\/runs\/SUN1\/results\/synthesis\/core_cells.v/} /openlane/designs/core_cells/runs/SUN1/config.tcl"

Sun May 22 08:29:58 UTC 2022 - Executing "sed -i -e {s/\(set ::env(PREV_NETLIST)\).*/\1 0/} /openlane/designs/core_cells/runs/SUN1/config.tcl"

Sun May 22 08:29:58 UTC 2022 - Executing "sed -i /defparam/d /openlane/designs/core_cells/runs/SUN1/results/synthesis/core_cells.v"

Sun May 22 08:29:59 UTC 2022 - Executing "openroad -exit /openlane/scripts/openroad/sta.tcl |& tee /dev/null /openlane/designs/core_cells/runs/SUN1/logs/synthesis/2-sta.log"

Sun May 22 08:29:59 UTC 2022 - Executing "sed -E {s/^([[:space:]]+)pg_pin(.*)/\1pin\2\n\1    direction : "inout";/g} /home/saul/installs/openlane/OpenLane/pdks/sky130A/libs.ref/sky130_fd_sc_hd/lib/sky130_fd_sc_hd__tt_025C_1v80.lib > /openlane/designs/core_cells/runs/SUN1/tmp/synthesis/2-sky130_fd_sc_hd__tt_025C_1v80.no_pg.lib"

Sun May 22 08:29:59 UTC 2022 - Executing "yosys -c /openlane/scripts/yosys/synth.tcl -l /openlane/designs/core_cells/runs/SUN1/logs/synthesis/2-synthesis.log |& tee /dev/null"

Sun May 22 08:30:00 UTC 2022 - Executing "sed -i /defparam/d /openlane/designs/core_cells/runs/SUN1/tmp/synthesis/pg_define.v"

Sun May 22 08:30:00 UTC 2022 - Executing "openroad -exit /openlane/scripts/openroad/floorplan.tcl |& tee /dev/null /openlane/designs/core_cells/runs/SUN1/logs/floorplan/3-initial_fp.log"

Sun May 22 08:30:00 UTC 2022 - Executing "openroad -python /openlane/scripts/defutil.py extract_core_dims --output-data /openlane/designs/core_cells/runs/SUN1/tmp/dimensions.txt --input-lef /openlane/designs/core_cells/runs/SUN1/tmp/merged.nom.lef /openlane/designs/core_cells/runs/SUN1/tmp/floorplan/3-initial_fp.def"

Sun May 22 08:30:00 UTC 2022 - Executing "openroad -exit /openlane/scripts/openroad/ioplacer.tcl |& tee /dev/null /openlane/designs/core_cells/runs/SUN1/logs/floorplan/4-io.log"

Sun May 22 08:30:01 UTC 2022 - Executing "openroad -python /openlane/scripts/manual_macro_place.py -l /openlane/designs/core_cells/runs/SUN1/tmp/merged.nom.lef -id /openlane/designs/core_cells/runs/SUN1/tmp/floorplan/4-io.def -o /openlane/designs/core_cells/runs/SUN1/tmp/floorplan/4-io.macro_placement.def -c /openlane/designs/core_cells/runs/SUN1/tmp/placement/macro_placement.cfg -f |& tee /dev/null /openlane/designs/core_cells/runs/SUN1/logs/placement/5-macro_placement.log"

Sun May 22 08:30:01 UTC 2022 - Executing "openroad -exit /openlane/scripts/openroad/tapcell.tcl |& tee /dev/null /openlane/designs/core_cells/runs/SUN1/logs/floorplan/6-tap.log"

Sun May 22 08:30:01 UTC 2022 - Executing "openroad -exit /openlane/scripts/openroad/pdn.tcl |& tee /dev/null /openlane/designs/core_cells/runs/SUN1/logs/floorplan/7-pdn.log"

Sun May 22 08:30:01 UTC 2022 - Executing "openroad -exit /openlane/scripts/openroad/replace.tcl |& tee /dev/null /openlane/designs/core_cells/runs/SUN1/logs/placement/8-global.log"

Sun May 22 08:30:03 UTC 2022 - Executing "openroad -python /openlane/scripts/generate_reports.py -d /openlane/designs/core_cells --design_name core_cells --tag SUN1 --output_file /openlane/designs/core_cells/runs/SUN1/reports/metrics.csv --man_report /openlane/designs/core_cells/runs/SUN1/reports/manufacturability.rpt --run_path /openlane/designs/core_cells/runs/SUN1"

