Sun May 22 07:17:30 UTC 2022 - Executing "/openlane/scripts/mergeLef.py -o /openlane/designs/core/runs/SUN1/tmp/merged.unpadded.nom.lef -i /home/saul/installs/openlane/OpenLane/pdks/sky130A/libs.ref/sky130_fd_sc_hd/techlef/sky130_fd_sc_hd__nom.tlef /home/saul/installs/openlane/OpenLane/pdks/sky130A/libs.ref/sky130_fd_sc_hd/lef/sky130_fd_sc_hd.lef |& tee /dev/null"

Sun May 22 07:17:30 UTC 2022 - Executing "/openlane/scripts/mergeLef.py -o /openlane/designs/core/runs/SUN1/tmp/merged.unpadded.nom.lef -i /openlane/designs/core/runs/SUN1/tmp/merged.unpadded.nom.lef /openlane/designs/core/macros/counter.lef |& tee /dev/null"

Sun May 22 07:17:30 UTC 2022 - Executing "/openlane/scripts/mergeLef.py -o /openlane/designs/core/runs/SUN1/tmp/merged.unpadded.min.lef -i /home/saul/installs/openlane/OpenLane/pdks/sky130A/libs.ref/sky130_fd_sc_hd/techlef/sky130_fd_sc_hd__min.tlef /home/saul/installs/openlane/OpenLane/pdks/sky130A/libs.ref/sky130_fd_sc_hd/lef/sky130_fd_sc_hd.lef |& tee /dev/null"

Sun May 22 07:17:30 UTC 2022 - Executing "/openlane/scripts/mergeLef.py -o /openlane/designs/core/runs/SUN1/tmp/merged.unpadded.min.lef -i /openlane/designs/core/runs/SUN1/tmp/merged.unpadded.min.lef /openlane/designs/core/macros/counter.lef |& tee /dev/null"

Sun May 22 07:17:30 UTC 2022 - Executing "/openlane/scripts/mergeLef.py -o /openlane/designs/core/runs/SUN1/tmp/merged.unpadded.max.lef -i /home/saul/installs/openlane/OpenLane/pdks/sky130A/libs.ref/sky130_fd_sc_hd/techlef/sky130_fd_sc_hd__max.tlef /home/saul/installs/openlane/OpenLane/pdks/sky130A/libs.ref/sky130_fd_sc_hd/lef/sky130_fd_sc_hd.lef |& tee /dev/null"

Sun May 22 07:17:31 UTC 2022 - Executing "/openlane/scripts/mergeLef.py -o /openlane/designs/core/runs/SUN1/tmp/merged.unpadded.max.lef -i /openlane/designs/core/runs/SUN1/tmp/merged.unpadded.max.lef /openlane/designs/core/macros/counter.lef |& tee /dev/null"

Sun May 22 07:17:31 UTC 2022 - Executing "openroad -python /openlane/scripts/mergeLib.py --output /openlane/designs/core/runs/SUN1/tmp/synthesis/merged.lib --name sky130A_merged /home/saul/installs/openlane/OpenLane/pdks/sky130A/libs.ref/sky130_fd_sc_hd/lib/sky130_fd_sc_hd__tt_025C_1v80.lib"

Sun May 22 07:17:31 UTC 2022 - Executing "openroad -python /openlane/scripts/libtrim.py --cell-file /openlane/designs/core/runs/SUN1/tmp/synthesis/trimmed.lib.exclude.list --output /openlane/designs/core/runs/SUN1/tmp/synthesis/trimmed.lib /openlane/designs/core/runs/SUN1/tmp/synthesis/merged.lib"

Sun May 22 07:17:31 UTC 2022 - Executing "echo {openlane 0dc6fb79c91082b94f8ded78d70f8bacbab96bf2} > /openlane/designs/core/runs/SUN1/OPENLANE_VERSION"

Sun May 22 07:17:31 UTC 2022 - Executing "openroad -python /openlane/scripts/new_tracks.py -i /home/saul/installs/openlane/OpenLane/pdks/sky130A/libs.tech/openlane/sky130_fd_sc_hd/tracks.info -o /openlane/designs/core/runs/SUN1/tmp/routing/config.tracks"

Sun May 22 07:17:32 UTC 2022 - Executing "sed -E {s/^([[:space:]]+)pg_pin(.*)/\1pin\2\n\1    direction : "inout";/g} /home/saul/installs/openlane/OpenLane/pdks/sky130A/libs.ref/sky130_fd_sc_hd/lib/sky130_fd_sc_hd__tt_025C_1v80.lib > /openlane/designs/core/runs/SUN1/tmp/synthesis/1-sky130_fd_sc_hd__tt_025C_1v80.no_pg.lib"

Sun May 22 07:17:32 UTC 2022 - Executing "yosys -c /openlane/scripts/yosys/synth_top.tcl -l /openlane/designs/core/runs/SUN1/logs/synthesis/1-synthesis.log |& tee /dev/null"

Sun May 22 07:17:32 UTC 2022 - Executing "sed -i -e {s/\(set ::env(CURRENT_NETLIST)\).*/\1 \/openlane\/designs\/core\/runs\/SUN1\/results\/synthesis\/core.v/} /openlane/designs/core/runs/SUN1/config.tcl"

Sun May 22 07:17:32 UTC 2022 - Executing "sed -i -e {s/\(set ::env(PREV_NETLIST)\).*/\1 0/} /openlane/designs/core/runs/SUN1/config.tcl"

Sun May 22 07:17:32 UTC 2022 - Executing "sed -i /defparam/d /openlane/designs/core/runs/SUN1/results/synthesis/core.v"

Sun May 22 07:17:32 UTC 2022 - Executing "openroad -exit /openlane/scripts/openroad/sta.tcl |& tee /dev/null /openlane/designs/core/runs/SUN1/logs/synthesis/2-sta.log"

Sun May 22 07:17:33 UTC 2022 - Executing "sed -E {s/^([[:space:]]+)pg_pin(.*)/\1pin\2\n\1    direction : "inout";/g} /home/saul/installs/openlane/OpenLane/pdks/sky130A/libs.ref/sky130_fd_sc_hd/lib/sky130_fd_sc_hd__tt_025C_1v80.lib > /openlane/designs/core/runs/SUN1/tmp/synthesis/2-sky130_fd_sc_hd__tt_025C_1v80.no_pg.lib"

Sun May 22 07:17:33 UTC 2022 - Executing "yosys -c /openlane/scripts/yosys/synth_top.tcl -l /openlane/designs/core/runs/SUN1/logs/synthesis/2-synthesis.log |& tee /dev/null"

Sun May 22 07:17:33 UTC 2022 - Executing "sed -i /defparam/d /openlane/designs/core/runs/SUN1/tmp/synthesis/pg_define.v"

Sun May 22 07:17:33 UTC 2022 - Executing "openroad -exit /openlane/scripts/openroad/floorplan.tcl |& tee /dev/null /openlane/designs/core/runs/SUN1/logs/floorplan/3-initial_fp.log"

Sun May 22 07:17:33 UTC 2022 - Executing "openroad -python /openlane/scripts/defutil.py extract_core_dims --output-data /openlane/designs/core/runs/SUN1/tmp/dimensions.txt --input-lef /openlane/designs/core/runs/SUN1/tmp/merged.nom.lef /openlane/designs/core/runs/SUN1/tmp/floorplan/3-initial_fp.def"

Sun May 22 07:17:33 UTC 2022 - Executing "openroad -exit /openlane/scripts/openroad/ioplacer.tcl |& tee /dev/null /openlane/designs/core/runs/SUN1/logs/floorplan/4-io.log"

Sun May 22 07:17:34 UTC 2022 - Executing "openroad -python /openlane/scripts/manual_macro_place.py -l /openlane/designs/core/runs/SUN1/tmp/merged.nom.lef -id /openlane/designs/core/runs/SUN1/tmp/floorplan/4-io.def -o /openlane/designs/core/runs/SUN1/tmp/floorplan/4-io.macro_placement.def -c /openlane/designs/core/runs/SUN1/tmp/placement/macro_placement.cfg -f |& tee /dev/null /openlane/designs/core/runs/SUN1/logs/placement/5-macro_placement.log"

Sun May 22 07:17:34 UTC 2022 - Executing "openroad -exit /openlane/scripts/openroad/pdn.tcl |& tee /dev/null /openlane/designs/core/runs/SUN1/logs/floorplan/6-pdn.log"

Sun May 22 07:17:34 UTC 2022 - Executing "openroad -python /openlane/scripts/random_place.py --lef /openlane/designs/core/runs/SUN1/tmp/merged.unpadded.nom.lef --input-def /openlane/designs/core/runs/SUN1/tmp/floorplan/6-pdn.def --output-def /openlane/designs/core/runs/SUN1/tmp/placement/7-global.def |& tee /dev/null /openlane/designs/core/runs/SUN1/logs/placement/7-global.log"

Sun May 22 07:17:35 UTC 2022 - Executing "openroad -exit /openlane/scripts/openroad/opendp.tcl |& tee /dev/null /openlane/designs/core/runs/SUN1/logs/placement/8-detailed.log"

Sun May 22 07:17:35 UTC 2022 - Executing "openroad -exit /openlane/scripts/openroad/resizer_routing_timing.tcl |& tee /dev/null /openlane/designs/core/runs/SUN1/logs/routing/9-resizer.log"

Sun May 22 07:17:35 UTC 2022 - Executing "openroad -exit /openlane/scripts/openroad/write_verilog.tcl |& tee /dev/null /openlane/designs/core/runs/SUN1/logs/routing/10-write_verilog.log"

Sun May 22 07:17:35 UTC 2022 - Executing "sed -i -e {s/\(set ::env(CURRENT_NETLIST)\).*/\1 \/openlane\/designs\/core\/runs\/SUN1\/results\/routing\/core.resized.v/} /openlane/designs/core/runs/SUN1/config.tcl"

Sun May 22 07:17:35 UTC 2022 - Executing "sed -i -e {s/\(set ::env(PREV_NETLIST)\).*/\1 \/openlane\/designs\/core\/runs\/SUN1\/results\/synthesis\/core.v/} /openlane/designs/core/runs/SUN1/config.tcl"

Sun May 22 07:17:36 UTC 2022 - Executing "openroad -exit /openlane/scripts/openroad/opendp.tcl |& tee /dev/null /openlane/designs/core/runs/SUN1/logs/routing/11-diode_legalization.log"

Sun May 22 07:17:36 UTC 2022 - Executing "openroad -exit /openlane/scripts/openroad/groute.tcl |& tee /dev/null /openlane/designs/core/runs/SUN1/logs/routing/13-global.log"

Sun May 22 07:17:36 UTC 2022 - Executing "openroad -exit /openlane/scripts/openroad/write_verilog.tcl |& tee /dev/null /openlane/designs/core/runs/SUN1/logs/routing/14-write_verilog_global.log"

Sun May 22 07:17:36 UTC 2022 - Executing "sed -i -e {s/\(set ::env(CURRENT_NETLIST)\).*/\1 \/openlane\/designs\/core\/runs\/SUN1\/tmp\/routing\/13-global.v/} /openlane/designs/core/runs/SUN1/config.tcl"

Sun May 22 07:17:36 UTC 2022 - Executing "sed -i -e {s/\(set ::env(PREV_NETLIST)\).*/\1 \/openlane\/designs\/core\/runs\/SUN1\/results\/routing\/core.resized.v/} /openlane/designs/core/runs/SUN1/config.tcl"

Sun May 22 07:17:36 UTC 2022 - Executing "openroad -exit /openlane/scripts/openroad/droute.tcl |& tee /dev/null /openlane/designs/core/runs/SUN1/logs/routing/15-detailed.log"

Sun May 22 07:17:38 UTC 2022 - Executing "openroad -python /openlane/scripts/tr_drc_to_klayout_drc.py -i /openlane/designs/core/runs/SUN1/reports/routing/detailed.drc -o /openlane/designs/core/runs/SUN1/reports/routing/detailed.klayout.xml --design-name core"

Sun May 22 07:17:38 UTC 2022 - Executing "openroad -exit /openlane/scripts/openroad/write_verilog.tcl |& tee /dev/null /openlane/designs/core/runs/SUN1/logs/routing/16-write_verilog_detailed.log"

Sun May 22 07:17:38 UTC 2022 - Executing "sed -i -e {s/\(set ::env(CURRENT_NETLIST)\).*/\1 \/openlane\/designs\/core\/runs\/SUN1\/tmp\/routing\/15-detailed.v/} /openlane/designs/core/runs/SUN1/config.tcl"

Sun May 22 07:17:38 UTC 2022 - Executing "sed -i -e {s/\(set ::env(PREV_NETLIST)\).*/\1 \/openlane\/designs\/core\/runs\/SUN1\/tmp\/routing\/13-global.v/} /openlane/designs/core/runs/SUN1/config.tcl"

Sun May 22 07:17:38 UTC 2022 - Executing "openroad -exit /openlane/scripts/openroad/rcx.tcl |& tee /dev/null /openlane/designs/core/runs/SUN1/logs/signoff/17-parasitics_extraction.min.log"

Sun May 22 07:17:38 UTC 2022 - Executing "openroad -exit /openlane/scripts/openroad/sta_multi_corner.tcl |& tee /dev/null /openlane/designs/core/runs/SUN1/logs/signoff/18-parasitics_multi_corner_sta.min.log"

Sun May 22 07:17:40 UTC 2022 - Executing "openroad -exit /openlane/scripts/openroad/rcx.tcl |& tee /dev/null /openlane/designs/core/runs/SUN1/logs/signoff/19-parasitics_extraction.max.log"

Sun May 22 07:17:40 UTC 2022 - Executing "openroad -exit /openlane/scripts/openroad/sta_multi_corner.tcl |& tee /dev/null /openlane/designs/core/runs/SUN1/logs/signoff/20-parasitics_multi_corner_sta.max.log"

Sun May 22 07:17:41 UTC 2022 - Executing "openroad -exit /openlane/scripts/openroad/rcx.tcl |& tee /dev/null /openlane/designs/core/runs/SUN1/logs/signoff/21-parasitics_extraction.nom.log"

Sun May 22 07:17:42 UTC 2022 - Executing "openroad -exit /openlane/scripts/openroad/sta.tcl |& tee /dev/null /openlane/designs/core/runs/SUN1/logs/signoff/22-parasitics_sta.log"

Sun May 22 07:17:42 UTC 2022 - Executing "openroad -exit /openlane/scripts/openroad/sta_multi_corner.tcl |& tee /dev/null /openlane/designs/core/runs/SUN1/logs/signoff/23-parasitics_multi_corner_sta.log"

Sun May 22 07:17:43 UTC 2022 - Executing "magic -noconsole -dnull -rcfile /home/saul/installs/openlane/OpenLane/pdks/sky130A/libs.tech/magic/sky130A.magicrc /openlane/scripts/magic/mag_gds.tcl </dev/null |& tee /dev/null /openlane/designs/core/runs/SUN1/logs/signoff/24-gdsii.log"

Sun May 22 07:17:44 UTC 2022 - Executing "magic -noconsole -dnull -rcfile /home/saul/installs/openlane/OpenLane/pdks/sky130A/libs.tech/magic/sky130A.magicrc /openlane/scripts/magic/gds_pointers.tcl </dev/null |& tee /dev/null /openlane/designs/core/runs/SUN1/logs/signoff/24-gds_ptrs.log"

Sun May 22 07:17:44 UTC 2022 - Executing "sed -i -n {/^<< properties >>/,/^<< end >>/p} /openlane/designs/core/runs/SUN1/tmp/signoff/gds_ptrs.mag"

Sun May 22 07:17:44 UTC 2022 - Executing "magic -noconsole -dnull -rcfile /home/saul/installs/openlane/OpenLane/pdks/sky130A/libs.tech/magic/sky130A.magicrc /openlane/scripts/magic/lef.tcl </dev/null |& tee /dev/null /openlane/designs/core/runs/SUN1/logs/signoff/24-lef.log"

Sun May 22 07:17:44 UTC 2022 - Executing "magic -noconsole -dnull -rcfile /home/saul/installs/openlane/OpenLane/pdks/sky130A/libs.tech/magic/sky130A.magicrc /openlane/scripts/magic/maglef.tcl </dev/null |& tee /dev/null /openlane/designs/core/runs/SUN1/logs/signoff/24-maglef.log"

Sun May 22 07:17:45 UTC 2022 - Executing "klayout -b -rm /openlane/scripts/klayout/def2gds.py -rd out_gds=/openlane/designs/core/runs/SUN1/results/signoff/core.klayout.gds -rd tech_file=/home/saul/installs/openlane/OpenLane/pdks/sky130A/libs.tech/klayout/sky130A.lyt -rd design_name=core -rd in_def=/openlane/designs/core/runs/SUN1/results/routing/core.def -rd {in_gds=/home/saul/installs/openlane/OpenLane/pdks/sky130A/libs.ref/sky130_fd_sc_hd/gds/sky130_fd_sc_hd.gds    
    /openlane/designs/core/macros/counter.gds} -rd config_file= -rd seal_gds= -rd lef_file=/openlane/designs/core/runs/SUN1/tmp/merged.nom.lef |& tee /dev/null /openlane/designs/core/runs/SUN1/logs/signoff/25-gdsii-klayout.log"

Sun May 22 07:17:45 UTC 2022 - Executing "bash /openlane/scripts/klayout/xor.sh /openlane/designs/core/runs/SUN1/results/signoff/core.gds /openlane/designs/core/runs/SUN1/results/signoff/core.klayout.gds core /openlane/designs/core/runs/SUN1/reports/signoff/core.xor.gds |& tee /dev/null /openlane/designs/core/runs/SUN1/logs/signoff/26-xor.log"

Sun May 22 07:17:46 UTC 2022 - Executing "openroad -python /openlane/scripts/parse_klayout_xor_log.py -l /openlane/designs/core/runs/SUN1/logs/signoff/26-xor.log -o /openlane/designs/core/runs/SUN1/reports/signoff/26-xor.rpt"

Sun May 22 07:17:46 UTC 2022 - Executing "bash /openlane/scripts/klayout/xor.sh /openlane/designs/core/runs/SUN1/results/signoff/core.gds /openlane/designs/core/runs/SUN1/results/signoff/core.klayout.gds core /openlane/designs/core/runs/SUN1/reports/signoff/core.xor.xml |& tee /dev/null /openlane/designs/core/runs/SUN1/logs/signoff/26-xor.log"

Sun May 22 07:17:47 UTC 2022 - Executing "openroad -python /openlane/scripts/parse_klayout_xor_log.py -l /openlane/designs/core/runs/SUN1/logs/signoff/26-xor.log -o /openlane/designs/core/runs/SUN1/reports/signoff/26-xor.rpt"

Sun May 22 07:17:47 UTC 2022 - Executing "magic -noconsole -dnull -rcfile /home/saul/installs/openlane/OpenLane/pdks/sky130A/libs.tech/magic/sky130A.magicrc /openlane/designs/core/runs/SUN1/tmp/signoff/spice.tcl </dev/null |& tee /dev/null /openlane/designs/core/runs/SUN1/logs/signoff/27-spice.log"

Sun May 22 07:17:48 UTC 2022 - Executing "openroad -python /openlane/scripts/write_powered_def.py -d /openlane/designs/core/runs/SUN1/results/routing/core.def -l /openlane/designs/core/runs/SUN1/tmp/merged.nom.lef --power-port vccd1 --ground-port vssd1 --powered-netlist /openlane/designs/core/runs/SUN1/tmp/synthesis/pg_define.v -o /openlane/designs/core/runs/SUN1/tmp/signoff/27-powered_def.def |& tee /dev/null /openlane/designs/core/runs/SUN1/logs/signoff/28-write_powered_def.log"

Sun May 22 07:17:49 UTC 2022 - Executing "openroad -exit /openlane/scripts/openroad/write_verilog.tcl |& tee /dev/null /dev/null"

Sun May 22 07:17:49 UTC 2022 - Executing "sed -i -e {s/\(set ::env(CURRENT_NETLIST)\).*/\1 \/openlane\/designs\/core\/runs\/SUN1\/tmp\/signoff\/27-powered_netlist.v/} /openlane/designs/core/runs/SUN1/config.tcl"

Sun May 22 07:17:49 UTC 2022 - Executing "sed -i -e {s/\(set ::env(PREV_NETLIST)\).*/\1 \/openlane\/designs\/core\/runs\/SUN1\/tmp\/routing\/15-detailed.v/} /openlane/designs/core/runs/SUN1/config.tcl"

Sun May 22 07:17:49 UTC 2022 - Executing "netgen -batch source /openlane/designs/core/runs/SUN1/tmp/signoff/30-setup_file.lef.lvs |& tee /dev/null /openlane/designs/core/runs/SUN1/logs/signoff/30-lef.log"

Sun May 22 07:17:49 UTC 2022 - Executing "magic -noconsole -dnull -rcfile /home/saul/installs/openlane/OpenLane/pdks/sky130A/libs.tech/magic/sky130A.magicrc /openlane/scripts/magic/drc.tcl </dev/null |& tee /dev/null /openlane/designs/core/runs/SUN1/logs/signoff/31-drc.log"

Sun May 22 07:17:51 UTC 2022 - Executing "openroad -python /openlane/scripts/magic_drc_to_tcl.py -i /openlane/designs/core/runs/SUN1/reports/signoff/drc.rpt -o /openlane/designs/core/runs/SUN1/reports/signoff/drc.tcl"

Sun May 22 07:17:51 UTC 2022 - Executing "openroad -python /openlane/scripts/magic_drc_to_tr_drc.py -i /openlane/designs/core/runs/SUN1/reports/signoff/drc.rpt -o /openlane/designs/core/runs/SUN1/reports/signoff/drc.tr"

Sun May 22 07:17:51 UTC 2022 - Executing "openroad -python /openlane/scripts/tr_drc_to_klayout_drc.py -i /openlane/designs/core/runs/SUN1/reports/signoff/drc.tr -o /openlane/designs/core/runs/SUN1/reports/signoff/drc.klayout.xml --design-name core"

Sun May 22 07:17:51 UTC 2022 - Executing "openroad -python /openlane/scripts/magic_drc_to_rdb.py --magic_drc_in /openlane/designs/core/runs/SUN1/reports/signoff/drc.rpt --rdb_out /openlane/designs/core/runs/SUN1/reports/signoff/drc.rdb"

Sun May 22 07:17:51 UTC 2022 - Executing "openroad -exit /openlane/scripts/openroad/antenna_check.tcl |& tee /dev/null /openlane/designs/core/runs/SUN1/logs/signoff/32-antenna.log"

Sun May 22 07:17:52 UTC 2022 - Executing "openroad -python /openlane/scripts/generate_reports.py -d /openlane/designs/core --design_name core --tag SUN1 --output_file /openlane/designs/core/runs/SUN1/reports/metrics.csv --man_report /openlane/designs/core/runs/SUN1/reports/manufacturability.rpt --run_path /openlane/designs/core/runs/SUN1"

