
===========================================================================
report_checks -path_delay min (Hold)
============================================================================

======================= Slowest Corner ===================================

Startpoint: reset (input port clocked by clk)
Endpoint: _6_ (rising edge-triggered flip-flop clocked by clk)
Path Group: clk
Path Type: min
Corner: ss

Fanout     Cap    Slew   Delay    Time   Description
-----------------------------------------------------------------------------
                          0.00    0.00   clock clk (rise edge)
                          0.00    0.00   clock network delay (propagated)
                          2.00    2.00 ^ input external delay
                  0.03    0.02    2.02 ^ reset (in)
     1    0.00                           reset (net)
                  0.03    0.00    2.02 ^ input2/A (sky130_fd_sc_hd__clkbuf_4)
                  0.24    0.33    2.35 ^ input2/X (sky130_fd_sc_hd__clkbuf_4)
    12    0.05                           net2 (net)
                  0.24    0.01    2.36 ^ _3_/A_N (sky130_fd_sc_hd__and3b_1)
                  0.19    0.51    2.87 v _3_/X (sky130_fd_sc_hd__and3b_1)
     2    0.02                           _1_ (net)
                  0.19    0.00    2.87 v _4_/C (sky130_fd_sc_hd__and3_4)
                  0.13    0.44    3.31 v _4_/X (sky130_fd_sc_hd__and3_4)
     1    0.04                           _2_ (net)
                  0.13    0.01    3.32 v _5_/A (sky130_fd_sc_hd__clkbuf_1)
                  0.08    0.21    3.53 v _5_/X (sky130_fd_sc_hd__clkbuf_1)
     1    0.01                           _0_ (net)
                  0.08    0.00    3.53 v _6_/D (sky130_fd_sc_hd__dfxtp_2)
                                  3.53   data arrival time

                          0.00    0.00   clock clk (rise edge)
                          0.00    0.00   clock source latency
                  0.34    0.25    0.25 ^ clk (in)
     1    0.05                           clk (net)
                  0.34    0.00    0.25 ^ clkbuf_0_clk/A (sky130_fd_sc_hd__clkbuf_16)
                  0.08    0.37    0.62 ^ clkbuf_0_clk/X (sky130_fd_sc_hd__clkbuf_16)
     2    0.03                           clknet_0_clk (net)
                  0.08    0.00    0.63 ^ clkbuf_1_0__f_clk/A (sky130_fd_sc_hd__clkbuf_16)
                  0.07    0.25    0.87 ^ clkbuf_1_0__f_clk/X (sky130_fd_sc_hd__clkbuf_16)
     2    0.03                           clknet_1_0__leaf_clk (net)
                  0.07    0.00    0.87 ^ _6_/CLK (sky130_fd_sc_hd__dfxtp_2)
                          0.25    1.12   clock uncertainty
                          0.00    1.12   clock reconvergence pessimism
                         -0.09    1.03   library hold time
                                  1.03   data required time
-----------------------------------------------------------------------------
                                  1.03   data required time
                                 -3.53   data arrival time
-----------------------------------------------------------------------------
                                  2.50   slack (MET)


Startpoint: _6_ (rising edge-triggered flip-flop clocked by clk)
Endpoint: out2 (output port clocked by clk)
Path Group: clk
Path Type: min
Corner: ss

Fanout     Cap    Slew   Delay    Time   Description
-----------------------------------------------------------------------------
                          0.00    0.00   clock clk (rise edge)
                          0.00    0.00   clock source latency
                  0.34    0.23    0.23 ^ clk (in)
     1    0.05                           clk (net)
                  0.34    0.00    0.23 ^ clkbuf_0_clk/A (sky130_fd_sc_hd__clkbuf_16)
                  0.08    0.34    0.57 ^ clkbuf_0_clk/X (sky130_fd_sc_hd__clkbuf_16)
     2    0.03                           clknet_0_clk (net)
                  0.08    0.00    0.57 ^ clkbuf_1_0__f_clk/A (sky130_fd_sc_hd__clkbuf_16)
                  0.07    0.22    0.79 ^ clkbuf_1_0__f_clk/X (sky130_fd_sc_hd__clkbuf_16)
     2    0.03                           clknet_1_0__leaf_clk (net)
                  0.07    0.00    0.79 ^ _6_/CLK (sky130_fd_sc_hd__dfxtp_2)
                  0.13    0.65    1.44 v _6_/Q (sky130_fd_sc_hd__dfxtp_2)
     2    0.03                           net7 (net)
                  0.13    0.00    1.45 v output7/A (sky130_fd_sc_hd__buf_2)
                  0.17    0.35    1.80 v output7/X (sky130_fd_sc_hd__buf_2)
     1    0.03                           out2 (net)
                  0.17    0.00    1.80 v out2 (out)
                                  1.80   data arrival time

                          0.00    0.00   clock clk (rise edge)
                          0.00    0.00   clock network delay (propagated)
                          0.25    0.25   clock uncertainty
                          0.00    0.25   clock reconvergence pessimism
                         -2.00   -1.75   output external delay
                                 -1.75   data required time
-----------------------------------------------------------------------------
                                 -1.75   data required time
                                 -1.80   data arrival time
-----------------------------------------------------------------------------
                                  3.55   slack (MET)



======================= Typical Corner ===================================

Startpoint: reset (input port clocked by clk)
Endpoint: _6_ (rising edge-triggered flip-flop clocked by clk)
Path Group: clk
Path Type: min
Corner: tt

Fanout     Cap    Slew   Delay    Time   Description
-----------------------------------------------------------------------------
                          0.00    0.00   clock clk (rise edge)
                          0.00    0.00   clock network delay (propagated)
                          2.00    2.00 ^ input external delay
                  0.02    0.01    2.01 ^ reset (in)
     1    0.00                           reset (net)
                  0.02    0.00    2.01 ^ input2/A (sky130_fd_sc_hd__clkbuf_4)
                  0.15    0.19    2.20 ^ input2/X (sky130_fd_sc_hd__clkbuf_4)
    12    0.05                           net2 (net)
                  0.15    0.01    2.20 ^ _3_/A_N (sky130_fd_sc_hd__and3b_1)
                  0.10    0.24    2.45 v _3_/X (sky130_fd_sc_hd__and3b_1)
     2    0.02                           _1_ (net)
                  0.10    0.00    2.45 v _4_/C (sky130_fd_sc_hd__and3_4)
                  0.07    0.24    2.69 v _4_/X (sky130_fd_sc_hd__and3_4)
     1    0.04                           _2_ (net)
                  0.08    0.01    2.70 v _5_/A (sky130_fd_sc_hd__clkbuf_1)
                  0.05    0.11    2.81 v _5_/X (sky130_fd_sc_hd__clkbuf_1)
     1    0.01                           _0_ (net)
                  0.05    0.00    2.81 v _6_/D (sky130_fd_sc_hd__dfxtp_2)
                                  2.81   data arrival time

                          0.00    0.00   clock clk (rise edge)
                          0.00    0.00   clock source latency
                  0.22    0.16    0.16 ^ clk (in)
     1    0.05                           clk (net)
                  0.22    0.00    0.16 ^ clkbuf_0_clk/A (sky130_fd_sc_hd__clkbuf_16)
                  0.05    0.20    0.36 ^ clkbuf_0_clk/X (sky130_fd_sc_hd__clkbuf_16)
     2    0.03                           clknet_0_clk (net)
                  0.05    0.00    0.37 ^ clkbuf_1_0__f_clk/A (sky130_fd_sc_hd__clkbuf_16)
                  0.05    0.14    0.51 ^ clkbuf_1_0__f_clk/X (sky130_fd_sc_hd__clkbuf_16)
     2    0.03                           clknet_1_0__leaf_clk (net)
                  0.05    0.00    0.51 ^ _6_/CLK (sky130_fd_sc_hd__dfxtp_2)
                          0.25    0.76   clock uncertainty
                          0.00    0.76   clock reconvergence pessimism
                         -0.05    0.71   library hold time
                                  0.71   data required time
-----------------------------------------------------------------------------
                                  0.71   data required time
                                 -2.81   data arrival time
-----------------------------------------------------------------------------
                                  2.10   slack (MET)


Startpoint: _6_ (rising edge-triggered flip-flop clocked by clk)
Endpoint: out2 (output port clocked by clk)
Path Group: clk
Path Type: min
Corner: tt

Fanout     Cap    Slew   Delay    Time   Description
-----------------------------------------------------------------------------
                          0.00    0.00   clock clk (rise edge)
                          0.00    0.00   clock source latency
                  0.22    0.15    0.15 ^ clk (in)
     1    0.05                           clk (net)
                  0.22    0.00    0.15 ^ clkbuf_0_clk/A (sky130_fd_sc_hd__clkbuf_16)
                  0.05    0.18    0.33 ^ clkbuf_0_clk/X (sky130_fd_sc_hd__clkbuf_16)
     2    0.03                           clknet_0_clk (net)
                  0.05    0.00    0.33 ^ clkbuf_1_0__f_clk/A (sky130_fd_sc_hd__clkbuf_16)
                  0.05    0.13    0.46 ^ clkbuf_1_0__f_clk/X (sky130_fd_sc_hd__clkbuf_16)
     2    0.03                           clknet_1_0__leaf_clk (net)
                  0.05    0.00    0.46 ^ _6_/CLK (sky130_fd_sc_hd__dfxtp_2)
                  0.07    0.33    0.79 v _6_/Q (sky130_fd_sc_hd__dfxtp_2)
     2    0.03                           net7 (net)
                  0.07    0.00    0.80 v output7/A (sky130_fd_sc_hd__buf_2)
                  0.09    0.18    0.98 v output7/X (sky130_fd_sc_hd__buf_2)
     1    0.03                           out2 (net)
                  0.09    0.00    0.98 v out2 (out)
                                  0.98   data arrival time

                          0.00    0.00   clock clk (rise edge)
                          0.00    0.00   clock network delay (propagated)
                          0.25    0.25   clock uncertainty
                          0.00    0.25   clock reconvergence pessimism
                         -2.00   -1.75   output external delay
                                 -1.75   data required time
-----------------------------------------------------------------------------
                                 -1.75   data required time
                                 -0.98   data arrival time
-----------------------------------------------------------------------------
                                  2.73   slack (MET)



======================= Fastest Corner ===================================

Startpoint: reset (input port clocked by clk)
Endpoint: _6_ (rising edge-triggered flip-flop clocked by clk)
Path Group: clk
Path Type: min
Corner: ff

Fanout     Cap    Slew   Delay    Time   Description
-----------------------------------------------------------------------------
                          0.00    0.00   clock clk (rise edge)
                          0.00    0.00   clock network delay (propagated)
                          2.00    2.00 ^ input external delay
                  0.01    0.01    2.01 ^ reset (in)
     1    0.00                           reset (net)
                  0.01    0.00    2.01 ^ input2/A (sky130_fd_sc_hd__clkbuf_4)
                  0.11    0.13    2.14 ^ input2/X (sky130_fd_sc_hd__clkbuf_4)
    12    0.05                           net2 (net)
                  0.11    0.01    2.14 ^ _3_/A_N (sky130_fd_sc_hd__and3b_1)
                  0.07    0.15    2.29 v _3_/X (sky130_fd_sc_hd__and3b_1)
     2    0.02                           _1_ (net)
                  0.07    0.00    2.29 v _4_/C (sky130_fd_sc_hd__and3_4)
                  0.05    0.16    2.45 v _4_/X (sky130_fd_sc_hd__and3_4)
     1    0.04                           _2_ (net)
                  0.06    0.01    2.46 v _5_/A (sky130_fd_sc_hd__clkbuf_1)
                  0.03    0.07    2.53 v _5_/X (sky130_fd_sc_hd__clkbuf_1)
     1    0.01                           _0_ (net)
                  0.03    0.00    2.53 v _6_/D (sky130_fd_sc_hd__dfxtp_2)
                                  2.53   data arrival time

                          0.00    0.00   clock clk (rise edge)
                          0.00    0.00   clock source latency
                  0.16    0.12    0.12 ^ clk (in)
     1    0.05                           clk (net)
                  0.16    0.00    0.12 ^ clkbuf_0_clk/A (sky130_fd_sc_hd__clkbuf_16)
                  0.04    0.13    0.25 ^ clkbuf_0_clk/X (sky130_fd_sc_hd__clkbuf_16)
     2    0.03                           clknet_0_clk (net)
                  0.04    0.00    0.25 ^ clkbuf_1_0__f_clk/A (sky130_fd_sc_hd__clkbuf_16)
                  0.03    0.10    0.35 ^ clkbuf_1_0__f_clk/X (sky130_fd_sc_hd__clkbuf_16)
     2    0.03                           clknet_1_0__leaf_clk (net)
                  0.04    0.00    0.35 ^ _6_/CLK (sky130_fd_sc_hd__dfxtp_2)
                          0.25    0.60   clock uncertainty
                          0.00    0.60   clock reconvergence pessimism
                         -0.03    0.57   library hold time
                                  0.57   data required time
-----------------------------------------------------------------------------
                                  0.57   data required time
                                 -2.53   data arrival time
-----------------------------------------------------------------------------
                                  1.97   slack (MET)


Startpoint: _6_ (rising edge-triggered flip-flop clocked by clk)
Endpoint: out2 (output port clocked by clk)
Path Group: clk
Path Type: min
Corner: ff

Fanout     Cap    Slew   Delay    Time   Description
-----------------------------------------------------------------------------
                          0.00    0.00   clock clk (rise edge)
                          0.00    0.00   clock source latency
                  0.16    0.11    0.11 ^ clk (in)
     1    0.05                           clk (net)
                  0.16    0.00    0.11 ^ clkbuf_0_clk/A (sky130_fd_sc_hd__clkbuf_16)
                  0.04    0.12    0.23 ^ clkbuf_0_clk/X (sky130_fd_sc_hd__clkbuf_16)
     2    0.03                           clknet_0_clk (net)
                  0.04    0.00    0.23 ^ clkbuf_1_0__f_clk/A (sky130_fd_sc_hd__clkbuf_16)
                  0.03    0.09    0.32 ^ clkbuf_1_0__f_clk/X (sky130_fd_sc_hd__clkbuf_16)
     2    0.03                           clknet_1_0__leaf_clk (net)
                  0.04    0.00    0.32 ^ _6_/CLK (sky130_fd_sc_hd__dfxtp_2)
                  0.05    0.22    0.53 v _6_/Q (sky130_fd_sc_hd__dfxtp_2)
     2    0.03                           net7 (net)
                  0.05    0.00    0.54 v output7/A (sky130_fd_sc_hd__buf_2)
                  0.06    0.12    0.66 v output7/X (sky130_fd_sc_hd__buf_2)
     1    0.03                           out2 (net)
                  0.06    0.00    0.66 v out2 (out)
                                  0.66   data arrival time

                          0.00    0.00   clock clk (rise edge)
                          0.00    0.00   clock network delay (propagated)
                          0.25    0.25   clock uncertainty
                          0.00    0.25   clock reconvergence pessimism
                         -2.00   -1.75   output external delay
                                 -1.75   data required time
-----------------------------------------------------------------------------
                                 -1.75   data required time
                                 -0.66   data arrival time
-----------------------------------------------------------------------------
                                  2.41   slack (MET)


