
===========================================================================
 report_check_types -max_slew -max_cap -max_fanout -violators
============================================================================

======================= Slowest Corner ===================================

max fanout

Pin                                   Limit Fanout  Slack
---------------------------------------------------------
input2/X                                  5     12     -7 (VIOLATED)


======================= Typical Corner ===================================

max fanout

Pin                                   Limit Fanout  Slack
---------------------------------------------------------
input2/X                                  5     12     -7 (VIOLATED)


======================= Fastest Corner ===================================

max fanout

Pin                                   Limit Fanout  Slack
---------------------------------------------------------
input2/X                                  5     12     -7 (VIOLATED)


===========================================================================
max slew violation count 0
max fanout violation count 1
max cap violation count 0
============================================================================
