
===========================================================================
 report_power
============================================================================


======================= Slowest Corner =================================

Group                  Internal  Switching    Leakage      Total
                          Power      Power      Power      Power (Watts)
----------------------------------------------------------------
Sequential             3.17e-06   1.05e-07   1.54e-08   3.29e-06   5.1%
Combinational          4.25e-05   1.88e-05   1.29e-07   6.14e-05  94.9%
Macro                  0.00e+00   0.00e+00   0.00e+00   0.00e+00   0.0%
Pad                    0.00e+00   0.00e+00   0.00e+00   0.00e+00   0.0%
----------------------------------------------------------------
Total                  4.57e-05   1.89e-05   1.44e-07   6.47e-05 100.0%
                          70.6%      29.2%       0.2%

======================= Typical Corner ===================================

Group                  Internal  Switching    Leakage      Total
                          Power      Power      Power      Power (Watts)
----------------------------------------------------------------
Sequential             4.08e-06   1.33e-07   8.44e-12   4.21e-06   5.2%
Combinational          5.23e-05   2.38e-05   1.13e-08   7.61e-05  94.8%
Macro                  0.00e+00   0.00e+00   0.00e+00   0.00e+00   0.0%
Pad                    0.00e+00   0.00e+00   0.00e+00   0.00e+00   0.0%
----------------------------------------------------------------
Total                  5.63e-05   2.40e-05   1.13e-08   8.03e-05 100.0%
                          70.1%      29.8%       0.0%


======================= Fastest Corner =================================

Group                  Internal  Switching    Leakage      Total
                          Power      Power      Power      Power (Watts)
----------------------------------------------------------------
Sequential             4.74e-06   1.56e-07   1.76e-11   4.90e-06   5.3%
Combinational          6.00e-05   2.80e-05   1.15e-08   8.80e-05  94.7%
Macro                  0.00e+00   0.00e+00   0.00e+00   0.00e+00   0.0%
Pad                    0.00e+00   0.00e+00   0.00e+00   0.00e+00   0.0%
----------------------------------------------------------------
Total                  6.47e-05   2.82e-05   1.15e-08   9.29e-05 100.0%
                          69.6%      30.3%       0.0%
