
===========================================================================
report_checks -unconstrained
============================================================================
Startpoint: reset (input port clocked by clk)
Endpoint: _6_ (rising edge-triggered flip-flop clocked by clk)
Path Group: clk
Path Type: max

Fanout     Cap    Slew   Delay    Time   Description
-----------------------------------------------------------------------------
                  0.15    0.00    0.00   clock clk (rise edge)
                          0.00    0.00   clock network delay (ideal)
                          2.00    2.00 v input external delay
                  0.01    0.01    2.01 v reset (in)
     1    0.01                           reset (net)
                  0.01    0.00    2.01 v input2/A (sky130_fd_sc_hd__buf_6)
                  0.07    0.15    2.16 v input2/X (sky130_fd_sc_hd__buf_6)
     3    0.07                           net2 (net)
                  0.08    0.02    2.17 v _3_/A_N (sky130_fd_sc_hd__and3b_1)
                  0.05    0.23    2.40 ^ _3_/X (sky130_fd_sc_hd__and3b_1)
     1    0.00                           _1_ (net)
                  0.05    0.00    2.40 ^ _4_/C (sky130_fd_sc_hd__and3_4)
                  0.15    0.28    2.68 ^ _4_/X (sky130_fd_sc_hd__and3_4)
     1    0.05                           _2_ (net)
                  0.15    0.01    2.69 ^ _5_/A (sky130_fd_sc_hd__clkbuf_2)
                  0.09    0.18    2.88 ^ _5_/X (sky130_fd_sc_hd__clkbuf_2)
     1    0.02                           _0_ (net)
                  0.09    0.00    2.88 ^ _6_/D (sky130_fd_sc_hd__dfxtp_2)
                                  2.88   data arrival time

                  0.15   10.00   10.00   clock clk (rise edge)
                          0.00   10.00   clock network delay (ideal)
                         -0.25    9.75   clock uncertainty
                          0.00    9.75   clock reconvergence pessimism
                                  9.75 ^ _6_/CLK (sky130_fd_sc_hd__dfxtp_2)
                         -0.05    9.70   library setup time
                                  9.70   data required time
-----------------------------------------------------------------------------
                                  9.70   data required time
                                 -2.88   data arrival time
-----------------------------------------------------------------------------
                                  6.82   slack (MET)



===========================================================================
report_checks --slack_max -0.01
============================================================================
No paths found.
