
===========================================================================
report_checks -path_delay min (Hold)
============================================================================
Startpoint: _6_ (rising edge-triggered flip-flop clocked by clk)
Endpoint: out2 (output port clocked by clk)
Path Group: clk
Path Type: min

Fanout     Cap    Slew   Delay    Time   Description
-----------------------------------------------------------------------------
                  0.15    0.00    0.00   clock clk (rise edge)
                          0.00    0.00   clock network delay (ideal)
                  0.15    0.00    0.00 ^ _6_/CLK (sky130_fd_sc_hd__dfxtp_2)
                  0.10    0.39    0.39 v _6_/Q (sky130_fd_sc_hd__dfxtp_2)
     1    0.04                           net7 (net)
                  0.10    0.01    0.40 v output7/A (sky130_fd_sc_hd__buf_2)
                  0.09    0.19    0.59 v output7/X (sky130_fd_sc_hd__buf_2)
     1    0.03                           out2 (net)
                  0.09    0.00    0.59 v out2 (out)
                                  0.59   data arrival time

                  0.15    0.00    0.00   clock clk (rise edge)
                          0.00    0.00   clock network delay (ideal)
                          0.25    0.25   clock uncertainty
                          0.00    0.25   clock reconvergence pessimism
                         -2.00   -1.75   output external delay
                                 -1.75   data required time
-----------------------------------------------------------------------------
                                 -1.75   data required time
                                 -0.59   data arrival time
-----------------------------------------------------------------------------
                                  2.34   slack (MET)


Startpoint: reset (input port clocked by clk)
Endpoint: _6_ (rising edge-triggered flip-flop clocked by clk)
Path Group: clk
Path Type: min

Fanout     Cap    Slew   Delay    Time   Description
-----------------------------------------------------------------------------
                  0.15    0.00    0.00   clock clk (rise edge)
                          0.00    0.00   clock network delay (ideal)
                          2.00    2.00 ^ input external delay
                  0.03    0.02    2.02 ^ reset (in)
     1    0.01                           reset (net)
                  0.03    0.00    2.02 ^ input2/A (sky130_fd_sc_hd__buf_6)
                  0.14    0.15    2.17 ^ input2/X (sky130_fd_sc_hd__buf_6)
     3    0.07                           net2 (net)
                  0.14    0.02    2.18 ^ _3_/A_N (sky130_fd_sc_hd__and3b_1)
                  0.03    0.18    2.37 v _3_/X (sky130_fd_sc_hd__and3b_1)
     1    0.00                           _1_ (net)
                  0.03    0.00    2.37 v _4_/C (sky130_fd_sc_hd__and3_4)
                  0.08    0.21    2.58 v _4_/X (sky130_fd_sc_hd__and3_4)
     1    0.05                           _2_ (net)
                  0.08    0.01    2.59 v _5_/A (sky130_fd_sc_hd__clkbuf_2)
                  0.07    0.15    2.73 v _5_/X (sky130_fd_sc_hd__clkbuf_2)
     1    0.02                           _0_ (net)
                  0.07    0.00    2.74 v _6_/D (sky130_fd_sc_hd__dfxtp_2)
                                  2.74   data arrival time

                  0.15    0.00    0.00   clock clk (rise edge)
                          0.00    0.00   clock network delay (ideal)
                          0.25    0.25   clock uncertainty
                          0.00    0.25   clock reconvergence pessimism
                                  0.25 ^ _6_/CLK (sky130_fd_sc_hd__dfxtp_2)
                         -0.03    0.22   library hold time
                                  0.22   data required time
-----------------------------------------------------------------------------
                                  0.22   data required time
                                 -2.74   data arrival time
-----------------------------------------------------------------------------
                                  2.52   slack (MET)


