First Layout: /openlane/designs/core_cells/runs/SUN5/results/signoff/core_cells.gds
Second Layout: /openlane/designs/core_cells/runs/SUN5/results/signoff/core_cells.klayout.gds
Design Name: core_cells
Output GDS will be: /openlane/designs/core_cells/runs/SUN5/reports/signoff/core_cells.xor.xml
Reading /openlane/designs/core_cells/runs/SUN5/results/signoff/core_cells.gds ..
Reading /openlane/designs/core_cells/runs/SUN5/results/signoff/core_cells.klayout.gds ..
--- Running XOR for 122/16 ---
"input" in: xor.drc:38
    Polygons (raw): 19083 (flat)  27 (hierarchical)
    Elapsed: 0.000s  Memory: 375.00M
"input" in: xor.drc:38
    Polygons (raw): 38141 (flat)  49 (hierarchical)
    Elapsed: 0.000s  Memory: 375.00M
"^" in: xor.drc:38
    Polygons (raw): 0 (flat)  0 (hierarchical)
    Elapsed: 0.150s  Memory: 376.00M
XOR differences: 0
"output" in: xor.drc:40
    Polygons (raw): 0 (flat)  0 (hierarchical)
    Elapsed: 0.000s  Memory: 376.00M
--- Running XOR for 235/4 ---
"input" in: xor.drc:38
    Polygons (raw): 3 (flat)  2 (hierarchical)
    Elapsed: 0.000s  Memory: 376.00M
"input" in: xor.drc:38
    Polygons (raw): 3 (flat)  2 (hierarchical)
    Elapsed: 0.000s  Memory: 376.00M
"^" in: xor.drc:38
    Polygons (raw): 0 (flat)  0 (hierarchical)
    Elapsed: 0.020s  Memory: 376.00M
XOR differences: 0
"output" in: xor.drc:40
    Polygons (raw): 0 (flat)  0 (hierarchical)
    Elapsed: 0.000s  Memory: 376.00M
--- Running XOR for 236/0 ---
"input" in: xor.drc:38
    Polygons (raw): 16057 (flat)  22 (hierarchical)
    Elapsed: 0.000s  Memory: 376.00M
"input" in: xor.drc:38
    Polygons (raw): 32089 (flat)  39 (hierarchical)
    Elapsed: 0.000s  Memory: 376.00M
"^" in: xor.drc:38
    Polygons (raw): 0 (flat)  0 (hierarchical)
    Elapsed: 0.130s  Memory: 388.00M
XOR differences: 0
"output" in: xor.drc:40
    Polygons (raw): 0 (flat)  0 (hierarchical)
    Elapsed: 0.000s  Memory: 388.00M
--- Running XOR for 64/16 ---
"input" in: xor.drc:38
    Polygons (raw): 19083 (flat)  27 (hierarchical)
    Elapsed: 0.010s  Memory: 388.00M
"input" in: xor.drc:38
    Polygons (raw): 38141 (flat)  49 (hierarchical)
    Elapsed: 0.000s  Memory: 388.00M
"^" in: xor.drc:38
    Polygons (raw): 0 (flat)  0 (hierarchical)
    Elapsed: 0.140s  Memory: 388.00M
XOR differences: 0
"output" in: xor.drc:40
    Polygons (raw): 0 (flat)  0 (hierarchical)
    Elapsed: 0.000s  Memory: 388.00M
--- Running XOR for 64/20 ---
"input" in: xor.drc:38
    Polygons (raw): 22058 (flat)  25 (hierarchical)
    Elapsed: 0.000s  Memory: 388.00M
"input" in: xor.drc:38
    Polygons (raw): 44091 (flat)  45 (hierarchical)
    Elapsed: 0.010s  Memory: 388.00M
"^" in: xor.drc:38
    Polygons (raw): 0 (flat)  0 (hierarchical)
    Elapsed: 0.230s  Memory: 401.00M
XOR differences: 0
"output" in: xor.drc:40
    Polygons (raw): 0 (flat)  0 (hierarchical)
    Elapsed: 0.000s  Memory: 401.00M
--- Running XOR for 64/5 ---
"input" in: xor.drc:38
    Polygons (raw): 0 (flat)  0 (hierarchical)
    Elapsed: 0.000s  Memory: 401.00M
"input" in: xor.drc:38
    Polygons (raw): 0 (flat)  0 (hierarchical)
    Elapsed: 0.000s  Memory: 401.00M
"^" in: xor.drc:38
    Polygons (raw): 0 (flat)  0 (hierarchical)
    Elapsed: 0.040s  Memory: 401.00M
XOR differences: 0
"output" in: xor.drc:40
    Polygons (raw): 0 (flat)  0 (hierarchical)
    Elapsed: 0.000s  Memory: 401.00M
--- Running XOR for 64/59 ---
"input" in: xor.drc:38
    Polygons (raw): 0 (flat)  0 (hierarchical)
    Elapsed: 0.000s  Memory: 401.00M
"input" in: xor.drc:38
    Polygons (raw): 0 (flat)  0 (hierarchical)
    Elapsed: 0.000s  Memory: 401.00M
"^" in: xor.drc:38
    Polygons (raw): 0 (flat)  0 (hierarchical)
    Elapsed: 0.040s  Memory: 401.00M
XOR differences: 0
"output" in: xor.drc:40
    Polygons (raw): 0 (flat)  0 (hierarchical)
    Elapsed: 0.000s  Memory: 401.00M
--- Running XOR for 65/20 ---
"input" in: xor.drc:38
    Polygons (raw): 32137 (flat)  54 (hierarchical)
    Elapsed: 0.000s  Memory: 401.00M
"input" in: xor.drc:38
    Polygons (raw): 64243 (flat)  97 (hierarchical)
    Elapsed: 0.000s  Memory: 401.00M
"^" in: xor.drc:38
    Polygons (raw): 0 (flat)  0 (hierarchical)
    Elapsed: 0.180s  Memory: 401.00M
XOR differences: 0
"output" in: xor.drc:40
    Polygons (raw): 0 (flat)  0 (hierarchical)
    Elapsed: 0.000s  Memory: 401.00M
--- Running XOR for 65/44 ---
"input" in: xor.drc:38
    Polygons (raw): 5986 (flat)  2 (hierarchical)
    Elapsed: 0.000s  Memory: 401.00M
"input" in: xor.drc:38
    Polygons (raw): 11972 (flat)  4 (hierarchical)
    Elapsed: 0.000s  Memory: 401.00M
"^" in: xor.drc:38
    Polygons (raw): 0 (flat)  0 (hierarchical)
    Elapsed: 0.040s  Memory: 401.00M
XOR differences: 0
"output" in: xor.drc:40
    Polygons (raw): 0 (flat)  0 (hierarchical)
    Elapsed: 0.000s  Memory: 401.00M
--- Running XOR for 66/20 ---
"input" in: xor.drc:38
    Polygons (raw): 32219 (flat)  83 (hierarchical)
    Elapsed: 0.000s  Memory: 401.00M
"input" in: xor.drc:38
    Polygons (raw): 64425 (flat)  153 (hierarchical)
    Elapsed: 0.000s  Memory: 401.00M
"^" in: xor.drc:38
    Polygons (raw): 0 (flat)  0 (hierarchical)
    Elapsed: 0.290s  Memory: 401.00M
XOR differences: 0
"output" in: xor.drc:40
    Polygons (raw): 0 (flat)  0 (hierarchical)
    Elapsed: 0.000s  Memory: 401.00M
--- Running XOR for 66/44 ---
"input" in: xor.drc:38
    Polygons (raw): 120552 (flat)  495 (hierarchical)
    Elapsed: 0.000s  Memory: 401.00M
"input" in: xor.drc:38
    Polygons (raw): 240910 (flat)  876 (hierarchical)
    Elapsed: 0.000s  Memory: 401.00M
"^" in: xor.drc:38
    Polygons (raw): 0 (flat)  0 (hierarchical)
    Elapsed: 0.640s  Memory: 401.00M
XOR differences: 0
"output" in: xor.drc:40
    Polygons (raw): 0 (flat)  0 (hierarchical)
    Elapsed: 0.000s  Memory: 401.00M
--- Running XOR for 67/16 ---
"input" in: xor.drc:38
    Polygons (raw): 636 (flat)  119 (hierarchical)
    Elapsed: 0.000s  Memory: 401.00M
"input" in: xor.drc:38
    Polygons (raw): 991 (flat)  197 (hierarchical)
    Elapsed: 0.010s  Memory: 401.00M
"^" in: xor.drc:38
    Polygons (raw): 0 (flat)  0 (hierarchical)
    Elapsed: 0.010s  Memory: 401.00M
XOR differences: 0
"output" in: xor.drc:40
    Polygons (raw): 0 (flat)  0 (hierarchical)
    Elapsed: 0.000s  Memory: 401.00M
--- Running XOR for 67/20 ---
"input" in: xor.drc:38
    Polygons (raw): 98461 (flat)  271 (hierarchical)
    Elapsed: 0.000s  Memory: 401.00M
"input" in: xor.drc:38
    Polygons (raw): 196636 (flat)  335 (hierarchical)
    Elapsed: 0.000s  Memory: 401.00M
"^" in: xor.drc:38
    Polygons (raw): 0 (flat)  0 (hierarchical)
    Elapsed: 0.840s  Memory: 424.00M
XOR differences: 0
"output" in: xor.drc:40
    Polygons (raw): 0 (flat)  0 (hierarchical)
    Elapsed: 0.000s  Memory: 424.00M
--- Running XOR for 67/44 ---
"input" in: xor.drc:38
    Polygons (raw): 341860 (flat)  478 (hierarchical)
    Elapsed: 0.000s  Memory: 424.00M
"input" in: xor.drc:38
    Polygons (raw): 683374 (flat)  709 (hierarchical)
    Elapsed: 0.000s  Memory: 424.00M
"^" in: xor.drc:38
    Polygons (raw): 0 (flat)  0 (hierarchical)
    Elapsed: 1.630s  Memory: 424.00M
XOR differences: 0
"output" in: xor.drc:40
    Polygons (raw): 0 (flat)  0 (hierarchical)
    Elapsed: 0.000s  Memory: 424.00M
--- Running XOR for 67/5 ---
"input" in: xor.drc:38
    Polygons (raw): 0 (flat)  0 (hierarchical)
    Elapsed: 0.000s  Memory: 424.00M
"input" in: xor.drc:38
    Polygons (raw): 0 (flat)  0 (hierarchical)
    Elapsed: 0.000s  Memory: 424.00M
"^" in: xor.drc:38
    Polygons (raw): 0 (flat)  0 (hierarchical)
    Elapsed: 0.010s  Memory: 424.00M
XOR differences: 0
"output" in: xor.drc:40
    Polygons (raw): 0 (flat)  0 (hierarchical)
    Elapsed: 0.000s  Memory: 424.00M
--- Running XOR for 68/16 ---
"input" in: xor.drc:38
    Polygons (raw): 44128 (flat)  54 (hierarchical)
    Elapsed: 0.000s  Memory: 424.00M
"input" in: xor.drc:38
    Polygons (raw): 88206 (flat)  98 (hierarchical)
    Elapsed: 0.010s  Memory: 424.00M
"^" in: xor.drc:38
    Polygons (raw): 0 (flat)  0 (hierarchical)
    Elapsed: 0.280s  Memory: 424.00M
XOR differences: 0
"output" in: xor.drc:40
    Polygons (raw): 0 (flat)  0 (hierarchical)
    Elapsed: 0.000s  Memory: 424.00M
--- Running XOR for 68/20 ---
"input" in: xor.drc:38
    Polygons (raw): 45493 (flat)  1011 (hierarchical)
    Elapsed: 0.000s  Memory: 424.00M
"input" in: xor.drc:38
    Polygons (raw): 90054 (flat)  898 (hierarchical)
    Elapsed: 0.000s  Memory: 424.00M
"^" in: xor.drc:38
    Polygons (raw): 0 (flat)  0 (hierarchical)
    Elapsed: 0.390s  Memory: 462.00M
XOR differences: 0
"output" in: xor.drc:40
    Polygons (raw): 0 (flat)  0 (hierarchical)
    Elapsed: 0.010s  Memory: 462.00M
--- Running XOR for 68/44 ---
"input" in: xor.drc:38
    Polygons (raw): 7233 (flat)  6030 (hierarchical)
    Elapsed: 0.000s  Memory: 462.00M
"input" in: xor.drc:38
    Polygons (raw): 7233 (flat)  1217 (hierarchical)
    Elapsed: 0.000s  Memory: 462.00M
"^" in: xor.drc:38
    Polygons (raw): 0 (flat)  0 (hierarchical)
    Elapsed: 0.030s  Memory: 462.00M
XOR differences: 0
"output" in: xor.drc:40
    Polygons (raw): 0 (flat)  0 (hierarchical)
    Elapsed: 0.000s  Memory: 462.00M
--- Running XOR for 68/5 ---
"input" in: xor.drc:38
    Polygons (raw): 0 (flat)  0 (hierarchical)
    Elapsed: 0.010s  Memory: 462.00M
"input" in: xor.drc:38
    Polygons (raw): 0 (flat)  0 (hierarchical)
    Elapsed: 0.000s  Memory: 462.00M
"^" in: xor.drc:38
    Polygons (raw): 0 (flat)  0 (hierarchical)
    Elapsed: 0.040s  Memory: 462.00M
XOR differences: 0
"output" in: xor.drc:40
    Polygons (raw): 0 (flat)  0 (hierarchical)
    Elapsed: 0.000s  Memory: 462.00M
--- Running XOR for 69/16 ---
"input" in: xor.drc:38
    Polygons (raw): 12 (flat)  9 (hierarchical)
    Elapsed: 0.000s  Memory: 462.00M
"input" in: xor.drc:38
    Polygons (raw): 12 (flat)  9 (hierarchical)
    Elapsed: 0.000s  Memory: 462.00M
"^" in: xor.drc:38
    Polygons (raw): 0 (flat)  0 (hierarchical)
    Elapsed: 0.020s  Memory: 462.00M
XOR differences: 0
"output" in: xor.drc:40
    Polygons (raw): 0 (flat)  0 (hierarchical)
    Elapsed: 0.000s  Memory: 462.00M
--- Running XOR for 69/20 ---
"input" in: xor.drc:38
    Polygons (raw): 1398 (flat)  1027 (hierarchical)
    Elapsed: 0.000s  Memory: 462.00M
"input" in: xor.drc:38
    Polygons (raw): 2452 (flat)  958 (hierarchical)
    Elapsed: 0.000s  Memory: 462.00M
"^" in: xor.drc:38
    Polygons (raw): 6 (flat)  6 (hierarchical)
    Elapsed: 0.020s  Memory: 462.00M
XOR differences: 6
"output" in: xor.drc:40
    Polygons (raw): 6 (flat)  6 (hierarchical)
    Elapsed: 0.000s  Memory: 462.00M
--- Running XOR for 69/44 ---
"input" in: xor.drc:38
    Polygons (raw): 5527 (flat)  4627 (hierarchical)
    Elapsed: 0.000s  Memory: 462.00M
"input" in: xor.drc:38
    Polygons (raw): 5527 (flat)  911 (hierarchical)
    Elapsed: 0.000s  Memory: 462.00M
"^" in: xor.drc:38
    Polygons (raw): 0 (flat)  0 (hierarchical)
    Elapsed: 0.020s  Memory: 462.00M
XOR differences: 0
"output" in: xor.drc:40
    Polygons (raw): 0 (flat)  0 (hierarchical)
    Elapsed: 0.000s  Memory: 462.00M
--- Running XOR for 69/5 ---
"input" in: xor.drc:38
    Polygons (raw): 0 (flat)  0 (hierarchical)
    Elapsed: 0.000s  Memory: 462.00M
"input" in: xor.drc:38
    Polygons (raw): 0 (flat)  0 (hierarchical)
    Elapsed: 0.000s  Memory: 462.00M
"^" in: xor.drc:38
    Polygons (raw): 0 (flat)  0 (hierarchical)
    Elapsed: 0.000s  Memory: 462.00M
XOR differences: 0
"output" in: xor.drc:40
    Polygons (raw): 0 (flat)  0 (hierarchical)
    Elapsed: 0.000s  Memory: 462.00M
--- Running XOR for 70/16 ---
"input" in: xor.drc:38
    Polygons (raw): 10 (flat)  6 (hierarchical)
    Elapsed: 0.000s  Memory: 462.00M
"input" in: xor.drc:38
    Polygons (raw): 10 (flat)  6 (hierarchical)
    Elapsed: 0.000s  Memory: 462.00M
"^" in: xor.drc:38
    Polygons (raw): 0 (flat)  0 (hierarchical)
    Elapsed: 0.020s  Memory: 462.00M
XOR differences: 0
"output" in: xor.drc:40
    Polygons (raw): 0 (flat)  0 (hierarchical)
    Elapsed: 0.000s  Memory: 462.00M
--- Running XOR for 70/20 ---
"input" in: xor.drc:38
    Polygons (raw): 1088 (flat)  842 (hierarchical)
    Elapsed: 0.000s  Memory: 462.00M
"input" in: xor.drc:38
    Polygons (raw): 2129 (flat)  805 (hierarchical)
    Elapsed: 0.000s  Memory: 462.00M
"^" in: xor.drc:38
    Polygons (raw): 2 (flat)  2 (hierarchical)
    Elapsed: 0.020s  Memory: 462.00M
XOR differences: 2
"output" in: xor.drc:40
    Polygons (raw): 2 (flat)  2 (hierarchical)
    Elapsed: 0.010s  Memory: 462.00M
--- Running XOR for 70/44 ---
"input" in: xor.drc:38
    Polygons (raw): 5513 (flat)  4617 (hierarchical)
    Elapsed: 0.000s  Memory: 462.00M
"input" in: xor.drc:38
    Polygons (raw): 5513 (flat)  907 (hierarchical)
    Elapsed: 0.000s  Memory: 462.00M
"^" in: xor.drc:38
    Polygons (raw): 0 (flat)  0 (hierarchical)
    Elapsed: 0.020s  Memory: 462.00M
XOR differences: 0
"output" in: xor.drc:40
    Polygons (raw): 0 (flat)  0 (hierarchical)
    Elapsed: 0.010s  Memory: 462.00M
--- Running XOR for 70/5 ---
"input" in: xor.drc:38
    Polygons (raw): 0 (flat)  0 (hierarchical)
    Elapsed: 0.000s  Memory: 462.00M
"input" in: xor.drc:38
    Polygons (raw): 0 (flat)  0 (hierarchical)
    Elapsed: 0.000s  Memory: 462.00M
"^" in: xor.drc:38
    Polygons (raw): 0 (flat)  0 (hierarchical)
    Elapsed: 0.000s  Memory: 462.00M
XOR differences: 0
"output" in: xor.drc:40
    Polygons (raw): 0 (flat)  0 (hierarchical)
    Elapsed: 0.000s  Memory: 462.00M
--- Running XOR for 71/16 ---
"input" in: xor.drc:38
    Polygons (raw): 32 (flat)  24 (hierarchical)
    Elapsed: 0.000s  Memory: 462.00M
"input" in: xor.drc:38
    Polygons (raw): 32 (flat)  24 (hierarchical)
    Elapsed: 0.000s  Memory: 462.00M
"^" in: xor.drc:38
    Polygons (raw): 0 (flat)  0 (hierarchical)
    Elapsed: 0.010s  Memory: 462.00M
XOR differences: 0
"output" in: xor.drc:40
    Polygons (raw): 0 (flat)  0 (hierarchical)
    Elapsed: 0.000s  Memory: 462.00M
--- Running XOR for 71/20 ---
"input" in: xor.drc:38
    Polygons (raw): 61 (flat)  53 (hierarchical)
    Elapsed: 0.000s  Memory: 462.00M
"input" in: xor.drc:38
    Polygons (raw): 646 (flat)  33 (hierarchical)
    Elapsed: 0.000s  Memory: 462.00M
"^" in: xor.drc:38
    Polygons (raw): 0 (flat)  0 (hierarchical)
    Elapsed: 0.020s  Memory: 462.00M
XOR differences: 0
"output" in: xor.drc:40
    Polygons (raw): 0 (flat)  0 (hierarchical)
    Elapsed: 0.000s  Memory: 462.00M
--- Running XOR for 71/44 ---
"input" in: xor.drc:38
    Polygons (raw): 72 (flat)  72 (hierarchical)
    Elapsed: 0.000s  Memory: 462.00M
"input" in: xor.drc:38
    Polygons (raw): 72 (flat)  3 (hierarchical)
    Elapsed: 0.000s  Memory: 462.00M
"^" in: xor.drc:38
    Polygons (raw): 0 (flat)  0 (hierarchical)
    Elapsed: 0.010s  Memory: 462.00M
XOR differences: 0
"output" in: xor.drc:40
    Polygons (raw): 0 (flat)  0 (hierarchical)
    Elapsed: 0.000s  Memory: 462.00M
--- Running XOR for 71/5 ---
"input" in: xor.drc:38
    Polygons (raw): 0 (flat)  0 (hierarchical)
    Elapsed: 0.000s  Memory: 462.00M
"input" in: xor.drc:38
    Polygons (raw): 0 (flat)  0 (hierarchical)
    Elapsed: 0.000s  Memory: 462.00M
"^" in: xor.drc:38
    Polygons (raw): 0 (flat)  0 (hierarchical)
    Elapsed: 0.000s  Memory: 462.00M
XOR differences: 0
"output" in: xor.drc:40
    Polygons (raw): 0 (flat)  0 (hierarchical)
    Elapsed: 0.000s  Memory: 462.00M
--- Running XOR for 72/16 ---
"input" in: xor.drc:38
    Polygons (raw): 10 (flat)  10 (hierarchical)
    Elapsed: 0.000s  Memory: 462.00M
"input" in: xor.drc:38
    Polygons (raw): 10 (flat)  10 (hierarchical)
    Elapsed: 0.000s  Memory: 462.00M
"^" in: xor.drc:38
    Polygons (raw): 0 (flat)  0 (hierarchical)
    Elapsed: 0.010s  Memory: 462.00M
XOR differences: 0
"output" in: xor.drc:40
    Polygons (raw): 0 (flat)  0 (hierarchical)
    Elapsed: 0.010s  Memory: 462.00M
--- Running XOR for 72/20 ---
"input" in: xor.drc:38
    Polygons (raw): 13 (flat)  13 (hierarchical)
    Elapsed: 0.000s  Memory: 462.00M
"input" in: xor.drc:38
    Polygons (raw): 85 (flat)  16 (hierarchical)
    Elapsed: 0.000s  Memory: 462.00M
"^" in: xor.drc:38
    Polygons (raw): 0 (flat)  0 (hierarchical)
    Elapsed: 0.010s  Memory: 462.00M
XOR differences: 0
"output" in: xor.drc:40
    Polygons (raw): 0 (flat)  0 (hierarchical)
    Elapsed: 0.000s  Memory: 462.00M
--- Running XOR for 72/5 ---
"input" in: xor.drc:38
    Polygons (raw): 0 (flat)  0 (hierarchical)
    Elapsed: 0.000s  Memory: 462.00M
"input" in: xor.drc:38
    Polygons (raw): 0 (flat)  0 (hierarchical)
    Elapsed: 0.000s  Memory: 462.00M
"^" in: xor.drc:38
    Polygons (raw): 0 (flat)  0 (hierarchical)
    Elapsed: 0.000s  Memory: 462.00M
XOR differences: 0
"output" in: xor.drc:40
    Polygons (raw): 0 (flat)  0 (hierarchical)
    Elapsed: 0.000s  Memory: 462.00M
--- Running XOR for 78/44 ---
"input" in: xor.drc:38
    Polygons (raw): 22066 (flat)  27 (hierarchical)
    Elapsed: 0.000s  Memory: 462.00M
"input" in: xor.drc:38
    Polygons (raw): 44107 (flat)  49 (hierarchical)
    Elapsed: 0.000s  Memory: 462.00M
"^" in: xor.drc:38
    Polygons (raw): 0 (flat)  0 (hierarchical)
    Elapsed: 0.170s  Memory: 462.00M
XOR differences: 0
"output" in: xor.drc:40
    Polygons (raw): 0 (flat)  0 (hierarchical)
    Elapsed: 0.000s  Memory: 462.00M
--- Running XOR for 81/14 ---
"input" in: xor.drc:38
    Polygons (raw): 1 (flat)  1 (hierarchical)
    Elapsed: 0.000s  Memory: 462.00M
"input" in: xor.drc:38
    Polygons (raw): 0 (flat)  0 (hierarchical)
    Elapsed: 0.000s  Memory: 462.00M
"^" in: xor.drc:38
    Polygons (raw): 1 (flat)  1 (hierarchical)
    Elapsed: 0.000s  Memory: 462.00M
XOR differences: 1
"output" in: xor.drc:40
    Polygons (raw): 1 (flat)  1 (hierarchical)
    Elapsed: 0.000s  Memory: 462.00M
--- Running XOR for 81/23 ---
"input" in: xor.drc:38
    Polygons (raw): 21 (flat)  1 (hierarchical)
    Elapsed: 0.000s  Memory: 462.00M
"input" in: xor.drc:38
    Polygons (raw): 21 (flat)  1 (hierarchical)
    Elapsed: 0.000s  Memory: 462.00M
"^" in: xor.drc:38
    Polygons (raw): 0 (flat)  0 (hierarchical)
    Elapsed: 0.010s  Memory: 462.00M
XOR differences: 0
"output" in: xor.drc:40
    Polygons (raw): 0 (flat)  0 (hierarchical)
    Elapsed: 0.000s  Memory: 462.00M
--- Running XOR for 81/4 ---
"input" in: xor.drc:38
    Polygons (raw): 22058 (flat)  25 (hierarchical)
    Elapsed: 0.000s  Memory: 462.00M
"input" in: xor.drc:38
    Polygons (raw): 44091 (flat)  45 (hierarchical)
    Elapsed: 0.010s  Memory: 462.00M
"^" in: xor.drc:38
    Polygons (raw): 0 (flat)  0 (hierarchical)
    Elapsed: 0.170s  Memory: 462.00M
XOR differences: 0
"output" in: xor.drc:40
    Polygons (raw): 0 (flat)  0 (hierarchical)
    Elapsed: 0.000s  Memory: 462.00M
--- Running XOR for 83/44 ---
"input" in: xor.drc:38
    Polygons (raw): 0 (flat)  0 (hierarchical)
    Elapsed: 0.010s  Memory: 462.00M
"input" in: xor.drc:38
    Polygons (raw): 0 (flat)  0 (hierarchical)
    Elapsed: 0.000s  Memory: 462.00M
"^" in: xor.drc:38
    Polygons (raw): 0 (flat)  0 (hierarchical)
    Elapsed: 0.040s  Memory: 462.00M
XOR differences: 0
"output" in: xor.drc:40
    Polygons (raw): 0 (flat)  0 (hierarchical)
    Elapsed: 0.000s  Memory: 462.00M
--- Running XOR for 93/44 ---
"input" in: xor.drc:38
    Polygons (raw): 25051 (flat)  26 (hierarchical)
    Elapsed: 0.000s  Memory: 462.00M
"input" in: xor.drc:38
    Polygons (raw): 50077 (flat)  47 (hierarchical)
    Elapsed: 0.000s  Memory: 462.00M
"^" in: xor.drc:38
    Polygons (raw): 0 (flat)  0 (hierarchical)
    Elapsed: 0.210s  Memory: 462.00M
XOR differences: 0
"output" in: xor.drc:40
    Polygons (raw): 0 (flat)  0 (hierarchical)
    Elapsed: 0.010s  Memory: 462.00M
--- Running XOR for 94/20 ---
"input" in: xor.drc:38
    Polygons (raw): 25051 (flat)  26 (hierarchical)
    Elapsed: 0.000s  Memory: 462.00M
"input" in: xor.drc:38
    Polygons (raw): 50077 (flat)  47 (hierarchical)
    Elapsed: 0.000s  Memory: 462.00M
"^" in: xor.drc:38
    Polygons (raw): 0 (flat)  0 (hierarchical)
    Elapsed: 0.220s  Memory: 462.00M
XOR differences: 0
"output" in: xor.drc:40
    Polygons (raw): 0 (flat)  0 (hierarchical)
    Elapsed: 0.010s  Memory: 462.00M
--- Running XOR for 95/20 ---
"input" in: xor.drc:38
    Polygons (raw): 16039 (flat)  23 (hierarchical)
    Elapsed: 0.000s  Memory: 462.00M
"input" in: xor.drc:38
    Polygons (raw): 32073 (flat)  41 (hierarchical)
    Elapsed: 0.000s  Memory: 462.00M
"^" in: xor.drc:38
    Polygons (raw): 0 (flat)  0 (hierarchical)
    Elapsed: 0.140s  Memory: 462.00M
XOR differences: 0
"output" in: xor.drc:40
    Polygons (raw): 0 (flat)  0 (hierarchical)
    Elapsed: 0.000s  Memory: 462.00M
Writing report database: /openlane/designs/core_cells/runs/SUN5/reports/signoff/core_cells.xor.xml ..
Total elapsed: 6.560s  Memory: 462.00M
