OpenROAD 79a46b62da64bbebc18f06b20c42211046de719a 
This program is licensed under the BSD-3 license. See the LICENSE file for details.
Components of this program may be licensed under more restrictive licenses which must be honored.
[INFO ODB-0222] Reading LEF file: /openlane/designs/core_cells/runs/SUN5/tmp/merged.nom.lef
[INFO ODB-0223]     Created 13 technology layers
[INFO ODB-0224]     Created 25 technology vias
[INFO ODB-0225]     Created 442 library cells
[INFO ODB-0226] Finished LEF file:  /openlane/designs/core_cells/runs/SUN5/tmp/merged.nom.lef
[INFO ODB-0127] Reading DEF file: /openlane/designs/core_cells/runs/SUN5/results/routing/core_cells.def
[INFO ODB-0128] Design: core_cells
[INFO ODB-0130]     Created 10 pins.
[INFO ODB-0131]     Created 19706 components and 73470 component-terminals.
[INFO ODB-0132]     Created 2 special nets and 73402 connections.
[INFO ODB-0133]     Created 25 nets and 68 connections.
[INFO ODB-0134] Finished DEF file: /openlane/designs/core_cells/runs/SUN5/results/routing/core_cells.def
[INFO ODB-0222] Reading LEF file: /openlane/designs/core_cells/runs/SUN5/tmp/merged.nom.lef
[INFO ODB-0223]     Created 13 technology layers
[INFO ODB-0224]     Created 25 technology vias
[INFO ODB-0225]     Created 442 library cells
[INFO ODB-0226] Finished LEF file:  /openlane/designs/core_cells/runs/SUN5/tmp/merged.nom.lef
[INFO ODB-0127] Reading DEF file: /openlane/designs/core_cells/runs/SUN5/tmp/synthesis/pg_define.def
[INFO ODB-0128] Design: core_cells
[INFO ODB-0130]     Created 10 pins.
[INFO ODB-0131]     Created 6 components and 47 component-terminals.
[INFO ODB-0133]     Created 17 nets and 31 connections.
[INFO ODB-0134] Finished DEF file: /openlane/designs/core_cells/runs/SUN5/tmp/synthesis/pg_define.def
Top-level design name: core_cells
Default power net:  vccd1
Default ground net: vssd1
Found a total of 1 power ports.
Found a total of 1 ground ports.
Modified power connections of 19706 cells (Remaining: 0 ).
STDOUT:
OpenROAD 79a46b62da64bbebc18f06b20c42211046de719a 
This program is licensed under the BSD-3 license. See the LICENSE file for details.
Components of this program may be licensed under more restrictive licenses which must be honored.
warning: `//.tclsh-history' is not writable.
[?1034hopenroad> read_lef /openlane/designs/core_cells/runs/SUN5/tmp/merged.nom.lef
[INFO ODB-0222] Reading LEF file: /openlane/designs/core_cells/runs/SUN5/tmp/merged.nom.lef
[INFO ODB-0223]     Created 13 technology layers
[INFO ODB-0224]     Created 25 technology vias
[INFO ODB-0225]     Created 442 library cells
[INFO ODB-0226] Finished LEF file:  /openlane/designs/core_cells/runs/SUN5/tmp/merged.nom.lef
openroad> read_verilog /openlane/designs/core_cells/runs/SUN5/tmp/synthesis/pg_d 
efine.v
openroad> link_design core_cells
[WARNING ORD-1011] LEF master sky130_fd_sc_hd__and3b_2 has no liberty cell.
[WARNING ORD-1011] LEF master sky130_fd_sc_hd__and3_2 has no liberty cell.
[WARNING ORD-1011] LEF master sky130_fd_sc_hd__buf_1 has no liberty cell.
[WARNING ORD-1011] LEF master sky130_fd_sc_hd__dfxtp_2 has no liberty cell.
[WARNING ORD-1011] LEF master counter has no liberty cell.
openroad> write_def /openlane/designs/core_cells/runs/SUN5/tmp/synthesis/pg_defi 
ne.def
openroad> exit
unable to write history to `//.tclsh-history'
STDERR:

openroad exit code: 0
Successfully created a new database
Modified connections between vccd1 and c2
Modified connections between vccd1 and c1
Modified connections between vssd1 and c2
Modified connections between vssd1 and c1
