
===========================================================================
report_checks -path_delay max (Setup)
============================================================================
Startpoint: _6_ (rising edge-triggered flip-flop clocked by clk)
Endpoint: out2 (output port clocked by clk)
Path Group: clk
Path Type: max

Fanout     Cap    Slew   Delay    Time   Description
-----------------------------------------------------------------------------
                          0.00    0.00   clock clk (rise edge)
                          0.00    0.00   clock source latency
                  0.22    0.17    0.17 ^ clk (in)
     1    0.05                           clk (net)
                  0.22    0.00    0.17 ^ clkbuf_0_clk/A (sky130_fd_sc_hd__clkbuf_16)
                  0.05    0.20    0.37 ^ clkbuf_0_clk/X (sky130_fd_sc_hd__clkbuf_16)
     2    0.03                           clknet_0_clk (net)
                  0.05    0.00    0.37 ^ clkbuf_1_0__f_clk/A (sky130_fd_sc_hd__clkbuf_16)
                  0.05    0.14    0.51 ^ clkbuf_1_0__f_clk/X (sky130_fd_sc_hd__clkbuf_16)
     2    0.02                           clknet_1_0__leaf_clk (net)
                  0.05    0.00    0.51 ^ _6_/CLK (sky130_fd_sc_hd__dfxtp_2)
                  0.14    0.41    0.92 ^ _6_/Q (sky130_fd_sc_hd__dfxtp_2)
     1    0.03                           net7 (net)
                  0.14    0.00    0.92 ^ output7/A (sky130_fd_sc_hd__buf_2)
                  0.17    0.24    1.16 ^ output7/X (sky130_fd_sc_hd__buf_2)
     1    0.03                           out2 (net)
                  0.17    0.00    1.16 ^ out2 (out)
                                  1.16   data arrival time

                         10.00   10.00   clock clk (rise edge)
                          0.00   10.00   clock network delay (propagated)
                         -0.25    9.75   clock uncertainty
                          0.00    9.75   clock reconvergence pessimism
                         -2.00    7.75   output external delay
                                  7.75   data required time
-----------------------------------------------------------------------------
                                  7.75   data required time
                                 -1.16   data arrival time
-----------------------------------------------------------------------------
                                  6.59   slack (MET)


Startpoint: reset (input port clocked by clk)
Endpoint: _6_ (rising edge-triggered flip-flop clocked by clk)
Path Group: clk
Path Type: max

Fanout     Cap    Slew   Delay    Time   Description
-----------------------------------------------------------------------------
                          0.00    0.00   clock clk (rise edge)
                          0.00    0.00   clock network delay (propagated)
                          2.00    2.00 v input external delay
                  0.01    0.00    2.00 v reset (in)
     1    0.00                           reset (net)
                  0.01    0.00    2.00 v input2/A (sky130_fd_sc_hd__clkbuf_4)
                  0.09    0.18    2.18 v input2/X (sky130_fd_sc_hd__clkbuf_4)
     3    0.04                           net2 (net)
                  0.09    0.00    2.19 v _3_/A_N (sky130_fd_sc_hd__and3b_1)
                  0.18    0.34    2.52 ^ _3_/X (sky130_fd_sc_hd__and3b_1)
     1    0.02                           _1_ (net)
                  0.18    0.00    2.52 ^ _4_/C (sky130_fd_sc_hd__and3_4)
                  0.15    0.31    2.83 ^ _4_/X (sky130_fd_sc_hd__and3_4)
     1    0.04                           _2_ (net)
                  0.15    0.01    2.84 ^ _5_/A (sky130_fd_sc_hd__clkbuf_1)
                  0.08    0.14    2.99 ^ _5_/X (sky130_fd_sc_hd__clkbuf_1)
     1    0.01                           _0_ (net)
                  0.08    0.00    2.99 ^ _6_/D (sky130_fd_sc_hd__dfxtp_2)
                                  2.99   data arrival time

                         10.00   10.00   clock clk (rise edge)
                          0.00   10.00   clock source latency
                  0.22    0.15   10.15 ^ clk (in)
     1    0.05                           clk (net)
                  0.22    0.00   10.15 ^ clkbuf_0_clk/A (sky130_fd_sc_hd__clkbuf_16)
                  0.05    0.18   10.33 ^ clkbuf_0_clk/X (sky130_fd_sc_hd__clkbuf_16)
     2    0.03                           clknet_0_clk (net)
                  0.05    0.00   10.33 ^ clkbuf_1_0__f_clk/A (sky130_fd_sc_hd__clkbuf_16)
                  0.05    0.13   10.46 ^ clkbuf_1_0__f_clk/X (sky130_fd_sc_hd__clkbuf_16)
     2    0.02                           clknet_1_0__leaf_clk (net)
                  0.05    0.00   10.46 ^ _6_/CLK (sky130_fd_sc_hd__dfxtp_2)
                         -0.25   10.21   clock uncertainty
                          0.00   10.21   clock reconvergence pessimism
                         -0.07   10.14   library setup time
                                 10.14   data required time
-----------------------------------------------------------------------------
                                 10.14   data required time
                                 -2.99   data arrival time
-----------------------------------------------------------------------------
                                  7.16   slack (MET)


